 
****************************************
Report : timing
        -path full
        -delay max
        -max_paths 1
Design : fp_multiplier
Version: S-2021.06-SP1
Date   : Thu Nov 16 11:24:32 2023
****************************************

Operating Conditions: typical   Library: NangateOpenCellLibrary
Wire Load Model Mode: top

  Startpoint: a_operand[3]
              (input port clocked by clk)
  Endpoint: result[18] (output port clocked by clk)
  Path Group: clk
  Path Type: max

  Des/Clust/Port     Wire Load Model       Library
  ------------------------------------------------
  fp_multiplier      5K_hvratio_1_1        NangateOpenCellLibrary

  Point                                    Incr       Path
  -----------------------------------------------------------
  clock clk (rise edge)                   0.000      0.000
  clock network delay (ideal)             0.000      0.000
  input external delay                    0.000      0.000 r
  a_operand[3] (in)                       0.000      0.000 r
  U193/ZN (NOR2_X1)                       0.025      0.025 f
  U195/ZN (OAI21_X1)                      0.055      0.080 r
  U199/ZN (AOI21_X1)                      0.042      0.123 f
  U211/ZN (OAI21_X1)                      0.070      0.193 r
  U167/ZN (INV_X1)                        0.040      0.233 f
  U226/ZN (OAI21_X1)                      0.052      0.285 r
  U230/ZN (XNOR2_X1)                      0.068      0.353 r
  U115/Z (BUF_X2)                         0.050      0.404 r
  U135/ZN (AND4_X1)                       0.068      0.472 r
  U120/ZN (AND4_X1)                       0.065      0.537 r
  U125/ZN (AND3_X1)                       0.054      0.591 r
  U402/ZN (XNOR2_X1)                      0.067      0.657 r
  U412/ZN (OAI22_X1)                      0.038      0.695 f
  result[18] (out)                        0.002      0.697 f
  data arrival time                                  0.697

  clock clk (rise edge)                   0.000      0.000
  clock network delay (ideal)             0.000      0.000
  output external delay                   0.000      0.000
  data required time                                 0.000
  -----------------------------------------------------------
  data required time                                 0.000
  data arrival time                                 -0.697
  -----------------------------------------------------------
  slack (VIOLATED)                                  -0.697


1
