Information: Updating design information... (UID-85)
 
****************************************
Report : qor
Design : fp_multiplier
Version: S-2021.06-SP1
Date   : Thu Nov 16 11:24:32 2023
****************************************


  Timing Path Group 'clk'
  -----------------------------------
  Levels of Logic:              13.00
  Critical Path Length:          0.70
  Critical Path Slack:          -0.70
  Critical Path Clk Period:      0.00
  Total Negative Slack:        -20.83
  No. of Violating Paths:       35.00
  Worst Hold Violation:          0.00
  Total Hold Violation:          0.00
  No. of Hold Violations:        0.00
  -----------------------------------


  Cell Count
  -----------------------------------
  Hierarchical Cell Count:          0
  Hierarchical Port Count:          0
  Leaf Cell Count:                423
  Buf/Inv Cell Count:              76
  Buf Cell Count:                  15
  Inv Cell Count:                  61
  CT Buf/Inv Cell Count:            0
  Combinational Cell Count:       423
  Sequential Cell Count:            0
  Macro Count:                      0
  -----------------------------------


  Area
  -----------------------------------
  Combinational Area:      417.619998
  Noncombinational Area:     0.000000
  Buf/Inv Area:             44.954000
  Total Buffer Area:            12.50
  Total Inverter Area:          32.45
  Macro/Black Box Area:      0.000000
  Net Area:                  0.000000
  -----------------------------------
  Cell Area:               417.619998
  Design Area:             417.619998


  Design Rules
  -----------------------------------
  Total Number of Nets:           483
  Nets With Violations:             0
  Max Trans Violations:             0
  Max Cap Violations:               0
  -----------------------------------


  Hostname: i80r7node7

  Compile CPU Statistics
  -----------------------------------------
  Resource Sharing:                    0.13
  Logic Optimization:                  3.03
  Mapping Optimization:                5.81
  -----------------------------------------
  Overall Compile Time:               10.98
  Overall Compile Wall Clock Time:    11.27

  --------------------------------------------------------------------

  Design  WNS: 0.70  TNS: 20.83  Number of Violating Paths: 35


  Design (Hold)  WNS: 0.00  TNS: 0.00  Number of Violating Paths: 0

  --------------------------------------------------------------------


1
