 
****************************************
Report : area
Design : mitchell_multiplier
Version: T-2022.03-SP5
Date   : Wed Jun  5 14:48:29 2024
****************************************

Library(s) Used:

    NangateOpenCellLibrary (File: /home/balaskas/libs/nangate45/db/nangate45.db)

Number of ports:                           96
Number of nets:                          1391
Number of cells:                         1343
Number of combinational cells:           1343
Number of sequential cells:                 0
Number of macros/black boxes:               0
Number of buf/inv:                        229
Number of references:                      40

Combinational area:               1308.720001
Buf/Inv area:                      139.384000
Noncombinational area:               0.000000
Macro/Black Box area:                0.000000
Net Interconnect area:      undefined  (Wire load has zero net area)

Total cell area:                  1308.720001
Total area:                 undefined

Hierarchical area distribution
------------------------------

                                  Global cell area          Local cell area
                                  ------------------  ---------------------------- 
Hierarchical cell                 Absolute   Percent  Combi-     Noncombi-  Black-
                                  Total      Total    national   national   boxes   Design
--------------------------------  ---------  -------  ---------  ---------  ------  ---------
mitchell_multiplier               1308.7200    100.0  1308.7200     0.0000  0.0000  mitchell_multiplier
--------------------------------  ---------  -------  ---------  ---------  ------  ---------
Total                                                 1308.7200     0.0000  0.0000

1
