 
****************************************
Report : timing
        -path full
        -delay max
        -max_paths 1
Design : fp_multiplier
Version: S-2021.06-SP1
Date   : Thu Nov 16 11:33:09 2023
****************************************

Operating Conditions: typical   Library: NangateOpenCellLibrary
Wire Load Model Mode: top

  Startpoint: a_operand[27]
              (input port clocked by clk)
  Endpoint: result[16] (output port clocked by clk)
  Path Group: clk
  Path Type: max

  Des/Clust/Port     Wire Load Model       Library
  ------------------------------------------------
  fp_multiplier      5K_hvratio_1_1        NangateOpenCellLibrary

  Point                                    Incr       Path
  -----------------------------------------------------------
  clock clk (rise edge)                   0.000      0.000
  clock network delay (ideal)             0.000      0.000
  input external delay                    0.000      0.000 r
  a_operand[27] (in)                      0.000      0.000 r
  U159/ZN (OR2_X1)                        0.035      0.035 r
  U178/ZN (NAND2_X1)                      0.032      0.067 f
  U189/ZN (NOR2_X1)                       0.043      0.110 r
  U134/ZN (AND2_X1)                       0.053      0.163 r
  U133/ZN (NAND2_X1)                      0.041      0.204 f
  U127/ZN (AND4_X2)                       0.054      0.257 f
  U280/ZN (OR3_X2)                        0.107      0.365 f
  U327/ZN (OAI21_X1)                      0.053      0.418 r
  result[16] (out)                        0.002      0.420 r
  data arrival time                                  0.420

  clock clk (rise edge)                   0.000      0.000
  clock network delay (ideal)             0.000      0.000
  output external delay                   0.000      0.000
  data required time                                 0.000
  -----------------------------------------------------------
  data required time                                 0.000
  data arrival time                                 -0.420
  -----------------------------------------------------------
  slack (VIOLATED)                                  -0.420


1
