 
****************************************
Report : area
Design : fp_multiplier
Version: S-2021.06-SP1
Date   : Thu Nov 16 11:33:09 2023
****************************************

Library(s) Used:

    NangateOpenCellLibrary (File: /home/balkon00/eda/libs/nangate45/db/nangate45.db)

Number of ports:                           99
Number of nets:                           249
Number of cells:                          215
Number of combinational cells:            214
Number of sequential cells:                 0
Number of macros/black boxes:               0
Number of buf/inv:                         36
Number of references:                      20

Combinational area:                209.873999
Buf/Inv area:                       20.482000
Noncombinational area:               0.000000
Macro/Black Box area:                0.000000
Net Interconnect area:      undefined  (Wire load has zero net area)

Total cell area:                   209.873999
Total area:                 undefined
1
