 
****************************************
Report : timing
        -path full
        -delay max
        -max_paths 1
Design : MBM_multiplier
Version: S-2021.06-SP1
Date   : Thu Nov 16 10:48:11 2023
****************************************

Operating Conditions: typical   Library: NangateOpenCellLibrary
Wire Load Model Mode: top

  Startpoint: operand_a[13]
              (input port clocked by clk)
  Endpoint: product[43]
            (output port clocked by clk)
  Path Group: clk
  Path Type: max

  Des/Clust/Port     Wire Load Model       Library
  ------------------------------------------------
  MBM_multiplier     5K_hvratio_1_1        NangateOpenCellLibrary

  Point                                    Incr       Path
  -----------------------------------------------------------
  clock clk (rise edge)                   0.000      0.000
  clock network delay (ideal)             0.000      0.000
  input external delay                    0.000      0.000 f
  operand_a[13] (in)                      0.000      0.000 f
  U59/ZN (OR2_X2)                         0.067      0.067 f
  U58/ZN (NAND2_X1)                       0.037      0.104 r
  U113/ZN (OR2_X1)                        0.034      0.138 r
  U111/ZN (AND2_X1)                       0.040      0.179 r
  U100/ZN (OAI211_X1)                     0.048      0.226 f
  U172/Z (BUF_X1)                         0.049      0.276 f
  U168/ZN (AOI21_X1)                      0.049      0.325 r
  U170/ZN (XNOR2_X1)                      0.066      0.391 r
  U257/Z (MUX2_X1)                        0.046      0.437 r
  product[43] (out)                       0.002      0.439 r
  data arrival time                                  0.439

  clock clk (rise edge)                   0.000      0.000
  clock network delay (ideal)             0.000      0.000
  output external delay                   0.000      0.000
  data required time                                 0.000
  -----------------------------------------------------------
  data required time                                 0.000
  data arrival time                                 -0.439
  -----------------------------------------------------------
  slack (VIOLATED)                                  -0.439


1
