 
****************************************
Report : timing
        -path full
        -delay max
        -max_paths 1
Design : mitchell_multiplier
Version: T-2022.03-SP5
Date   : Wed Jun  5 16:01:40 2024
****************************************

Operating Conditions: typical   Library: NangateOpenCellLibrary
Wire Load Model Mode: top

  Startpoint: operand_a[4]
              (input port clocked by clk)
  Endpoint: product[15]
            (output port clocked by clk)
  Path Group: clk
  Path Type: max

  Des/Clust/Port     Wire Load Model       Library
  ------------------------------------------------
  mitchell_multiplier
                     5K_hvratio_1_1        NangateOpenCellLibrary

  Point                                    Incr       Path
  -----------------------------------------------------------
  clock clk (rise edge)                    0.00       0.00
  clock network delay (ideal)              0.00       0.00
  input external delay                     0.00       0.00 r
  operand_a[4] (in)                        0.00       0.00 r
  U151/ZN (INV_X1)                         0.02       0.02 f
  U152/ZN (NOR2_X1)                        0.04       0.06 r
  U153/ZN (NOR3_X1)                        0.03       0.09 f
  U154/ZN (OAI22_X1)                       0.08       0.17 r
  U176/ZN (NAND2_X1)                       0.05       0.23 f
  U177/ZN (INV_X1)                         0.05       0.27 r
  U226/Z (MUX2_X1)                         0.08       0.36 f
  U227/ZN (NAND2_X1)                       0.03       0.39 r
  U228/ZN (AND2_X1)                        0.04       0.43 r
  U235/ZN (OAI21_X1)                       0.03       0.46 f
  U236/ZN (AND2_X1)                        0.04       0.50 f
  product[15] (out)                        0.00       0.50 f
  data arrival time                                   0.50

  clock clk (rise edge)                    0.00       0.00
  clock network delay (ideal)              0.00       0.00
  output external delay                    0.00       0.00
  data required time                                  0.00
  -----------------------------------------------------------
  data required time                                  0.00
  data arrival time                                  -0.50
  -----------------------------------------------------------
  slack (VIOLATED)                                   -0.50


1
