Information: Updating design information... (UID-85)
 
****************************************
Report : qor
Design : fp_multiplier
Version: S-2021.06-SP1
Date   : Thu Nov 16 11:39:38 2023
****************************************


  Timing Path Group 'clk'
  -----------------------------------
  Levels of Logic:               9.00
  Critical Path Length:          0.43
  Critical Path Slack:          -0.43
  Critical Path Clk Period:      0.00
  Total Negative Slack:         -7.11
  No. of Violating Paths:       18.00
  Worst Hold Violation:          0.00
  Total Hold Violation:          0.00
  No. of Hold Violations:        0.00
  -----------------------------------


  Cell Count
  -----------------------------------
  Hierarchical Cell Count:          0
  Hierarchical Port Count:          0
  Leaf Cell Count:                165
  Buf/Inv Cell Count:              34
  Buf Cell Count:                   6
  Inv Cell Count:                  28
  CT Buf/Inv Cell Count:            0
  Combinational Cell Count:       165
  Sequential Cell Count:            0
  Macro Count:                      0
  -----------------------------------


  Area
  -----------------------------------
  Combinational Area:      162.260000
  Noncombinational Area:     0.000000
  Buf/Inv Area:             19.684000
  Total Buffer Area:             4.79
  Total Inverter Area:          14.90
  Macro/Black Box Area:      0.000000
  Net Area:                  0.000000
  -----------------------------------
  Cell Area:               162.260000
  Design Area:             162.260000


  Design Rules
  -----------------------------------
  Total Number of Nets:           192
  Nets With Violations:             0
  Max Trans Violations:             0
  Max Cap Violations:               0
  -----------------------------------


  Hostname: i80r7node7

  Compile CPU Statistics
  -----------------------------------------
  Resource Sharing:                    0.11
  Logic Optimization:                  0.59
  Mapping Optimization:                4.75
  -----------------------------------------
  Overall Compile Time:                7.19
  Overall Compile Wall Clock Time:     7.47

  --------------------------------------------------------------------

  Design  WNS: 0.43  TNS: 7.11  Number of Violating Paths: 18


  Design (Hold)  WNS: 0.00  TNS: 0.00  Number of Violating Paths: 0

  --------------------------------------------------------------------


1
