Information: Updating design information... (UID-85)
 
****************************************
Report : qor
Design : MBM_multiplier
Version: S-2021.06-SP1
Date   : Thu Nov 16 10:43:44 2023
****************************************


  Timing Path Group 'clk'
  -----------------------------------
  Levels of Logic:              13.00
  Critical Path Length:          0.70
  Critical Path Slack:          -0.70
  Critical Path Clk Period:      0.00
  Total Negative Slack:        -17.78
  No. of Violating Paths:       26.00
  Worst Hold Violation:          0.00
  Total Hold Violation:          0.00
  No. of Hold Violations:        0.00
  -----------------------------------


  Cell Count
  -----------------------------------
  Hierarchical Cell Count:          0
  Hierarchical Port Count:          0
  Leaf Cell Count:                380
  Buf/Inv Cell Count:              82
  Buf Cell Count:                  15
  Inv Cell Count:                  67
  CT Buf/Inv Cell Count:            0
  Combinational Cell Count:       380
  Sequential Cell Count:            0
  Macro Count:                      0
  -----------------------------------


  Area
  -----------------------------------
  Combinational Area:      386.231997
  Noncombinational Area:     0.000000
  Buf/Inv Area:             48.412000
  Total Buffer Area:            12.77
  Total Inverter Area:          35.64
  Macro/Black Box Area:      0.000000
  Net Area:                  0.000000
  -----------------------------------
  Cell Area:               386.231997
  Design Area:             386.231997


  Design Rules
  -----------------------------------
  Total Number of Nets:           427
  Nets With Violations:             0
  Max Trans Violations:             0
  Max Cap Violations:               0
  -----------------------------------


  Hostname: i80r7node7

  Compile CPU Statistics
  -----------------------------------------
  Resource Sharing:                    0.08
  Logic Optimization:                  1.76
  Mapping Optimization:                5.65
  -----------------------------------------
  Overall Compile Time:                9.36
  Overall Compile Wall Clock Time:     9.65

  --------------------------------------------------------------------

  Design  WNS: 0.70  TNS: 17.78  Number of Violating Paths: 26


  Design (Hold)  WNS: 0.00  TNS: 0.00  Number of Violating Paths: 0

  --------------------------------------------------------------------


1
