****************************************
Report : timing
	-path_type full
	-delay_type max
	-max_paths 1
	-sort_by slack
Design : MBM_multiplier
Version: S-2021.06-SP1
Date   : Thu Nov 16 10:43:48 2023
****************************************


  Startpoint: operand_a[1]
               (input port clocked by clk)
  Endpoint: product[43]
               (output port clocked by clk)
  Path Group: clk
  Path Type: max

  Point                                    Incr       Path
  ---------------------------------------------------------------
  clock clk (rise edge)                   0.000      0.000
  clock network delay (ideal)             0.000      0.000
  input external delay                    0.000      0.000 r
  operand_a[1] (in)                       0.000      0.000 r
  U89/ZN (NOR2_X1)                        0.025      0.025 f
  U126/ZN (OAI21_X1)                      0.059      0.084 r
  U130/ZN (AOI21_X1)                      0.043      0.127 f
  U143/ZN (OAI21_X1)                      0.071      0.198 r
  U169/ZN (AOI21_X1)                      0.045      0.243 f
  U56/Z (BUF_X2)                          0.052      0.295 f
  U257/ZN (OAI21_X1)                      0.052      0.347 r
  U101/ZN (XNOR2_X1)                      0.071      0.418 r
  U69/ZN (AND2_X1)                        0.053      0.471 r
  U408/ZN (AND2_X1)                       0.043      0.514 r
  U409/ZN (NAND4_X1)                      0.049      0.563 f
  U80/ZN (XNOR2_X1)                       0.064      0.627 f
  U410/Z (MUX2_X1)                        0.066      0.692 f
  product[43] (out)                       0.002      0.694 f
  data arrival time                                  0.694

  clock clk (rise edge)                   0.000      0.000
  clock network delay (ideal)             0.000      0.000
  clock reconvergence pessimism           0.000      0.000
  output external delay                   0.000      0.000
  data required time                                 0.000
  ---------------------------------------------------------------
  data required time                                 0.000
  data arrival time                                 -0.694
  ---------------------------------------------------------------
  slack (VIOLATED)                                  -0.694


1
