 
****************************************
Report : area
Design : mac_unit
Version: S-2021.06-SP1
Date   : Thu Nov 16 20:02:07 2023
****************************************

Library(s) Used:

    NangateOpenCellLibrary (File: /home/balkon00/eda/libs/nangate45/db/nangate45.db)

Number of ports:                          131
Number of nets:                          1503
Number of cells:                         1411
Number of combinational cells:           1411
Number of sequential cells:                 0
Number of macros/black boxes:               0
Number of buf/inv:                        294
Number of references:                      42

Combinational area:               1396.234000
Buf/Inv area:                      175.826000
Noncombinational area:               0.000000
Macro/Black Box area:                0.000000
Net Interconnect area:      undefined  (Wire load has zero net area)

Total cell area:                  1396.234000
Total area:                 undefined
1
