Information: Updating design information... (UID-85)
 
****************************************
Report : qor
Design : MBM_multiplier
Version: S-2021.06-SP1
Date   : Thu Nov 16 10:52:23 2023
****************************************


  Timing Path Group 'clk'
  -----------------------------------
  Levels of Logic:               7.00
  Critical Path Length:          0.33
  Critical Path Slack:          -0.33
  Critical Path Clk Period:      0.00
  Total Negative Slack:         -2.83
  No. of Violating Paths:        9.00
  Worst Hold Violation:          0.00
  Total Hold Violation:          0.00
  No. of Hold Violations:        0.00
  -----------------------------------


  Cell Count
  -----------------------------------
  Hierarchical Cell Count:          0
  Hierarchical Port Count:          0
  Leaf Cell Count:                 71
  Buf/Inv Cell Count:              14
  Buf Cell Count:                   0
  Inv Cell Count:                  14
  CT Buf/Inv Cell Count:            0
  Combinational Cell Count:        71
  Sequential Cell Count:            0
  Macro Count:                      0
  -----------------------------------


  Area
  -----------------------------------
  Combinational Area:       75.012000
  Noncombinational Area:     0.000000
  Buf/Inv Area:              7.448000
  Total Buffer Area:             0.00
  Total Inverter Area:           7.45
  Macro/Black Box Area:      0.000000
  Net Area:                  0.000000
  -----------------------------------
  Cell Area:                75.012000
  Design Area:              75.012000


  Design Rules
  -----------------------------------
  Total Number of Nets:            87
  Nets With Violations:             0
  Max Trans Violations:             0
  Max Cap Violations:               0
  -----------------------------------


  Hostname: i80r7node7

  Compile CPU Statistics
  -----------------------------------------
  Resource Sharing:                    0.13
  Logic Optimization:                  0.24
  Mapping Optimization:                2.13
  -----------------------------------------
  Overall Compile Time:                4.22
  Overall Compile Wall Clock Time:     4.50

  --------------------------------------------------------------------

  Design  WNS: 0.33  TNS: 2.83  Number of Violating Paths: 9


  Design (Hold)  WNS: 0.00  TNS: 0.00  Number of Violating Paths: 0

  --------------------------------------------------------------------


1
