Information: Updating design information... (UID-85)
 
****************************************
Report : qor
Design : mac_unit
Version: S-2021.06-SP1
Date   : Thu Nov 16 13:25:07 2023
****************************************


  Timing Path Group 'clk'
  -----------------------------------
  Levels of Logic:              27.00
  Critical Path Length:          1.48
  Critical Path Slack:          -1.48
  Critical Path Clk Period:      0.00
  Total Negative Slack:        -24.73
  No. of Violating Paths:       19.00
  Worst Hold Violation:          0.00
  Total Hold Violation:          0.00
  No. of Hold Violations:        0.00
  -----------------------------------


  Cell Count
  -----------------------------------
  Hierarchical Cell Count:          0
  Hierarchical Port Count:          0
  Leaf Cell Count:                506
  Buf/Inv Cell Count:             122
  Buf Cell Count:                  28
  Inv Cell Count:                  94
  CT Buf/Inv Cell Count:            0
  Combinational Cell Count:       506
  Sequential Cell Count:            0
  Macro Count:                      0
  -----------------------------------


  Area
  -----------------------------------
  Combinational Area:      514.444000
  Noncombinational Area:     0.000000
  Buf/Inv Area:             73.416000
  Total Buffer Area:            23.14
  Total Inverter Area:          50.27
  Macro/Black Box Area:      0.000000
  Net Area:                  0.000000
  -----------------------------------
  Cell Area:               514.444000
  Design Area:             514.444000


  Design Rules
  -----------------------------------
  Total Number of Nets:           540
  Nets With Violations:             0
  Max Trans Violations:             0
  Max Cap Violations:               0
  -----------------------------------


  Hostname: i80r7node7

  Compile CPU Statistics
  -----------------------------------------
  Resource Sharing:                    0.20
  Logic Optimization:                 11.53
  Mapping Optimization:               11.87
  -----------------------------------------
  Overall Compile Time:               25.88
  Overall Compile Wall Clock Time:    26.22

  --------------------------------------------------------------------

  Design  WNS: 1.48  TNS: 24.73  Number of Violating Paths: 19


  Design (Hold)  WNS: 0.00  TNS: 0.00  Number of Violating Paths: 0

  --------------------------------------------------------------------


1
