****************************************
Report : timing
	-path_type full
	-delay_type max
	-max_paths 1
	-sort_by slack
Design : mac_unit
Version: S-2021.06-SP1
Date   : Thu Nov 16 13:25:11 2023
****************************************


  Startpoint: in_a[12] (input port clocked by clk)
  Endpoint: mac_out[3] (output port clocked by clk)
  Path Group: clk
  Path Type: max

  Point                                    Incr       Path
  ---------------------------------------------------------------
  clock clk (rise edge)                   0.000      0.000
  clock network delay (ideal)             0.000      0.000
  input external delay                    0.000      0.000 f
  in_a[12] (in)                           0.000      0.000 f
  U197/ZN (OR2_X2)                        0.063      0.063 f
  U365/ZN (AOI21_X2)                      0.055      0.118 r
  U378/ZN (NOR2_X1)                       0.032      0.150 f
  U379/ZN (NOR2_X1)                       0.034      0.184 r
  U345/ZN (AND2_X1)                       0.047      0.231 r
  U380/ZN (NOR2_X1)                       0.031      0.262 f
  U277/ZN (AOI211_X1)                     0.100      0.362 r
  U246/Z (BUF_X1)                         0.062      0.424 r
  U284/ZN (NAND2_X1)                      0.037      0.461 f
  U202/ZN (AND4_X2)                       0.050      0.511 f
  U280/ZN (AOI22_X1)                      0.078      0.589 r
  U268/ZN (AND2_X2)                       0.070      0.659 r
  U267/Z (MUX2_X1)                        0.096      0.756 f
  U240/ZN (OR2_X1)                        0.059      0.815 f
  U265/ZN (NAND2_X1)                      0.031      0.846 r
  U333/ZN (XNOR2_X1)                      0.064      0.910 r
  U529/ZN (INV_X1)                        0.043      0.953 f
  U530/ZN (NOR2_X1)                       0.065      1.018 r
  U531/ZN (INV_X1)                        0.034      1.051 f
  U192/ZN (OR2_X2)                        0.060      1.111 f
  U541/ZN (OAI211_X1)                     0.060      1.172 r
  U309/ZN (NAND3_X1)                      0.046      1.218 f
  U299/ZN (AND3_X1)                       0.052      1.270 f
  U196/Z (BUF_X2)                         0.048      1.318 f
  U631/ZN (XNOR2_X1)                      0.060      1.378 f
  U632/ZN (OR2_X1)                        0.055      1.433 f
  U633/ZN (OAI21_X1)                      0.030      1.463 r
  mac_out[3] (out)                        0.002      1.465 r
  data arrival time                                  1.465

  clock clk (rise edge)                   0.000      0.000
  clock network delay (ideal)             0.000      0.000
  clock reconvergence pessimism           0.000      0.000
  output external delay                   0.000      0.000
  data required time                                 0.000
  ---------------------------------------------------------------
  data required time                                 0.000
  data arrival time                                 -1.465
  ---------------------------------------------------------------
  slack (VIOLATED)                                  -1.465


1
