****************************************
Report : timing
	-path_type full
	-delay_type max
	-max_paths 1
	-sort_by slack
Design : MBM_multiplier
Version: S-2021.06-SP1
Date   : Thu Nov 16 10:58:57 2023
****************************************


  Startpoint: operand_b[6]
               (input port clocked by clk)
  Endpoint: product[11]
               (output port clocked by clk)
  Path Group: clk
  Path Type: max

  Point                                    Incr       Path
  ---------------------------------------------------------------
  clock clk (rise edge)                   0.000      0.000
  clock network delay (ideal)             0.000      0.000
  input external delay                    0.000      0.000 f
  operand_b[6] (in)                       0.000      0.000 f
  U8/Z (XOR2_X1)                          0.070      0.070 f
  product[11] (out)                       0.002      0.072 f
  data arrival time                                  0.072

  clock clk (rise edge)                   0.000      0.000
  clock network delay (ideal)             0.000      0.000
  clock reconvergence pessimism           0.000      0.000
  output external delay                   0.000      0.000
  data required time                                 0.000
  ---------------------------------------------------------------
  data required time                                 0.000
  data arrival time                                 -0.072
  ---------------------------------------------------------------
  slack (VIOLATED)                                  -0.072


1
