Information: Updating design information... (UID-85)
 
****************************************
Report : qor
Design : MBM_multiplier
Version: S-2021.06-SP1
Date   : Thu Nov 16 10:44:27 2023
****************************************


  Timing Path Group 'clk'
  -----------------------------------
  Levels of Logic:              13.00
  Critical Path Length:          0.70
  Critical Path Slack:          -0.70
  Critical Path Clk Period:      0.00
  Total Negative Slack:        -16.84
  No. of Violating Paths:       25.00
  Worst Hold Violation:          0.00
  Total Hold Violation:          0.00
  No. of Hold Violations:        0.00
  -----------------------------------


  Cell Count
  -----------------------------------
  Hierarchical Cell Count:          0
  Hierarchical Port Count:          0
  Leaf Cell Count:                368
  Buf/Inv Cell Count:              77
  Buf Cell Count:                   9
  Inv Cell Count:                  68
  CT Buf/Inv Cell Count:            0
  Combinational Cell Count:       368
  Sequential Cell Count:            0
  Macro Count:                      0
  -----------------------------------


  Area
  -----------------------------------
  Combinational Area:      371.335997
  Noncombinational Area:     0.000000
  Buf/Inv Area:             43.890000
  Total Buffer Area:             7.18
  Total Inverter Area:          36.71
  Macro/Black Box Area:      0.000000
  Net Area:                  0.000000
  -----------------------------------
  Cell Area:               371.335997
  Design Area:             371.335997


  Design Rules
  -----------------------------------
  Total Number of Nets:           413
  Nets With Violations:             0
  Max Trans Violations:             0
  Max Cap Violations:               0
  -----------------------------------


  Hostname: i80r7node7

  Compile CPU Statistics
  -----------------------------------------
  Resource Sharing:                    0.13
  Logic Optimization:                  1.36
  Mapping Optimization:                6.53
  -----------------------------------------
  Overall Compile Time:                9.88
  Overall Compile Wall Clock Time:    10.17

  --------------------------------------------------------------------

  Design  WNS: 0.70  TNS: 16.84  Number of Violating Paths: 25


  Design (Hold)  WNS: 0.00  TNS: 0.00  Number of Violating Paths: 0

  --------------------------------------------------------------------


1
