 
****************************************
Report : timing
        -path full
        -delay max
        -max_paths 1
Design : MBM_multiplier
Version: S-2021.06-SP1
Date   : Thu Nov 16 10:44:27 2023
****************************************

Operating Conditions: typical   Library: NangateOpenCellLibrary
Wire Load Model Mode: top

  Startpoint: operand_b[4]
              (input port clocked by clk)
  Endpoint: product[43]
            (output port clocked by clk)
  Path Group: clk
  Path Type: max

  Des/Clust/Port     Wire Load Model       Library
  ------------------------------------------------
  MBM_multiplier     5K_hvratio_1_1        NangateOpenCellLibrary

  Point                                    Incr       Path
  -----------------------------------------------------------
  clock clk (rise edge)                   0.000      0.000
  clock network delay (ideal)             0.000      0.000
  input external delay                    0.000      0.000 f
  operand_b[4] (in)                       0.000      0.000 f
  U108/ZN (NOR2_X1)                       0.046      0.046 r
  U140/ZN (OAI21_X1)                      0.032      0.079 f
  U141/ZN (AOI21_X1)                      0.070      0.149 r
  U154/ZN (OAI21_X1)                      0.042      0.191 f
  U219/ZN (INV_X1)                        0.059      0.250 r
  U220/ZN (OAI21_X1)                      0.042      0.292 f
  U223/ZN (XNOR2_X1)                      0.057      0.349 r
  U230/ZN (AND2_X1)                       0.054      0.403 r
  U38/ZN (AND2_X2)                        0.051      0.454 r
  U59/ZN (AND4_X1)                        0.075      0.529 r
  U57/ZN (AND3_X1)                        0.061      0.590 r
  U314/Z (XOR2_X1)                        0.066      0.656 r
  U50/Z (MUX2_X1)                         0.044      0.700 r
  product[43] (out)                       0.002      0.701 r
  data arrival time                                  0.701

  clock clk (rise edge)                   0.000      0.000
  clock network delay (ideal)             0.000      0.000
  output external delay                   0.000      0.000
  data required time                                 0.000
  -----------------------------------------------------------
  data required time                                 0.000
  data arrival time                                 -0.701
  -----------------------------------------------------------
  slack (VIOLATED)                                  -0.701


1
