 
****************************************
Report : area
Design : MBM_multiplier
Version: S-2021.06-SP1
Date   : Thu Nov 16 10:44:27 2023
****************************************

Library(s) Used:

    NangateOpenCellLibrary (File: /home/balkon00/eda/libs/nangate45/db/nangate45.db)

Number of ports:                           96
Number of nets:                           413
Number of cells:                          369
Number of combinational cells:            368
Number of sequential cells:                 0
Number of macros/black boxes:               0
Number of buf/inv:                         77
Number of references:                      24

Combinational area:                371.335997
Buf/Inv area:                       43.890000
Noncombinational area:               0.000000
Macro/Black Box area:                0.000000
Net Interconnect area:      undefined  (Wire load has zero net area)

Total cell area:                   371.335997
Total area:                 undefined
1
