****************************************
Report : timing
	-path_type full
	-delay_type max
	-max_paths 1
	-sort_by slack
Design : MBM_multiplier
Version: S-2021.06-SP1
Date   : Thu Nov 16 10:44:30 2023
****************************************


  Startpoint: operand_b[4]
               (input port clocked by clk)
  Endpoint: product[43]
               (output port clocked by clk)
  Path Group: clk
  Path Type: max

  Point                                    Incr       Path
  ---------------------------------------------------------------
  clock clk (rise edge)                   0.000      0.000
  clock network delay (ideal)             0.000      0.000
  input external delay                    0.000      0.000 f
  operand_b[4] (in)                       0.000      0.000 f
  U108/ZN (NOR2_X1)                       0.046      0.046 r
  U140/ZN (OAI21_X1)                      0.032      0.078 f
  U141/ZN (AOI21_X1)                      0.069      0.147 r
  U154/ZN (OAI21_X1)                      0.042      0.189 f
  U219/ZN (INV_X1)                        0.059      0.248 r
  U220/ZN (OAI21_X1)                      0.042      0.290 f
  U223/ZN (XNOR2_X1)                      0.057      0.347 r
  U230/ZN (AND2_X1)                       0.053      0.400 r
  U38/ZN (AND2_X2)                        0.051      0.451 r
  U59/ZN (AND4_X1)                        0.074      0.525 r
  U57/ZN (AND3_X1)                        0.060      0.586 r
  U314/Z (XOR2_X1)                        0.065      0.651 r
  U50/Z (MUX2_X1)                         0.044      0.695 r
  product[43] (out)                       0.002      0.697 r
  data arrival time                                  0.697

  clock clk (rise edge)                   0.000      0.000
  clock network delay (ideal)             0.000      0.000
  clock reconvergence pessimism           0.000      0.000
  output external delay                   0.000      0.000
  data required time                                 0.000
  ---------------------------------------------------------------
  data required time                                 0.000
  data arrival time                                 -0.697
  ---------------------------------------------------------------
  slack (VIOLATED)                                  -0.697


1
