 
****************************************
Report : timing
        -path full
        -delay max
        -max_paths 1
Design : fp_multiplier
Version: S-2021.06-SP1
Date   : Thu Nov 16 11:40:40 2023
****************************************

Operating Conditions: typical   Library: NangateOpenCellLibrary
Wire Load Model Mode: top

  Startpoint: a_operand[12]
              (input port clocked by clk)
  Endpoint: result[9] (output port clocked by clk)
  Path Group: clk
  Path Type: max

  Des/Clust/Port     Wire Load Model       Library
  ------------------------------------------------
  fp_multiplier      5K_hvratio_1_1        NangateOpenCellLibrary

  Point                                    Incr       Path
  -----------------------------------------------------------
  clock clk (rise edge)                   0.000      0.000
  clock network delay (ideal)             0.000      0.000
  input external delay                    0.000      0.000 f
  a_operand[12] (in)                      0.000      0.000 f
  U122/ZN (OR2_X2)                        0.067      0.067 f
  U84/ZN (AOI21_X1)                       0.048      0.115 r
  U95/ZN (OR3_X2)                         0.045      0.160 r
  U107/ZN (NAND3_X1)                      0.034      0.194 f
  U106/ZN (NAND2_X1)                      0.036      0.230 r
  U86/ZN (OAI211_X1)                      0.053      0.282 f
  U69/ZN (AND2_X1)                        0.056      0.338 f
  U165/ZN (NAND2_X1)                      0.036      0.374 r
  U99/ZN (NAND2_X1)                       0.023      0.397 f
  result[9] (out)                         0.002      0.399 f
  data arrival time                                  0.399

  clock clk (rise edge)                   0.000      0.000
  clock network delay (ideal)             0.000      0.000
  output external delay                   0.000      0.000
  data required time                                 0.000
  -----------------------------------------------------------
  data required time                                 0.000
  data arrival time                                 -0.399
  -----------------------------------------------------------
  slack (VIOLATED)                                  -0.399


1
