Information: Updating design information... (UID-85)
 
****************************************
Report : qor
Design : fp_multiplier
Version: S-2021.06-SP1
Date   : Thu Nov 16 11:40:40 2023
****************************************


  Timing Path Group 'clk'
  -----------------------------------
  Levels of Logic:               9.00
  Critical Path Length:          0.40
  Critical Path Slack:          -0.40
  Critical Path Clk Period:      0.00
  Total Negative Slack:         -6.12
  No. of Violating Paths:       17.00
  Worst Hold Violation:          0.00
  Total Hold Violation:          0.00
  No. of Hold Violations:        0.00
  -----------------------------------


  Cell Count
  -----------------------------------
  Hierarchical Cell Count:          0
  Hierarchical Port Count:          0
  Leaf Cell Count:                136
  Buf/Inv Cell Count:              17
  Buf Cell Count:                   1
  Inv Cell Count:                  16
  CT Buf/Inv Cell Count:            0
  Combinational Cell Count:       136
  Sequential Cell Count:            0
  Macro Count:                      0
  -----------------------------------


  Area
  -----------------------------------
  Combinational Area:      140.980000
  Noncombinational Area:     0.000000
  Buf/Inv Area:              9.310000
  Total Buffer Area:             0.80
  Total Inverter Area:           8.51
  Macro/Black Box Area:      0.000000
  Net Area:                  0.000000
  -----------------------------------
  Cell Area:               140.980000
  Design Area:             140.980000


  Design Rules
  -----------------------------------
  Total Number of Nets:           159
  Nets With Violations:             0
  Max Trans Violations:             0
  Max Cap Violations:               0
  -----------------------------------


  Hostname: i80r7node7

  Compile CPU Statistics
  -----------------------------------------
  Resource Sharing:                    0.08
  Logic Optimization:                  0.74
  Mapping Optimization:                5.19
  -----------------------------------------
  Overall Compile Time:                7.71
  Overall Compile Wall Clock Time:     8.00

  --------------------------------------------------------------------

  Design  WNS: 0.40  TNS: 6.12  Number of Violating Paths: 17


  Design (Hold)  WNS: 0.00  TNS: 0.00  Number of Violating Paths: 0

  --------------------------------------------------------------------


1
