Information: Updating design information... (UID-85)
 
****************************************
Report : qor
Design : fp_multiplier
Version: S-2021.06-SP1
Date   : Thu Nov 16 11:35:52 2023
****************************************


  Timing Path Group 'clk'
  -----------------------------------
  Levels of Logic:               8.00
  Critical Path Length:          0.40
  Critical Path Slack:          -0.40
  Critical Path Clk Period:      0.00
  Total Negative Slack:         -6.48
  No. of Violating Paths:       18.00
  Worst Hold Violation:          0.00
  Total Hold Violation:          0.00
  No. of Hold Violations:        0.00
  -----------------------------------


  Cell Count
  -----------------------------------
  Hierarchical Cell Count:          0
  Hierarchical Port Count:          0
  Leaf Cell Count:                163
  Buf/Inv Cell Count:              24
  Buf Cell Count:                   2
  Inv Cell Count:                  22
  CT Buf/Inv Cell Count:            0
  Combinational Cell Count:       163
  Sequential Cell Count:            0
  Macro Count:                      0
  -----------------------------------


  Area
  -----------------------------------
  Combinational Area:      166.515999
  Noncombinational Area:     0.000000
  Buf/Inv Area:             13.300000
  Total Buffer Area:             1.60
  Total Inverter Area:          11.70
  Macro/Black Box Area:      0.000000
  Net Area:                  0.000000
  -----------------------------------
  Cell Area:               166.515999
  Design Area:             166.515999


  Design Rules
  -----------------------------------
  Total Number of Nets:           188
  Nets With Violations:             0
  Max Trans Violations:             0
  Max Cap Violations:               0
  -----------------------------------


  Hostname: i80r7node7

  Compile CPU Statistics
  -----------------------------------------
  Resource Sharing:                    0.14
  Logic Optimization:                  1.09
  Mapping Optimization:                5.51
  -----------------------------------------
  Overall Compile Time:                8.66
  Overall Compile Wall Clock Time:     8.95

  --------------------------------------------------------------------

  Design  WNS: 0.40  TNS: 6.48  Number of Violating Paths: 18


  Design (Hold)  WNS: 0.00  TNS: 0.00  Number of Violating Paths: 0

  --------------------------------------------------------------------


1
