 
****************************************
Report : area
Design : MBM_multiplier
Version: S-2021.06-SP1
Date   : Thu Nov 16 10:57:34 2023
****************************************

Library(s) Used:

    NangateOpenCellLibrary (File: /home/balkon00/eda/libs/nangate45/db/nangate45.db)

Number of ports:                           32
Number of nets:                            86
Number of cells:                           76
Number of combinational cells:             73
Number of sequential cells:                 0
Number of macros/black boxes:               0
Number of buf/inv:                          6
Number of references:                      15

Combinational area:                 80.332000
Buf/Inv area:                        3.458000
Noncombinational area:               0.000000
Macro/Black Box area:                0.000000
Net Interconnect area:      undefined  (Wire load has zero net area)

Total cell area:                    80.332000
Total area:                 undefined
1
