Information: Updating design information... (UID-85)
 
****************************************
Report : qor
Design : MBM_multiplier
Version: S-2021.06-SP1
Date   : Thu Nov 16 10:57:34 2023
****************************************


  Timing Path Group 'clk'
  -----------------------------------
  Levels of Logic:               8.00
  Critical Path Length:          0.36
  Critical Path Slack:          -0.36
  Critical Path Clk Period:      0.00
  Total Negative Slack:         -2.34
  No. of Violating Paths:        7.00
  Worst Hold Violation:          0.00
  Total Hold Violation:          0.00
  No. of Hold Violations:        0.00
  -----------------------------------


  Cell Count
  -----------------------------------
  Hierarchical Cell Count:          0
  Hierarchical Port Count:          0
  Leaf Cell Count:                 73
  Buf/Inv Cell Count:               6
  Buf Cell Count:                   1
  Inv Cell Count:                   5
  CT Buf/Inv Cell Count:            0
  Combinational Cell Count:        73
  Sequential Cell Count:            0
  Macro Count:                      0
  -----------------------------------


  Area
  -----------------------------------
  Combinational Area:       80.332000
  Noncombinational Area:     0.000000
  Buf/Inv Area:              3.458000
  Total Buffer Area:             0.80
  Total Inverter Area:           2.66
  Macro/Black Box Area:      0.000000
  Net Area:                  0.000000
  -----------------------------------
  Cell Area:                80.332000
  Design Area:              80.332000


  Design Rules
  -----------------------------------
  Total Number of Nets:            86
  Nets With Violations:             0
  Max Trans Violations:             0
  Max Cap Violations:               0
  -----------------------------------


  Hostname: i80r7node7

  Compile CPU Statistics
  -----------------------------------------
  Resource Sharing:                    0.06
  Logic Optimization:                  0.61
  Mapping Optimization:                1.78
  -----------------------------------------
  Overall Compile Time:                4.06
  Overall Compile Wall Clock Time:     4.33

  --------------------------------------------------------------------

  Design  WNS: 0.36  TNS: 2.34  Number of Violating Paths: 7


  Design (Hold)  WNS: 0.00  TNS: 0.00  Number of Violating Paths: 0

  --------------------------------------------------------------------


1
