****************************************
Report : timing
	-path_type full
	-delay_type max
	-max_paths 1
	-sort_by slack
Design : MBM_multiplier
Version: S-2021.06-SP1
Date   : Thu Nov 16 10:57:37 2023
****************************************


  Startpoint: operand_b[3]
               (input port clocked by clk)
  Endpoint: product[12]
               (output port clocked by clk)
  Path Group: clk
  Path Type: max

  Point                                    Incr       Path
  ---------------------------------------------------------------
  clock clk (rise edge)                   0.000      0.000
  clock network delay (ideal)             0.000      0.000
  input external delay                    0.000      0.000 f
  operand_b[3] (in)                       0.000      0.000 f
  U47/ZN (OAI211_X1)                      0.052      0.052 r
  U65/ZN (NAND3_X1)                       0.036      0.088 f
  U43/ZN (NAND2_X1)                       0.041      0.129 r
  U42/ZN (XNOR2_X1)                       0.066      0.195 r
  U81/ZN (AND3_X1)                        0.063      0.258 r
  U104/ZN (NAND2_X1)                      0.036      0.294 f
  U106/ZN (OAI21_X1)                      0.038      0.333 r
  U107/ZN (NAND2_X1)                      0.025      0.357 f
  product[12] (out)                       0.002      0.359 f
  data arrival time                                  0.359

  clock clk (rise edge)                   0.000      0.000
  clock network delay (ideal)             0.000      0.000
  clock reconvergence pessimism           0.000      0.000
  output external delay                   0.000      0.000
  data required time                                 0.000
  ---------------------------------------------------------------
  data required time                                 0.000
  data arrival time                                 -0.359
  ---------------------------------------------------------------
  slack (VIOLATED)                                  -0.359


1
