 
****************************************
Report : area
Design : MBM_multiplier
Version: S-2021.06-SP1
Date   : Thu Nov 16 10:50:39 2023
****************************************

Library(s) Used:

    NangateOpenCellLibrary (File: /home/balkon00/eda/libs/nangate45/db/nangate45.db)

Number of ports:                           96
Number of nets:                           144
Number of cells:                          122
Number of combinational cells:            120
Number of sequential cells:                 0
Number of macros/black boxes:               0
Number of buf/inv:                         27
Number of references:                      16

Combinational area:                123.157999
Buf/Inv area:                       15.694000
Noncombinational area:               0.000000
Macro/Black Box area:                0.000000
Net Interconnect area:      undefined  (Wire load has zero net area)

Total cell area:                   123.157999
Total area:                 undefined

Hierarchical area distribution
------------------------------

                                  Global cell area          Local cell area
                                  ------------------  --------------------------- 
Hierarchical cell                 Absolute   Percent  Combi-    Noncombi-  Black-
                                  Total      Total    national  national   boxes   Design
--------------------------------  ---------  -------  --------  ---------  ------  ---------
MBM_multiplier                     123.1580    100.0  123.1580     0.0000  0.0000  MBM_multiplier
--------------------------------  ---------  -------  --------  ---------  ------  ---------
Total                                                 123.1580     0.0000  0.0000

1
