****************************************
Report : timing
	-path_type full
	-delay_type max
	-max_paths 1
	-sort_by slack
Design : MBM_multiplier
Version: S-2021.06-SP1
Date   : Thu Nov 16 10:50:43 2023
****************************************


  Startpoint: operand_b[19]
               (input port clocked by clk)
  Endpoint: product[43]
               (output port clocked by clk)
  Path Group: clk
  Path Type: max

  Point                                    Incr       Path
  ---------------------------------------------------------------
  clock clk (rise edge)                   0.000      0.000
  clock network delay (ideal)             0.000      0.000
  input external delay                    0.000      0.000 f
  operand_b[19] (in)                      0.000      0.000 f
  U74/ZN (INV_X1)                         0.025      0.025 r
  U75/ZN (NAND2_X1)                       0.032      0.057 f
  U60/Z (BUF_X1)                          0.040      0.097 f
  U81/ZN (NAND2_X1)                       0.030      0.127 r
  U83/ZN (NAND2_X1)                       0.032      0.159 f
  U95/ZN (OR4_X2)                         0.121      0.281 f
  U103/ZN (NAND2_X1)                      0.046      0.327 r
  U58/ZN (NAND2_X1)                       0.052      0.379 f
  U164/Z (MUX2_X1)                        0.072      0.450 r
  product[43] (out)                       0.002      0.452 r
  data arrival time                                  0.452

  clock clk (rise edge)                   0.000      0.000
  clock network delay (ideal)             0.000      0.000
  clock reconvergence pessimism           0.000      0.000
  output external delay                   0.000      0.000
  data required time                                 0.000
  ---------------------------------------------------------------
  data required time                                 0.000
  data arrival time                                 -0.452
  ---------------------------------------------------------------
  slack (VIOLATED)                                  -0.452


1
