****************************************
Report : timing
	-path_type full
	-delay_type max
	-max_paths 1
	-sort_by slack
Design : fp_multiplier
Version: S-2021.06-SP1
Date   : Thu Nov 16 11:25:21 2023
****************************************


  Startpoint: b_operand[6]
               (input port clocked by clk)
  Endpoint: result[7] (output port clocked by clk)
  Path Group: clk
  Path Type: max

  Point                                    Incr       Path
  ---------------------------------------------------------------
  clock clk (rise edge)                   0.000      0.000
  clock network delay (ideal)             0.000      0.000
  input external delay                    0.000      0.000 f
  b_operand[6] (in)                       0.000      0.000 f
  U199/ZN (NOR2_X1)                       0.057      0.057 r
  U270/ZN (NOR2_X1)                       0.030      0.087 f
  U278/ZN (AOI21_X1)                      0.059      0.146 r
  U291/ZN (OAI21_X1)                      0.050      0.195 f
  U307/ZN (AOI21_X1)                      0.082      0.278 r
  U336/ZN (OAI21_X1)                      0.056      0.334 f
  U122/ZN (INV_X2)                        0.075      0.408 r
  U523/ZN (NAND2_X1)                      0.055      0.463 f
  U534/ZN (OR2_X1)                        0.060      0.523 f
  U535/ZN (XNOR2_X1)                      0.068      0.591 r
  U542/ZN (NAND2_X1)                      0.034      0.625 f
  U543/ZN (NAND2_X1)                      0.028      0.653 r
  result[7] (out)                         0.002      0.655 r
  data arrival time                                  0.655

  clock clk (rise edge)                   0.000      0.000
  clock network delay (ideal)             0.000      0.000
  clock reconvergence pessimism           0.000      0.000
  output external delay                   0.000      0.000
  data required time                                 0.000
  ---------------------------------------------------------------
  data required time                                 0.000
  data arrival time                                 -0.655
  ---------------------------------------------------------------
  slack (VIOLATED)                                  -0.655


1
