 
****************************************
Report : area
Design : fp_multiplier
Version: S-2021.06-SP1
Date   : Thu Nov 16 11:25:18 2023
****************************************

Library(s) Used:

    NangateOpenCellLibrary (File: /home/balkon00/eda/libs/nangate45/db/nangate45.db)

Number of ports:                           99
Number of nets:                           542
Number of cells:                          484
Number of combinational cells:            483
Number of sequential cells:                 0
Number of macros/black boxes:               0
Number of buf/inv:                         94
Number of references:                      27

Combinational area:                456.721997
Buf/Inv area:                       55.062000
Noncombinational area:               0.000000
Macro/Black Box area:                0.000000
Net Interconnect area:      undefined  (Wire load has zero net area)

Total cell area:                   456.721997
Total area:                 undefined

Hierarchical area distribution
------------------------------

                                  Global cell area          Local cell area
                                  ------------------  --------------------------- 
Hierarchical cell                 Absolute   Percent  Combi-    Noncombi-  Black-
                                  Total      Total    national  national   boxes   Design
--------------------------------  ---------  -------  --------  ---------  ------  ---------
fp_multiplier                      456.7220    100.0  456.7220     0.0000  0.0000  fp_multiplier
--------------------------------  ---------  -------  --------  ---------  ------  ---------
Total                                                 456.7220     0.0000  0.0000

1
