 
****************************************
Report : timing
        -path full
        -delay max
        -max_paths 1
Design : fp_multiplier
Version: S-2021.06-SP1
Date   : Thu Nov 16 11:25:18 2023
****************************************

Operating Conditions: typical   Library: NangateOpenCellLibrary
Wire Load Model Mode: top

  Startpoint: b_operand[6]
              (input port clocked by clk)
  Endpoint: result[7] (output port clocked by clk)
  Path Group: clk
  Path Type: max

  Des/Clust/Port     Wire Load Model       Library
  ------------------------------------------------
  fp_multiplier      5K_hvratio_1_1        NangateOpenCellLibrary

  Point                                    Incr       Path
  -----------------------------------------------------------
  clock clk (rise edge)                   0.000      0.000
  clock network delay (ideal)             0.000      0.000
  input external delay                    0.000      0.000 f
  b_operand[6] (in)                       0.000      0.000 f
  U200/ZN (NOR2_X1)                       0.045      0.045 r
  U277/ZN (OAI21_X1)                      0.032      0.077 f
  U278/ZN (AOI21_X1)                      0.070      0.147 r
  U291/ZN (OAI21_X1)                      0.050      0.197 f
  U307/ZN (AOI21_X1)                      0.081      0.278 r
  U336/ZN (OAI21_X1)                      0.056      0.334 f
  U122/ZN (INV_X2)                        0.075      0.410 r
  U523/ZN (NAND2_X1)                      0.055      0.464 f
  U534/ZN (OR2_X1)                        0.061      0.525 f
  U535/ZN (XNOR2_X1)                      0.068      0.593 r
  U542/ZN (NAND2_X1)                      0.034      0.628 f
  U543/ZN (NAND2_X1)                      0.028      0.655 r
  result[7] (out)                         0.002      0.657 r
  data arrival time                                  0.657

  clock clk (rise edge)                   0.000      0.000
  clock network delay (ideal)             0.000      0.000
  output external delay                   0.000      0.000
  data required time                                 0.000
  -----------------------------------------------------------
  data required time                                 0.000
  data arrival time                                 -0.657
  -----------------------------------------------------------
  slack (VIOLATED)                                  -0.657


1
