 
****************************************
Report : area
Design : mac_unit
Version: S-2021.06-SP1
Date   : Thu Nov 16 20:48:14 2023
****************************************

Library(s) Used:

    NangateOpenCellLibrary (File: /home/balkon00/eda/libs/nangate45/db/nangate45.db)

Number of ports:                           67
Number of nets:                           617
Number of cells:                          577
Number of combinational cells:            577
Number of sequential cells:                 0
Number of macros/black boxes:               0
Number of buf/inv:                        151
Number of references:                      33

Combinational area:                586.530000
Buf/Inv area:                       90.706000
Noncombinational area:               0.000000
Macro/Black Box area:                0.000000
Net Interconnect area:      undefined  (Wire load has zero net area)

Total cell area:                   586.530000
Total area:                 undefined
1
