****************************************
Report : timing
	-path_type full
	-delay_type max
	-max_paths 1
	-sort_by slack
Design : mac_unit
Version: S-2021.06-SP1
Date   : Thu Nov 16 20:48:18 2023
****************************************


  Startpoint: in_a[7] (input port clocked by clk)
  Endpoint: mac_out[6] (output port clocked by clk)
  Path Group: clk
  Path Type: max

  Point                                    Incr       Path
  ---------------------------------------------------------------
  clock clk (rise edge)                   0.000      0.000
  clock network delay (ideal)             0.000      0.000
  input external delay                    0.000      0.000 f
  in_a[7] (in)                            0.000      0.000 f
  U257/ZN (OR2_X2)                        0.064      0.064 f
  U344/ZN (OAI21_X1)                      0.055      0.119 r
  U281/ZN (OAI211_X1)                     0.042      0.161 f
  U354/ZN (NAND3_X1)                      0.036      0.197 r
  U359/ZN (AND2_X1)                       0.047      0.244 r
  U365/ZN (XNOR2_X1)                      0.043      0.287 f
  U228/ZN (OR3_X2)                        0.106      0.393 f
  U326/ZN (NAND2_X1)                      0.048      0.441 r
  U319/ZN (NAND3_X1)                      0.039      0.479 f
  U318/ZN (AOI21_X1)                      0.042      0.521 r
  U330/ZN (NAND4_X1)                      0.042      0.562 f
  U288/ZN (OAI21_X1)                      0.060      0.622 r
  U287/Z (BUF_X2)                         0.062      0.684 r
  U571/Z (MUX2_X1)                        0.085      0.769 f
  U573/ZN (AND2_X1)                       0.038      0.807 f
  U577/ZN (NAND4_X1)                      0.038      0.844 r
  U286/Z (MUX2_X1)                        0.063      0.907 r
  U600/ZN (INV_X1)                        0.027      0.934 f
  U601/Z (MUX2_X1)                        0.072      1.007 f
  U602/ZN (INV_X1)                        0.031      1.038 r
  U327/ZN (NAND2_X1)                      0.036      1.073 f
  U303/ZN (OR2_X1)                        0.062      1.135 f
  U256/ZN (OAI21_X2)                      0.054      1.189 r
  U726/Z (BUF_X1)                         0.045      1.234 r
  U313/ZN (NAND2_X1)                      0.031      1.265 f
  U312/ZN (NAND2_X1)                      0.029      1.294 r
  U323/ZN (AOI21_X1)                      0.026      1.320 f
  U322/ZN (OR2_X1)                        0.050      1.370 f
  U732/ZN (OR2_X1)                        0.059      1.429 f
  U277/ZN (NAND2_X1)                      0.026      1.455 r
  mac_out[6] (out)                        0.002      1.457 r
  data arrival time                                  1.457

  clock clk (rise edge)                   0.000      0.000
  clock network delay (ideal)             0.000      0.000
  clock reconvergence pessimism           0.000      0.000
  output external delay                   0.000      0.000
  data required time                                 0.000
  ---------------------------------------------------------------
  data required time                                 0.000
  data arrival time                                 -1.457
  ---------------------------------------------------------------
  slack (VIOLATED)                                  -1.457


1
