****************************************
Report : timing
	-path_type full
	-delay_type max
	-max_paths 1
	-sort_by slack
Design : mac_unit
Version: S-2021.06-SP1
Date   : Thu Nov 16 20:13:59 2023
****************************************


  Startpoint: in_b[23] (input port clocked by clk)
  Endpoint: mac_out[21]
               (output port clocked by clk)
  Path Group: clk
  Path Type: max

  Point                                    Incr       Path
  ---------------------------------------------------------------
  clock clk (rise edge)                   0.000      0.000
  clock network delay (ideal)             0.000      0.000
  input external delay                    0.000      0.000 f
  in_b[23] (in)                           0.000      0.000 f
  U675/ZN (OR2_X2)                        0.059      0.059 f
  U674/ZN (OAI21_X2)                      0.064      0.124 r
  U763/ZN (OAI211_X1)                     0.051      0.175 f
  U644/ZN (AND2_X1)                       0.045      0.220 f
  U649/ZN (OR2_X1)                        0.054      0.273 f
  U651/ZN (NAND3_X1)                      0.038      0.312 r
  U503/ZN (AND3_X4)                       0.087      0.398 r
  U518/ZN (INV_X1)                        0.048      0.446 f
  U680/ZN (NAND3_X1)                      0.048      0.494 r
  U433/ZN (AND3_X2)                       0.065      0.560 r
  U712/ZN (NAND3_X1)                      0.039      0.599 f
  U670/ZN (AND4_X1)                       0.051      0.650 f
  U681/ZN (OAI21_X1)                      0.044      0.694 r
  U682/Z (MUX2_X1)                        0.086      0.780 f
  U1149/ZN (NOR2_X1)                      0.046      0.825 r
  U705/ZN (XNOR2_X1)                      0.082      0.908 r
  U546/ZN (AND2_X1)                       0.066      0.974 r
  U529/Z (BUF_X2)                         0.064      1.038 r
  U1257/ZN (AND2_X1)                      0.059      1.097 r
  U1439/ZN (INV_X1)                       0.025      1.122 f
  U458/ZN (AND3_X1)                       0.042      1.164 f
  U660/ZN (OAI22_X1)                      0.078      1.242 r
  U554/ZN (NOR2_X1)                       0.033      1.274 f
  U1442/ZN (NOR2_X1)                      0.059      1.334 r
  U1469/ZN (AOI21_X1)                     0.040      1.374 f
  U1476/ZN (OAI21_X1)                     0.046      1.420 r
  U1477/ZN (AOI21_X1)                     0.034      1.454 f
  U1525/ZN (OAI21_X1)                     0.066      1.520 r
  U1569/Z (BUF_X1)                        0.051      1.571 r
  U568/ZN (OR2_X2)                        0.074      1.645 r
  U1694/ZN (OAI22_X1)                     0.040      1.685 f
  mac_out[21] (out)                       0.002      1.687 f
  data arrival time                                  1.687

  clock clk (rise edge)                   0.000      0.000
  clock network delay (ideal)             0.000      0.000
  clock reconvergence pessimism           0.000      0.000
  output external delay                   0.000      0.000
  data required time                                 0.000
  ---------------------------------------------------------------
  data required time                                 0.000
  data arrival time                                 -1.687
  ---------------------------------------------------------------
  slack (VIOLATED)                                  -1.687


1
