Information: Updating design information... (UID-85)
 
****************************************
Report : qor
Design : mac_unit
Version: S-2021.06-SP1
Date   : Thu Nov 16 20:13:55 2023
****************************************


  Timing Path Group 'clk'
  -----------------------------------
  Levels of Logic:              31.00
  Critical Path Length:          1.70
  Critical Path Slack:          -1.70
  Critical Path Clk Period:      0.00
  Total Negative Slack:        -56.12
  No. of Violating Paths:       35.00
  Worst Hold Violation:          0.00
  Total Hold Violation:          0.00
  No. of Hold Violations:        0.00
  -----------------------------------


  Cell Count
  -----------------------------------
  Hierarchical Cell Count:          0
  Hierarchical Port Count:          0
  Leaf Cell Count:               1296
  Buf/Inv Cell Count:             290
  Buf Cell Count:                  61
  Inv Cell Count:                 229
  CT Buf/Inv Cell Count:            0
  Combinational Cell Count:      1296
  Sequential Cell Count:            0
  Macro Count:                      0
  -----------------------------------


  Area
  -----------------------------------
  Combinational Area:     1276.799999
  Noncombinational Area:     0.000000
  Buf/Inv Area:            176.092000
  Total Buffer Area:            53.73
  Total Inverter Area:         122.36
  Macro/Black Box Area:      0.000000
  Net Area:                  0.000000
  -----------------------------------
  Cell Area:              1276.799999
  Design Area:            1276.799999


  Design Rules
  -----------------------------------
  Total Number of Nets:          1372
  Nets With Violations:             0
  Max Trans Violations:             0
  Max Cap Violations:               0
  -----------------------------------


  Hostname: i80r7node6

  Compile CPU Statistics
  -----------------------------------------
  Resource Sharing:                    0.30
  Logic Optimization:                 17.93
  Mapping Optimization:               26.29
  -----------------------------------------
  Overall Compile Time:               47.89
  Overall Compile Wall Clock Time:    48.25

  --------------------------------------------------------------------

  Design  WNS: 1.70  TNS: 56.12  Number of Violating Paths: 35


  Design (Hold)  WNS: 0.00  TNS: 0.00  Number of Violating Paths: 0

  --------------------------------------------------------------------


1
