 
****************************************
Report : area
Design : mitchell_multiplier
Version: T-2022.03-SP5
Date   : Wed Jun  5 15:21:38 2024
****************************************

Library(s) Used:

    NangateOpenCellLibrary (File: /home/balaskas/libs/nangate45/db/nangate45.db)

Number of ports:                           96
Number of nets:                            83
Number of cells:                           77
Number of combinational cells:             75
Number of sequential cells:                 0
Number of macros/black boxes:               0
Number of buf/inv:                         19
Number of references:                      19

Combinational area:                 72.352000
Buf/Inv area:                       11.438000
Noncombinational area:               0.000000
Macro/Black Box area:                0.000000
Net Interconnect area:      undefined  (Wire load has zero net area)

Total cell area:                    72.352000
Total area:                 undefined
1
