 
****************************************
Report : area
Design : MBM_multiplier
Version: S-2021.06-SP1
Date   : Thu Nov 16 10:49:13 2023
****************************************

Library(s) Used:

    NangateOpenCellLibrary (File: /home/balkon00/eda/libs/nangate45/db/nangate45.db)

Number of ports:                           96
Number of nets:                           212
Number of cells:                          184
Number of combinational cells:            182
Number of sequential cells:                 0
Number of macros/black boxes:               0
Number of buf/inv:                         32
Number of references:                      22

Combinational area:                187.530000
Buf/Inv area:                       19.950000
Noncombinational area:               0.000000
Macro/Black Box area:                0.000000
Net Interconnect area:      undefined  (Wire load has zero net area)

Total cell area:                   187.530000
Total area:                 undefined

Hierarchical area distribution
------------------------------

                                  Global cell area          Local cell area
                                  ------------------  --------------------------- 
Hierarchical cell                 Absolute   Percent  Combi-    Noncombi-  Black-
                                  Total      Total    national  national   boxes   Design
--------------------------------  ---------  -------  --------  ---------  ------  ---------
MBM_multiplier                     187.5300    100.0  187.5300     0.0000  0.0000  MBM_multiplier
--------------------------------  ---------  -------  --------  ---------  ------  ---------
Total                                                 187.5300     0.0000  0.0000

1
