 
****************************************
Report : timing
        -path full
        -delay max
        -max_paths 1
Design : MBM_multiplier
Version: S-2021.06-SP1
Date   : Thu Nov 16 10:49:13 2023
****************************************

Operating Conditions: typical   Library: NangateOpenCellLibrary
Wire Load Model Mode: top

  Startpoint: operand_b[16]
              (input port clocked by clk)
  Endpoint: product[40]
            (output port clocked by clk)
  Path Group: clk
  Path Type: max

  Des/Clust/Port     Wire Load Model       Library
  ------------------------------------------------
  MBM_multiplier     5K_hvratio_1_1        NangateOpenCellLibrary

  Point                                    Incr       Path
  -----------------------------------------------------------
  clock clk (rise edge)                   0.000      0.000
  clock network delay (ideal)             0.000      0.000
  input external delay                    0.000      0.000 f
  operand_b[16] (in)                      0.000      0.000 f
  U79/ZN (OR2_X1)                         0.059      0.059 f
  U121/ZN (NAND2_X1)                      0.029      0.088 r
  U123/ZN (OAI211_X1)                     0.042      0.130 f
  U124/ZN (INV_X1)                        0.034      0.165 r
  U153/ZN (NAND2_X1)                      0.031      0.196 f
  U70/ZN (OR2_X1)                         0.059      0.254 f
  U171/ZN (AOI21_X1)                      0.064      0.318 r
  U215/Z (XOR2_X1)                        0.074      0.393 r
  U216/Z (MUX2_X1)                        0.043      0.436 r
  product[40] (out)                       0.002      0.438 r
  data arrival time                                  0.438

  clock clk (rise edge)                   0.000      0.000
  clock network delay (ideal)             0.000      0.000
  output external delay                   0.000      0.000
  data required time                                 0.000
  -----------------------------------------------------------
  data required time                                 0.000
  data arrival time                                 -0.438
  -----------------------------------------------------------
  slack (VIOLATED)                                  -0.438


1
