 
****************************************
Report : area
Design : mitchell_multiplier
Version: T-2022.03-SP5
Date   : Wed Jun  5 15:18:43 2024
****************************************

Library(s) Used:

    NangateOpenCellLibrary (File: /home/balaskas/libs/nangate45/db/nangate45.db)

Number of ports:                           96
Number of nets:                           288
Number of cells:                          272
Number of combinational cells:            270
Number of sequential cells:                 0
Number of macros/black boxes:               0
Number of buf/inv:                         65
Number of references:                      25

Combinational area:                258.020001
Buf/Inv area:                       38.836000
Noncombinational area:               0.000000
Macro/Black Box area:                0.000000
Net Interconnect area:      undefined  (Wire load has zero net area)

Total cell area:                   258.020001
Total area:                 undefined
1
