 
****************************************
Report : timing
        -path full
        -delay max
        -max_paths 1
Design : mitchell_multiplier
Version: T-2022.03-SP5
Date   : Wed Jun  5 15:18:43 2024
****************************************

Operating Conditions: typical   Library: NangateOpenCellLibrary
Wire Load Model Mode: top

  Startpoint: operand_a[23]
              (input port clocked by clk)
  Endpoint: product[46]
            (output port clocked by clk)
  Path Group: clk
  Path Type: max

  Des/Clust/Port     Wire Load Model       Library
  ------------------------------------------------
  mitchell_multiplier
                     5K_hvratio_1_1        NangateOpenCellLibrary

  Point                                    Incr       Path
  -----------------------------------------------------------
  clock clk (rise edge)                    0.00       0.00
  clock network delay (ideal)              0.00       0.00
  input external delay                     0.00       0.00 f
  operand_a[23] (in)                       0.00       0.00 f
  U331/ZN (OR2_X1)                         0.06       0.06 f
  U370/ZN (NOR2_X1)                        0.05       0.11 r
  U467/ZN (XNOR2_X1)                       0.07       0.18 r
  U396/Z (MUX2_X1)                         0.09       0.28 f
  U516/ZN (OAI211_X1)                      0.05       0.33 r
  U359/ZN (AND2_X1)                        0.07       0.39 r
  U534/ZN (AND3_X1)                        0.05       0.44 r
  product[46] (out)                        0.00       0.45 r
  data arrival time                                   0.45

  clock clk (rise edge)                    0.00       0.00
  clock network delay (ideal)              0.00       0.00
  output external delay                    0.00       0.00
  data required time                                  0.00
  -----------------------------------------------------------
  data required time                                  0.00
  data arrival time                                  -0.45
  -----------------------------------------------------------
  slack (VIOLATED)                                   -0.45


1
