****************************************
Report : timing
	-path_type full
	-delay_type max
	-max_paths 1
	-sort_by slack
Design : fp_multiplier
Version: S-2021.06-SP1
Date   : Thu Nov 16 11:35:23 2023
****************************************


  Startpoint: b_operand[24]
               (input port clocked by clk)
  Endpoint: result[19] (output port clocked by clk)
  Path Group: clk
  Path Type: max

  Point                                    Incr       Path
  ---------------------------------------------------------------
  clock clk (rise edge)                   0.000      0.000
  clock network delay (ideal)             0.000      0.000
  input external delay                    0.000      0.000 f
  b_operand[24] (in)                      0.000      0.000 f
  U217/ZN (OR2_X2)                        0.065      0.065 f
  U192/ZN (OAI21_X1)                      0.039      0.103 r
  U193/ZN (OAI211_X1)                     0.044      0.147 f
  U216/ZN (NAND2_X1)                      0.043      0.191 r
  U187/ZN (AND2_X1)                       0.050      0.240 r
  U164/ZN (AND4_X2)                       0.076      0.316 r
  U271/ZN (NAND2_X1)                      0.036      0.352 f
  U272/ZN (NAND2_X1)                      0.026      0.379 r
  result[19] (out)                        0.002      0.380 r
  data arrival time                                  0.380

  clock clk (rise edge)                   0.000      0.000
  clock network delay (ideal)             0.000      0.000
  clock reconvergence pessimism           0.000      0.000
  output external delay                   0.000      0.000
  data required time                                 0.000
  ---------------------------------------------------------------
  data required time                                 0.000
  data arrival time                                 -0.380
  ---------------------------------------------------------------
  slack (VIOLATED)                                  -0.380


1
