Information: Updating design information... (UID-85)
 
****************************************
Report : qor
Design : fp_multiplier
Version: S-2021.06-SP1
Date   : Thu Nov 16 11:34:14 2023
****************************************


  Timing Path Group 'clk'
  -----------------------------------
  Levels of Logic:               8.00
  Critical Path Length:          0.41
  Critical Path Slack:          -0.41
  Critical Path Clk Period:      0.00
  Total Negative Slack:         -8.05
  No. of Violating Paths:       21.00
  Worst Hold Violation:          0.00
  Total Hold Violation:          0.00
  No. of Hold Violations:        0.00
  -----------------------------------


  Cell Count
  -----------------------------------
  Hierarchical Cell Count:          0
  Hierarchical Port Count:          0
  Leaf Cell Count:                201
  Buf/Inv Cell Count:              30
  Buf Cell Count:                   3
  Inv Cell Count:                  27
  CT Buf/Inv Cell Count:            0
  Combinational Cell Count:       201
  Sequential Cell Count:            0
  Macro Count:                      0
  -----------------------------------


  Area
  -----------------------------------
  Combinational Area:      205.884001
  Noncombinational Area:     0.000000
  Buf/Inv Area:             16.758000
  Total Buffer Area:             2.39
  Total Inverter Area:          14.36
  Macro/Black Box Area:      0.000000
  Net Area:                  0.000000
  -----------------------------------
  Cell Area:               205.884001
  Design Area:             205.884001


  Design Rules
  -----------------------------------
  Total Number of Nets:           232
  Nets With Violations:             0
  Max Trans Violations:             0
  Max Cap Violations:               0
  -----------------------------------


  Hostname: i80r7node7

  Compile CPU Statistics
  -----------------------------------------
  Resource Sharing:                    0.15
  Logic Optimization:                  1.34
  Mapping Optimization:                4.01
  -----------------------------------------
  Overall Compile Time:                7.32
  Overall Compile Wall Clock Time:     7.62

  --------------------------------------------------------------------

  Design  WNS: 0.41  TNS: 8.05  Number of Violating Paths: 21


  Design (Hold)  WNS: 0.00  TNS: 0.00  Number of Violating Paths: 0

  --------------------------------------------------------------------


1
