****************************************
Report : timing
	-path_type full
	-delay_type max
	-max_paths 1
	-sort_by slack
Design : fp_multiplier
Version: S-2021.06-SP1
Date   : Thu Nov 16 11:34:17 2023
****************************************


  Startpoint: b_operand[26]
               (input port clocked by clk)
  Endpoint: result[20] (output port clocked by clk)
  Path Group: clk
  Path Type: max

  Point                                    Incr       Path
  ---------------------------------------------------------------
  clock clk (rise edge)                   0.000      0.000
  clock network delay (ideal)             0.000      0.000
  input external delay                    0.000      0.000 f
  b_operand[26] (in)                      0.000      0.000 f
  U152/ZN (OR2_X1)                        0.058      0.058 f
  U208/ZN (NAND2_X1)                      0.041      0.099 r
  U177/ZN (OAI211_X1)                     0.046      0.145 f
  U179/ZN (OR2_X1)                        0.059      0.204 f
  U176/ZN (OAI211_X1)                     0.061      0.266 r
  U185/ZN (OR2_X2)                        0.064      0.329 r
  U286/ZN (OAI22_X1)                      0.045      0.374 f
  U287/ZN (AND2_X1)                       0.035      0.409 f
  result[20] (out)                        0.002      0.411 f
  data arrival time                                  0.411

  clock clk (rise edge)                   0.000      0.000
  clock network delay (ideal)             0.000      0.000
  clock reconvergence pessimism           0.000      0.000
  output external delay                   0.000      0.000
  data required time                                 0.000
  ---------------------------------------------------------------
  data required time                                 0.000
  data arrival time                                 -0.411
  ---------------------------------------------------------------
  slack (VIOLATED)                                  -0.411


1
