Information: Updating design information... (UID-85)
 
****************************************
Report : qor
Design : MBM_multiplier
Version: S-2021.06-SP1
Date   : Thu Nov 16 10:50:11 2023
****************************************


  Timing Path Group 'clk'
  -----------------------------------
  Levels of Logic:               8.00
  Critical Path Length:          0.39
  Critical Path Slack:          -0.39
  Critical Path Clk Period:      0.00
  Total Negative Slack:         -5.34
  No. of Violating Paths:       14.00
  Worst Hold Violation:          0.00
  Total Hold Violation:          0.00
  No. of Hold Violations:        0.00
  -----------------------------------


  Cell Count
  -----------------------------------
  Hierarchical Cell Count:          0
  Hierarchical Port Count:          0
  Leaf Cell Count:                137
  Buf/Inv Cell Count:              20
  Buf Cell Count:                   1
  Inv Cell Count:                  19
  CT Buf/Inv Cell Count:            0
  Combinational Cell Count:       137
  Sequential Cell Count:            0
  Macro Count:                      0
  -----------------------------------


  Area
  -----------------------------------
  Combinational Area:      144.970000
  Noncombinational Area:     0.000000
  Buf/Inv Area:             10.906000
  Total Buffer Area:             0.80
  Total Inverter Area:          10.11
  Macro/Black Box Area:      0.000000
  Net Area:                  0.000000
  -----------------------------------
  Cell Area:               144.970000
  Design Area:             144.970000


  Design Rules
  -----------------------------------
  Total Number of Nets:           163
  Nets With Violations:             0
  Max Trans Violations:             0
  Max Cap Violations:               0
  -----------------------------------


  Hostname: i80r7node7

  Compile CPU Statistics
  -----------------------------------------
  Resource Sharing:                    0.09
  Logic Optimization:                  0.66
  Mapping Optimization:                4.65
  -----------------------------------------
  Overall Compile Time:                7.17
  Overall Compile Wall Clock Time:     7.44

  --------------------------------------------------------------------

  Design  WNS: 0.39  TNS: 5.34  Number of Violating Paths: 14


  Design (Hold)  WNS: 0.00  TNS: 0.00  Number of Violating Paths: 0

  --------------------------------------------------------------------


1
