 
****************************************
Report : timing
        -path full
        -delay max
        -max_paths 1
Design : MBM_multiplier
Version: S-2021.06-SP1
Date   : Thu Nov 16 10:50:11 2023
****************************************

Operating Conditions: typical   Library: NangateOpenCellLibrary
Wire Load Model Mode: top

  Startpoint: operand_b[14]
              (input port clocked by clk)
  Endpoint: product[43]
            (output port clocked by clk)
  Path Group: clk
  Path Type: max

  Des/Clust/Port     Wire Load Model       Library
  ------------------------------------------------
  MBM_multiplier     5K_hvratio_1_1        NangateOpenCellLibrary

  Point                                    Incr       Path
  -----------------------------------------------------------
  clock clk (rise edge)                   0.000      0.000
  clock network delay (ideal)             0.000      0.000
  input external delay                    0.000      0.000 f
  operand_b[14] (in)                      0.000      0.000 f
  U70/ZN (OR2_X1)                         0.059      0.059 f
  U92/ZN (NAND2_X1)                       0.029      0.088 r
  U94/ZN (NAND2_X1)                       0.030      0.118 f
  U95/ZN (NAND2_X1)                       0.038      0.157 r
  U72/ZN (NAND4_X1)                       0.063      0.219 f
  U124/ZN (AOI21_X1)                      0.059      0.278 r
  U126/ZN (XNOR2_X1)                      0.066      0.345 r
  U182/Z (MUX2_X1)                        0.046      0.391 r
  product[43] (out)                       0.002      0.393 r
  data arrival time                                  0.393

  clock clk (rise edge)                   0.000      0.000
  clock network delay (ideal)             0.000      0.000
  output external delay                   0.000      0.000
  data required time                                 0.000
  -----------------------------------------------------------
  data required time                                 0.000
  data arrival time                                 -0.393
  -----------------------------------------------------------
  slack (VIOLATED)                                  -0.393


1
