****************************************
Report : timing
	-path_type full
	-delay_type max
	-max_paths 1
	-sort_by slack
Design : MBM_multiplier
Version: S-2021.06-SP1
Date   : Thu Nov 16 10:50:15 2023
****************************************


  Startpoint: operand_b[13]
               (input port clocked by clk)
  Endpoint: product[43]
               (output port clocked by clk)
  Path Group: clk
  Path Type: max

  Point                                    Incr       Path
  ---------------------------------------------------------------
  clock clk (rise edge)                   0.000      0.000
  clock network delay (ideal)             0.000      0.000
  input external delay                    0.000      0.000 f
  operand_b[13] (in)                      0.000      0.000 f
  U80/ZN (OR2_X1)                         0.058      0.058 f
  U81/ZN (NAND2_X1)                       0.038      0.095 r
  U82/ZN (INV_X1)                         0.031      0.126 f
  U89/ZN (NAND4_X1)                       0.038      0.164 r
  U72/ZN (NAND4_X1)                       0.055      0.219 f
  U124/ZN (AOI21_X1)                      0.058      0.277 r
  U126/ZN (XNOR2_X1)                      0.066      0.343 r
  U182/Z (MUX2_X1)                        0.046      0.389 r
  product[43] (out)                       0.002      0.391 r
  data arrival time                                  0.391

  clock clk (rise edge)                   0.000      0.000
  clock network delay (ideal)             0.000      0.000
  clock reconvergence pessimism           0.000      0.000
  output external delay                   0.000      0.000
  data required time                                 0.000
  ---------------------------------------------------------------
  data required time                                 0.000
  data arrival time                                 -0.391
  ---------------------------------------------------------------
  slack (VIOLATED)                                  -0.391


1
