 
****************************************
Report : timing
        -path full
        -delay max
        -max_paths 1
Design : MBM_multiplier
Version: S-2021.06-SP1
Date   : Thu Nov 16 10:57:56 2023
****************************************

Operating Conditions: typical   Library: NangateOpenCellLibrary
Wire Load Model Mode: top

  Startpoint: operand_a[4]
              (input port clocked by clk)
  Endpoint: product[12]
            (output port clocked by clk)
  Path Group: clk
  Path Type: max

  Des/Clust/Port     Wire Load Model       Library
  ------------------------------------------------
  MBM_multiplier     5K_hvratio_1_1        NangateOpenCellLibrary

  Point                                    Incr       Path
  -----------------------------------------------------------
  clock clk (rise edge)                   0.000      0.000
  clock network delay (ideal)             0.000      0.000
  input external delay                    0.000      0.000 f
  operand_a[4] (in)                       0.000      0.000 f
  U69/ZN (XNOR2_X1)                       0.068      0.068 f
  U38/ZN (OR2_X2)                         0.070      0.138 f
  U72/ZN (NOR2_X1)                        0.052      0.190 r
  U57/ZN (INV_X1)                         0.027      0.218 f
  U53/ZN (NAND2_X1)                       0.031      0.249 r
  U54/ZN (NAND2_X1)                       0.025      0.274 f
  product[12] (out)                       0.002      0.276 f
  data arrival time                                  0.276

  clock clk (rise edge)                   0.000      0.000
  clock network delay (ideal)             0.000      0.000
  output external delay                   0.000      0.000
  data required time                                 0.000
  -----------------------------------------------------------
  data required time                                 0.000
  data arrival time                                 -0.276
  -----------------------------------------------------------
  slack (VIOLATED)                                  -0.276


1
