****************************************
Report : Averaged Power
Design : mitchell_multiplier
Version: T-2022.03-SP5
Date   : Wed Jun  5 15:19:50 2024
****************************************



  Attributes
  ----------
      i  -  Including register clock pin internal power
      u  -  User defined power group

                        Internal  Switching  Leakage    Total
Power Group             Power     Power      Power      Power   (     %)  Attrs
--------------------------------------------------------------------------------
clock_network              0.0000    0.0000    0.0000    0.0000 ( 0.00%)  i
register                   0.0000    0.0000    0.0000    0.0000 ( 0.00%)  
combinational           9.515e-05 1.051e-04 5.257e-06 2.055e-04 (100.00%) 
sequential                 0.0000    0.0000    0.0000    0.0000 ( 0.00%)  
memory                     0.0000    0.0000    0.0000    0.0000 ( 0.00%)  
io_pad                     0.0000    0.0000    0.0000    0.0000 ( 0.00%)  
black_box                  0.0000    0.0000    0.0000    0.0000 ( 0.00%)  

  Net Switching Power  = 1.051e-04   (51.13%)
  Cell Internal Power  = 9.515e-05   (46.31%)
  Cell Leakage Power   = 5.257e-06   ( 2.56%)
                         ---------
Total Power            = 2.055e-04  (100.00%)

1
