 
****************************************
Report : area
Design : mitchell_multiplier
Version: T-2022.03-SP5
Date   : Wed Jun  5 15:03:28 2024
****************************************

Library(s) Used:

    NangateOpenCellLibrary (File: /home/balaskas/libs/nangate45/db/nangate45.db)

Number of ports:                           96
Number of nets:                          1106
Number of cells:                         1070
Number of combinational cells:           1065
Number of sequential cells:                 0
Number of macros/black boxes:               0
Number of buf/inv:                        177
Number of references:                      39

Combinational area:               1039.794001
Buf/Inv area:                      107.730000
Noncombinational area:               0.000000
Macro/Black Box area:                0.000000
Net Interconnect area:      undefined  (Wire load has zero net area)

Total cell area:                  1039.794001
Total area:                 undefined

Hierarchical area distribution
------------------------------

                                  Global cell area          Local cell area
                                  ------------------  ---------------------------- 
Hierarchical cell                 Absolute   Percent  Combi-     Noncombi-  Black-
                                  Total      Total    national   national   boxes   Design
--------------------------------  ---------  -------  ---------  ---------  ------  ---------
mitchell_multiplier               1039.7940    100.0  1039.7940     0.0000  0.0000  mitchell_multiplier
--------------------------------  ---------  -------  ---------  ---------  ------  ---------
Total                                                 1039.7940     0.0000  0.0000

1
