 
****************************************
Report : timing
        -path full
        -delay max
        -max_paths 1
Design : fp_multiplier
Version: S-2021.06-SP1
Date   : Thu Nov 16 11:32:34 2023
****************************************

Operating Conditions: typical   Library: NangateOpenCellLibrary
Wire Load Model Mode: top

  Startpoint: a_operand[24]
              (input port clocked by clk)
  Endpoint: result[13] (output port clocked by clk)
  Path Group: clk
  Path Type: max

  Des/Clust/Port     Wire Load Model       Library
  ------------------------------------------------
  fp_multiplier      5K_hvratio_1_1        NangateOpenCellLibrary

  Point                                    Incr       Path
  -----------------------------------------------------------
  clock clk (rise edge)                   0.000      0.000
  clock network delay (ideal)             0.000      0.000
  input external delay                    0.000      0.000 r
  a_operand[24] (in)                      0.000      0.000 r
  U193/ZN (OR2_X2)                        0.046      0.046 r
  U183/ZN (OAI21_X1)                      0.038      0.084 f
  U185/ZN (OAI211_X1)                     0.045      0.129 r
  U195/ZN (INV_X1)                        0.025      0.154 f
  U207/ZN (NAND4_X1)                      0.031      0.185 r
  U128/ZN (AND4_X2)                       0.061      0.246 r
  U181/ZN (AND2_X2)                       0.050      0.296 r
  U179/ZN (AND2_X2)                       0.075      0.371 r
  U254/ZN (NAND2_X1)                      0.040      0.412 f
  U256/ZN (NAND2_X1)                      0.025      0.437 r
  result[13] (out)                        0.002      0.439 r
  data arrival time                                  0.439

  clock clk (rise edge)                   0.000      0.000
  clock network delay (ideal)             0.000      0.000
  output external delay                   0.000      0.000
  data required time                                 0.000
  -----------------------------------------------------------
  data required time                                 0.000
  data arrival time                                 -0.439
  -----------------------------------------------------------
  slack (VIOLATED)                                  -0.439


1
