****************************************
Report : timing
	-path_type full
	-delay_type max
	-max_paths 1
	-sort_by slack
Design : fp_multiplier
Version: S-2021.06-SP1
Date   : Thu Nov 16 11:32:37 2023
****************************************


  Startpoint: a_operand[24]
               (input port clocked by clk)
  Endpoint: result[20] (output port clocked by clk)
  Path Group: clk
  Path Type: max

  Point                                    Incr       Path
  ---------------------------------------------------------------
  clock clk (rise edge)                   0.000      0.000
  clock network delay (ideal)             0.000      0.000
  input external delay                    0.000      0.000 r
  a_operand[24] (in)                      0.000      0.000 r
  U193/ZN (OR2_X2)                        0.045      0.045 r
  U183/ZN (OAI21_X1)                      0.038      0.083 f
  U185/ZN (OAI211_X1)                     0.045      0.129 r
  U195/ZN (INV_X1)                        0.025      0.154 f
  U207/ZN (NAND4_X1)                      0.031      0.184 r
  U128/ZN (AND4_X2)                       0.060      0.245 r
  U181/ZN (AND2_X2)                       0.050      0.295 r
  U179/ZN (AND2_X2)                       0.074      0.369 r
  U178/ZN (NAND2_X1)                      0.040      0.409 f
  U175/ZN (NAND2_X1)                      0.025      0.434 r
  result[20] (out)                        0.002      0.436 r
  data arrival time                                  0.436

  clock clk (rise edge)                   0.000      0.000
  clock network delay (ideal)             0.000      0.000
  clock reconvergence pessimism           0.000      0.000
  output external delay                   0.000      0.000
  data required time                                 0.000
  ---------------------------------------------------------------
  data required time                                 0.000
  data arrival time                                 -0.436
  ---------------------------------------------------------------
  slack (VIOLATED)                                  -0.436


1
