 
****************************************
Report : timing
        -path full
        -delay max
        -max_paths 1
Design : fp_multiplier
Version: S-2021.06-SP1
Date   : Thu Nov 16 11:34:45 2023
****************************************

Operating Conditions: typical   Library: NangateOpenCellLibrary
Wire Load Model Mode: top

  Startpoint: b_operand[23]
              (input port clocked by clk)
  Endpoint: result[30] (output port clocked by clk)
  Path Group: clk
  Path Type: max

  Des/Clust/Port     Wire Load Model       Library
  ------------------------------------------------
  fp_multiplier      5K_hvratio_1_1        NangateOpenCellLibrary

  Point                                    Incr       Path
  -----------------------------------------------------------
  clock clk (rise edge)                   0.000      0.000
  clock network delay (ideal)             0.000      0.000
  input external delay                    0.000      0.000 f
  b_operand[23] (in)                      0.000      0.000 f
  U160/ZN (OR2_X1)                        0.059      0.059 f
  U182/ZN (OAI21_X1)                      0.053      0.112 r
  U199/ZN (OAI211_X1)                     0.055      0.167 f
  U256/ZN (NAND3_X1)                      0.042      0.209 r
  U179/ZN (AND2_X2)                       0.051      0.260 r
  U134/ZN (XNOR2_X1)                      0.066      0.326 r
  U133/ZN (NAND2_X1)                      0.031      0.357 f
  U332/ZN (NAND2_X1)                      0.024      0.381 r
  result[30] (out)                        0.002      0.383 r
  data arrival time                                  0.383

  clock clk (rise edge)                   0.000      0.000
  clock network delay (ideal)             0.000      0.000
  output external delay                   0.000      0.000
  data required time                                 0.000
  -----------------------------------------------------------
  data required time                                 0.000
  data arrival time                                 -0.383
  -----------------------------------------------------------
  slack (VIOLATED)                                  -0.383


1
