****************************************
Report : timing
	-path_type full
	-delay_type max
	-max_paths 1
	-sort_by slack
Design : mitchell_multiplier
Version: T-2022.03-SP5
Date   : Wed Jun  5 15:21:15 2024
****************************************


  Startpoint: operand_b[21]
               (input port clocked by clk)
  Endpoint: product[21]
               (output port clocked by clk)
  Path Group: clk
  Path Type: max

  Point                                    Incr       Path
  ---------------------------------------------------------------
  clock clk (rise edge)                    0.00       0.00
  clock network delay (ideal)              0.00       0.00
  input external delay                     0.00       0.00 r
  operand_b[21] (in)                       0.00       0.00 r
  U244/ZN (INV_X1)                         0.03       0.03 f
  U228/ZN (OAI21_X2)                       0.06       0.09 r
  U249/ZN (NAND2_X1)                       0.06       0.15 f
  U232/ZN (XNOR2_X1)                       0.07       0.22 f
  U260/ZN (INV_X1)                         0.05       0.27 r
  U296/ZN (AND3_X1)                        0.05       0.32 r
  product[21] (out)                        0.00       0.32 r
  data arrival time                                   0.32

  clock clk (rise edge)                    0.00       0.00
  clock network delay (ideal)              0.00       0.00
  clock reconvergence pessimism            0.00       0.00
  output external delay                    0.00       0.00
  data required time                                  0.00
  ---------------------------------------------------------------
  data required time                                  0.00
  data arrival time                                  -0.32
  ---------------------------------------------------------------
  slack (VIOLATED)                                   -0.32


1
