Information: Updating design information... (UID-85)
 
****************************************
Report : qor
Design : mitchell_multiplier
Version: T-2022.03-SP5
Date   : Wed Jun  5 15:21:11 2024
****************************************


  Timing Path Group 'clk'
  -----------------------------------
  Levels of Logic:               7.00
  Critical Path Length:          0.33
  Critical Path Slack:          -0.33
  Critical Path Clk Period:      0.00
  Total Negative Slack:         -3.69
  No. of Violating Paths:       12.00
  Worst Hold Violation:          0.00
  Total Hold Violation:          0.00
  No. of Hold Violations:        0.00
  -----------------------------------


  Cell Count
  -----------------------------------
  Hierarchical Cell Count:          0
  Hierarchical Port Count:          0
  Leaf Cell Count:                102
  Buf/Inv Cell Count:              24
  Buf Cell Count:                   4
  Inv Cell Count:                  20
  CT Buf/Inv Cell Count:            0
  Combinational Cell Count:       102
  Sequential Cell Count:            0
  Macro Count:                      0
  -----------------------------------


  Area
  -----------------------------------
  Combinational Area:      101.080000
  Noncombinational Area:     0.000000
  Buf/Inv Area:             13.832000
  Total Buffer Area:             3.19
  Total Inverter Area:          10.64
  Macro/Black Box Area:      0.000000
  Net Area:                  0.000000
  -----------------------------------
  Cell Area:               101.080000
  Design Area:             101.080000


  Design Rules
  -----------------------------------
  Total Number of Nets:           111
  Nets With Violations:             0
  Max Trans Violations:             0
  Max Cap Violations:               0
  -----------------------------------


  Hostname: kamino.ceid.upatras.gr

  Compile CPU Statistics
  -----------------------------------------
  Resource Sharing:                    0.31
  Logic Optimization:                  0.65
  Mapping Optimization:                3.10
  -----------------------------------------
  Overall Compile Time:                5.95
  Overall Compile Wall Clock Time:     6.38

  --------------------------------------------------------------------

  Design  WNS: 0.33  TNS: 3.69  Number of Violating Paths: 12


  Design (Hold)  WNS: 0.00  TNS: 0.00  Number of Violating Paths: 0

  --------------------------------------------------------------------


1
