 
****************************************
Report : area
Design : mitchell_multiplier
Version: T-2022.03-SP5
Date   : Wed Jun  5 15:21:11 2024
****************************************

Library(s) Used:

    NangateOpenCellLibrary (File: /home/balaskas/libs/nangate45/db/nangate45.db)

Number of ports:                           96
Number of nets:                           111
Number of cells:                          103
Number of combinational cells:            102
Number of sequential cells:                 0
Number of macros/black boxes:               0
Number of buf/inv:                         24
Number of references:                      18

Combinational area:                101.080000
Buf/Inv area:                       13.832000
Noncombinational area:               0.000000
Macro/Black Box area:                0.000000
Net Interconnect area:      undefined  (Wire load has zero net area)

Total cell area:                   101.080000
Total area:                 undefined
1
