 
****************************************
Report : area
Design : mitchell_multiplier
Version: T-2022.03-SP5
Date   : Wed Jun  5 15:20:38 2024
****************************************

Library(s) Used:

    NangateOpenCellLibrary (File: /home/balaskas/libs/nangate45/db/nangate45.db)

Number of ports:                           96
Number of nets:                           177
Number of cells:                          167
Number of combinational cells:            166
Number of sequential cells:                 0
Number of macros/black boxes:               0
Number of buf/inv:                         37
Number of references:                      28

Combinational area:                161.994000
Buf/Inv area:                       21.546000
Noncombinational area:               0.000000
Macro/Black Box area:                0.000000
Net Interconnect area:      undefined  (Wire load has zero net area)

Total cell area:                   161.994000
Total area:                 undefined
1
