****************************************
Report : timing
	-path_type full
	-delay_type max
	-max_paths 1
	-sort_by slack
Design : mitchell_multiplier
Version: T-2022.03-SP5
Date   : Wed Jun  5 15:15:44 2024
****************************************


  Startpoint: operand_b[14]
               (input port clocked by clk)
  Endpoint: product[42]
               (output port clocked by clk)
  Path Group: clk
  Path Type: max

  Point                                    Incr       Path
  ---------------------------------------------------------------
  clock clk (rise edge)                    0.00       0.00
  clock network delay (ideal)              0.00       0.00
  input external delay                     0.00       0.00 r
  operand_b[14] (in)                       0.00       0.00 r
  U500/ZN (INV_X1)                         0.03       0.03 f
  U389/ZN (OR2_X2)                         0.06       0.08 f
  U459/ZN (NAND2_X1)                       0.04       0.12 r
  U608/ZN (INV_X1)                         0.02       0.15 f
  U475/ZN (OR2_X1)                         0.06       0.20 f
  U448/ZN (NOR2_X1)                        0.04       0.24 r
  U610/ZN (OAI21_X1)                       0.04       0.28 f
  U615/ZN (OAI21_X1)                       0.06       0.35 r
  U616/ZN (OR2_X1)                         0.04       0.39 r
  U638/ZN (AND4_X2)                        0.07       0.45 r
  U705/ZN (INV_X1)                         0.03       0.48 f
  U734/ZN (OR2_X1)                         0.06       0.55 f
  U764/ZN (AND2_X1)                        0.04       0.59 f
  U765/ZN (NAND4_X1)                       0.04       0.62 r
  U766/ZN (NAND2_X1)                       0.02       0.65 f
  product[42] (out)                        0.00       0.65 f
  data arrival time                                   0.65

  clock clk (rise edge)                    0.00       0.00
  clock network delay (ideal)              0.00       0.00
  clock reconvergence pessimism            0.00       0.00
  output external delay                    0.00       0.00
  data required time                                  0.00
  ---------------------------------------------------------------
  data required time                                  0.00
  data arrival time                                  -0.65
  ---------------------------------------------------------------
  slack (VIOLATED)                                   -0.65


1
