 
****************************************
Report : timing
        -path full
        -delay max
        -max_paths 1
Design : mitchell_multiplier
Version: T-2022.03-SP5
Date   : Wed Jun  5 15:15:40 2024
****************************************

Operating Conditions: typical   Library: NangateOpenCellLibrary
Wire Load Model Mode: top

  Startpoint: operand_a[16]
              (input port clocked by clk)
  Endpoint: product[37]
            (output port clocked by clk)
  Path Group: clk
  Path Type: max

  Des/Clust/Port     Wire Load Model       Library
  ------------------------------------------------
  mitchell_multiplier
                     5K_hvratio_1_1        NangateOpenCellLibrary

  Point                                    Incr       Path
  -----------------------------------------------------------
  clock clk (rise edge)                    0.00       0.00
  clock network delay (ideal)              0.00       0.00
  input external delay                     0.00       0.00 f
  operand_a[16] (in)                       0.00       0.00 f
  U465/ZN (OR2_X2)                         0.06       0.06 f
  U378/ZN (NOR3_X1)                        0.08       0.14 r
  U514/ZN (NOR2_X1)                        0.03       0.17 f
  U517/ZN (AND2_X1)                        0.05       0.22 f
  U518/ZN (OAI21_X1)                       0.05       0.26 r
  U520/ZN (OAI211_X1)                      0.06       0.32 f
  U521/ZN (OR2_X1)                         0.07       0.39 f
  U525/ZN (XNOR2_X2)                       0.08       0.47 f
  U526/ZN (INV_X1)                         0.05       0.52 r
  U530/ZN (AND2_X2)                        0.06       0.58 r
  U675/ZN (NAND2_X1)                       0.04       0.62 f
  U676/ZN (NAND4_X1)                       0.03       0.65 r
  product[37] (out)                        0.00       0.65 r
  data arrival time                                   0.65

  clock clk (rise edge)                    0.00       0.00
  clock network delay (ideal)              0.00       0.00
  output external delay                    0.00       0.00
  data required time                                  0.00
  -----------------------------------------------------------
  data required time                                  0.00
  data arrival time                                  -0.65
  -----------------------------------------------------------
  slack (VIOLATED)                                   -0.65


1
