 
****************************************
Report : area
Design : mitchell_multiplier
Version: T-2022.03-SP5
Date   : Wed Jun  5 15:15:40 2024
****************************************

Library(s) Used:

    NangateOpenCellLibrary (File: /home/balaskas/libs/nangate45/db/nangate45.db)

Number of ports:                           96
Number of nets:                           455
Number of cells:                          433
Number of combinational cells:            427
Number of sequential cells:                 0
Number of macros/black boxes:               0
Number of buf/inv:                         93
Number of references:                      32

Combinational area:                423.738002
Buf/Inv area:                       54.796000
Noncombinational area:               0.000000
Macro/Black Box area:                0.000000
Net Interconnect area:      undefined  (Wire load has zero net area)

Total cell area:                   423.738002
Total area:                 undefined
1
