Information: Updating design information... (UID-85)
 
****************************************
Report : qor
Design : mac_unit
Version: S-2021.06-SP1
Date   : Thu Nov 16 20:34:42 2023
****************************************


  Timing Path Group 'clk'
  -----------------------------------
  Levels of Logic:              34.00
  Critical Path Length:          1.75
  Critical Path Slack:          -1.75
  Critical Path Clk Period:      0.00
  Total Negative Slack:        -57.12
  No. of Violating Paths:       35.00
  Worst Hold Violation:          0.00
  Total Hold Violation:          0.00
  No. of Hold Violations:        0.00
  -----------------------------------


  Cell Count
  -----------------------------------
  Hierarchical Cell Count:          0
  Hierarchical Port Count:          0
  Leaf Cell Count:               1017
  Buf/Inv Cell Count:             215
  Buf Cell Count:                  44
  Inv Cell Count:                 171
  CT Buf/Inv Cell Count:            0
  Combinational Cell Count:      1017
  Sequential Cell Count:            0
  Macro Count:                      0
  -----------------------------------


  Area
  -----------------------------------
  Combinational Area:     1002.021999
  Noncombinational Area:     0.000000
  Buf/Inv Area:            127.680000
  Total Buffer Area:            36.18
  Total Inverter Area:          91.50
  Macro/Black Box Area:      0.000000
  Net Area:                  0.000000
  -----------------------------------
  Cell Area:              1002.021999
  Design Area:            1002.021999


  Design Rules
  -----------------------------------
  Total Number of Nets:          1081
  Nets With Violations:             0
  Max Trans Violations:             0
  Max Cap Violations:               0
  -----------------------------------


  Hostname: i80r7node6

  Compile CPU Statistics
  -----------------------------------------
  Resource Sharing:                    0.25
  Logic Optimization:                 13.02
  Mapping Optimization:               35.89
  -----------------------------------------
  Overall Compile Time:               52.03
  Overall Compile Wall Clock Time:    52.38

  --------------------------------------------------------------------

  Design  WNS: 1.75  TNS: 57.12  Number of Violating Paths: 35


  Design (Hold)  WNS: 0.00  TNS: 0.00  Number of Violating Paths: 0

  --------------------------------------------------------------------


1
