 
****************************************
Report : area
Design : mac_unit
Version: S-2021.06-SP1
Date   : Thu Nov 16 20:16:45 2023
****************************************

Library(s) Used:

    NangateOpenCellLibrary (File: /home/balkon00/eda/libs/nangate45/db/nangate45.db)

Number of ports:                          131
Number of nets:                          1324
Number of cells:                         1245
Number of combinational cells:           1245
Number of sequential cells:                 0
Number of macros/black boxes:               0
Number of buf/inv:                        277
Number of references:                      40

Combinational area:               1235.304001
Buf/Inv area:                      166.516000
Noncombinational area:               0.000000
Macro/Black Box area:                0.000000
Net Interconnect area:      undefined  (Wire load has zero net area)

Total cell area:                  1235.304001
Total area:                 undefined
1
