****************************************
Report : timing
	-path_type full
	-delay_type max
	-max_paths 1
	-sort_by slack
Design : mac_unit
Version: S-2021.06-SP1
Date   : Thu Nov 16 20:16:49 2023
****************************************


  Startpoint: in_b[11] (input port clocked by clk)
  Endpoint: mac_out[18]
               (output port clocked by clk)
  Path Group: clk
  Path Type: max

  Point                                    Incr       Path
  ---------------------------------------------------------------
  clock clk (rise edge)                   0.000      0.000
  clock network delay (ideal)             0.000      0.000
  input external delay                    0.000      0.000 r
  in_b[11] (in)                           0.000      0.000 r
  U765/ZN (AND2_X2)                       0.047      0.047 r
  U767/ZN (AOI21_X1)                      0.034      0.081 f
  U654/ZN (OR3_X2)                        0.087      0.167 f
  U612/ZN (NOR2_X1)                       0.042      0.209 r
  U768/ZN (NOR2_X1)                       0.030      0.239 f
  U769/ZN (OR3_X2)                        0.098      0.337 f
  U463/ZN (AND2_X2)                       0.056      0.393 f
  U1015/ZN (NOR2_X1)                      0.061      0.454 r
  U607/ZN (OAI21_X1)                      0.052      0.506 f
  U1016/ZN (OR2_X1)                       0.066      0.571 f
  U535/ZN (AND2_X1)                       0.041      0.613 f
  U652/ZN (OAI211_X1)                     0.037      0.650 r
  U1036/ZN (AND3_X1)                      0.054      0.703 r
  U1054/ZN (OAI21_X1)                     0.033      0.736 f
  U1065/ZN (NOR2_X2)                      0.064      0.800 r
  U1071/ZN (INV_X1)                       0.034      0.834 f
  U619/ZN (AND2_X1)                       0.047      0.881 f
  U1193/ZN (INV_X1)                       0.054      0.935 r
  U1197/ZN (NOR2_X1)                      0.038      0.973 f
  U1202/ZN (OR4_X2)                       0.091      1.064 f
  U1240/ZN (AOI22_X1)                     0.056      1.120 r
  U1243/ZN (AND3_X2)                      0.065      1.185 r
  U1244/ZN (OAI22_X1)                     0.044      1.229 f
  U1416/ZN (NAND2_X1)                     0.047      1.276 r
  U1418/ZN (OAI21_X1)                     0.041      1.317 f
  U1422/ZN (AOI21_X1)                     0.059      1.376 r
  U1430/ZN (OAI21_X1)                     0.036      1.412 f
  U1431/ZN (AOI21_X1)                     0.070      1.483 r
  U642/Z (BUF_X2)                         0.067      1.550 r
  U1566/ZN (OAI21_X1)                     0.046      1.596 f
  U643/Z (XOR2_X1)                        0.073      1.669 f
  U1578/ZN (OAI22_X1)                     0.046      1.715 r
  mac_out[18] (out)                       0.002      1.717 r
  data arrival time                                  1.717

  clock clk (rise edge)                   0.000      0.000
  clock network delay (ideal)             0.000      0.000
  clock reconvergence pessimism           0.000      0.000
  output external delay                   0.000      0.000
  data required time                                 0.000
  ---------------------------------------------------------------
  data required time                                 0.000
  data arrival time                                 -1.717
  ---------------------------------------------------------------
  slack (VIOLATED)                                  -1.717


1
