 
****************************************
Report : timing
        -path full
        -delay max
        -max_paths 1
Design : fp_multiplier
Version: S-2021.06-SP1
Date   : Thu Nov 16 11:29:28 2023
****************************************

Operating Conditions: typical   Library: NangateOpenCellLibrary
Wire Load Model Mode: top

  Startpoint: b_operand[28]
              (input port clocked by clk)
  Endpoint: result[17] (output port clocked by clk)
  Path Group: clk
  Path Type: max

  Des/Clust/Port     Wire Load Model       Library
  ------------------------------------------------
  fp_multiplier      5K_hvratio_1_1        NangateOpenCellLibrary

  Point                                    Incr       Path
  -----------------------------------------------------------
  clock clk (rise edge)                   0.000      0.000
  clock network delay (ideal)             0.000      0.000
  input external delay                    0.000      0.000 f
  b_operand[28] (in)                      0.000      0.000 f
  U156/ZN (OR2_X2)                        0.063      0.063 f
  U155/ZN (NAND2_X1)                      0.038      0.101 r
  U272/ZN (NAND2_X1)                      0.031      0.133 f
  U160/ZN (NAND3_X1)                      0.032      0.165 r
  U281/ZN (NAND3_X1)                      0.036      0.201 f
  U282/ZN (AOI21_X1)                      0.061      0.262 r
  U176/ZN (AND2_X1)                       0.054      0.316 r
  U213/ZN (NAND2_X2)                      0.057      0.372 f
  U167/Z (BUF_X1)                         0.055      0.427 f
  U301/ZN (OAI22_X1)                      0.044      0.471 r
  result[17] (out)                        0.002      0.473 r
  data arrival time                                  0.473

  clock clk (rise edge)                   0.000      0.000
  clock network delay (ideal)             0.000      0.000
  output external delay                   0.000      0.000
  data required time                                 0.000
  -----------------------------------------------------------
  data required time                                 0.000
  data arrival time                                 -0.473
  -----------------------------------------------------------
  slack (VIOLATED)                                  -0.473


1
