****************************************
Report : timing
	-path_type full
	-delay_type max
	-max_paths 1
	-sort_by slack
Design : fp_multiplier
Version: S-2021.06-SP1
Date   : Thu Nov 16 11:29:32 2023
****************************************


  Startpoint: b_operand[28]
               (input port clocked by clk)
  Endpoint: result[17] (output port clocked by clk)
  Path Group: clk
  Path Type: max

  Point                                    Incr       Path
  ---------------------------------------------------------------
  clock clk (rise edge)                   0.000      0.000
  clock network delay (ideal)             0.000      0.000
  input external delay                    0.000      0.000 f
  b_operand[28] (in)                      0.000      0.000 f
  U156/ZN (OR2_X2)                        0.063      0.063 f
  U155/ZN (NAND2_X1)                      0.038      0.101 r
  U272/ZN (NAND2_X1)                      0.031      0.132 f
  U160/ZN (NAND3_X1)                      0.032      0.165 r
  U281/ZN (NAND3_X1)                      0.036      0.201 f
  U282/ZN (AOI21_X1)                      0.060      0.261 r
  U176/ZN (AND2_X1)                       0.053      0.314 r
  U213/ZN (NAND2_X2)                      0.056      0.370 f
  U167/Z (BUF_X1)                         0.055      0.425 f
  U301/ZN (OAI22_X1)                      0.044      0.468 r
  result[17] (out)                        0.002      0.470 r
  data arrival time                                  0.470

  clock clk (rise edge)                   0.000      0.000
  clock network delay (ideal)             0.000      0.000
  clock reconvergence pessimism           0.000      0.000
  output external delay                   0.000      0.000
  data required time                                 0.000
  ---------------------------------------------------------------
  data required time                                 0.000
  data arrival time                                 -0.470
  ---------------------------------------------------------------
  slack (VIOLATED)                                  -0.470


1
