****************************************
Report : timing
	-path_type full
	-delay_type max
	-max_paths 1
	-sort_by slack
Design : MBM_multiplier
Version: S-2021.06-SP1
Date   : Thu Nov 16 10:56:46 2023
****************************************


  Startpoint: operand_b[1]
               (input port clocked by clk)
  Endpoint: product[11]
               (output port clocked by clk)
  Path Group: clk
  Path Type: max

  Point                                    Incr       Path
  ---------------------------------------------------------------
  clock clk (rise edge)                   0.000      0.000
  clock network delay (ideal)             0.000      0.000
  input external delay                    0.000      0.000 f
  operand_b[1] (in)                       0.000      0.000 f
  U44/ZN (OR2_X2)                         0.062      0.062 f
  U43/ZN (NAND3_X1)                       0.036      0.098 r
  U62/ZN (NAND2_X1)                       0.031      0.129 f
  U67/ZN (XNOR2_X1)                       0.064      0.193 r
  U86/ZN (INV_X1)                         0.030      0.223 f
  U87/ZN (OAI21_X1)                       0.038      0.261 r
  U42/ZN (AND2_X2)                        0.060      0.321 r
  U57/ZN (NOR2_X1)                        0.031      0.352 f
  U105/ZN (OR2_X1)                        0.063      0.415 f
  U155/ZN (OR2_X1)                        0.053      0.468 f
  U159/ZN (AND2_X1)                       0.034      0.502 f
  product[11] (out)                       0.002      0.503 f
  data arrival time                                  0.503

  clock clk (rise edge)                   0.000      0.000
  clock network delay (ideal)             0.000      0.000
  clock reconvergence pessimism           0.000      0.000
  output external delay                   0.000      0.000
  data required time                                 0.000
  ---------------------------------------------------------------
  data required time                                 0.000
  data arrival time                                 -0.503
  ---------------------------------------------------------------
  slack (VIOLATED)                                  -0.503


1
