 
****************************************
Report : area
Design : MBM_multiplier
Version: S-2021.06-SP1
Date   : Thu Nov 16 10:56:42 2023
****************************************

Library(s) Used:

    NangateOpenCellLibrary (File: /home/balkon00/eda/libs/nangate45/db/nangate45.db)

Number of ports:                           32
Number of nets:                           142
Number of cells:                          128
Number of combinational cells:            127
Number of sequential cells:                 0
Number of macros/black boxes:               0
Number of buf/inv:                         30
Number of references:                      26

Combinational area:                129.808000
Buf/Inv area:                       18.620000
Noncombinational area:               0.000000
Macro/Black Box area:                0.000000
Net Interconnect area:      undefined  (Wire load has zero net area)

Total cell area:                   129.808000
Total area:                 undefined
1
