****************************************
Report : timing
	-path_type full
	-delay_type max
	-max_paths 1
	-sort_by slack
Design : mitchell_multiplier
Version: T-2022.03-SP5
Date   : Wed Jun  5 15:09:41 2024
****************************************


  Startpoint: operand_a[13]
               (input port clocked by clk)
  Endpoint: product[33]
               (output port clocked by clk)
  Path Group: clk
  Path Type: max

  Point                                    Incr       Path
  ---------------------------------------------------------------
  clock clk (rise edge)                    0.00       0.00
  clock network delay (ideal)              0.00       0.00
  input external delay                     0.00       0.00 r
  operand_a[13] (in)                       0.00       0.00 r
  U636/ZN (INV_X1)                         0.02       0.02 f
  U441/ZN (OR2_X1)                         0.05       0.07 f
  U635/ZN (NAND2_X1)                       0.03       0.10 r
  U558/ZN (NAND3_X1)                       0.03       0.13 f
  U409/ZN (AND3_X1)                        0.05       0.18 f
  U656/ZN (NAND2_X2)                       0.07       0.24 r
  U803/ZN (AND2_X2)                        0.08       0.33 r
  U817/ZN (NAND2_X1)                       0.04       0.37 f
  U715/ZN (OAI211_X1)                      0.04       0.41 r
  U628/ZN (AND2_X1)                        0.05       0.46 r
  U627/ZN (AOI21_X1)                       0.03       0.49 f
  U475/ZN (OR2_X1)                         0.06       0.55 f
  U901/ZN (NOR2_X1)                        0.04       0.59 r
  U998/ZN (AND2_X1)                        0.05       0.65 r
  U999/ZN (INV_X1)                         0.03       0.68 f
  U461/ZN (OAI211_X1)                      0.05       0.73 r
  U1008/ZN (INV_X1)                        0.03       0.76 f
  U1010/ZN (OAI21_X1)                      0.05       0.81 r
  U1014/ZN (OR2_X2)                        0.05       0.87 r
  U1015/ZN (NAND2_X1)                      0.04       0.90 f
  U487/ZN (AND2_X1)                        0.05       0.95 f
  U564/ZN (AND2_X1)                        0.04       0.99 f
  U1208/ZN (OAI211_X1)                     0.04       1.03 r
  U630/ZN (NAND3_X1)                       0.03       1.06 f
  product[33] (out)                        0.00       1.06 f
  data arrival time                                   1.06

  clock clk (rise edge)                    0.00       0.00
  clock network delay (ideal)              0.00       0.00
  clock reconvergence pessimism            0.00       0.00
  output external delay                    0.00       0.00
  data required time                                  0.00
  ---------------------------------------------------------------
  data required time                                  0.00
  data arrival time                                  -1.06
  ---------------------------------------------------------------
  slack (VIOLATED)                                   -1.06


1
