Information: Updating design information... (UID-85)
 
****************************************
Report : qor
Design : MBM_multiplier
Version: S-2021.06-SP1
Date   : Thu Nov 16 10:53:52 2023
****************************************


  Timing Path Group 'clk'
  -----------------------------------
  Levels of Logic:               4.00
  Critical Path Length:          0.22
  Critical Path Slack:          -0.22
  Critical Path Clk Period:      0.00
  Total Negative Slack:         -0.96
  No. of Violating Paths:        5.00
  Worst Hold Violation:          0.00
  Total Hold Violation:          0.00
  No. of Hold Violations:        0.00
  -----------------------------------


  Cell Count
  -----------------------------------
  Hierarchical Cell Count:          0
  Hierarchical Port Count:          0
  Leaf Cell Count:                 26
  Buf/Inv Cell Count:               4
  Buf Cell Count:                   0
  Inv Cell Count:                   4
  CT Buf/Inv Cell Count:            0
  Combinational Cell Count:        26
  Sequential Cell Count:            0
  Macro Count:                      0
  -----------------------------------


  Area
  -----------------------------------
  Combinational Area:       28.994000
  Noncombinational Area:     0.000000
  Buf/Inv Area:              2.128000
  Total Buffer Area:             0.00
  Total Inverter Area:           2.13
  Macro/Black Box Area:      0.000000
  Net Area:                  0.000000
  -----------------------------------
  Cell Area:                28.994000
  Design Area:              28.994000


  Design Rules
  -----------------------------------
  Total Number of Nets:            34
  Nets With Violations:             0
  Max Trans Violations:             0
  Max Cap Violations:               0
  -----------------------------------


  Hostname: i80r7node7

  Compile CPU Statistics
  -----------------------------------------
  Resource Sharing:                    0.11
  Logic Optimization:                  0.18
  Mapping Optimization:                0.90
  -----------------------------------------
  Overall Compile Time:                2.75
  Overall Compile Wall Clock Time:     3.02

  --------------------------------------------------------------------

  Design  WNS: 0.22  TNS: 0.96  Number of Violating Paths: 5


  Design (Hold)  WNS: 0.00  TNS: 0.00  Number of Violating Paths: 0

  --------------------------------------------------------------------


1
