****************************************
Report : Averaged Power
	-verbose
Design : MBM_multiplier
Version: S-2021.06-SP1
Date   : Thu Nov 16 10:54:04 2023
****************************************

Library(s) Used:

    NangateOpenCellLibrary (File: /home/balkon00/eda/libs/nangate45/db/nangate45.db)
    dw_foundation.sldb (File: /Software/synopsys/2021/syn/S-2021.06-SP1/libraries/syn/dw_foundation.sldb)


Operating Conditions: typical   Library: NangateOpenCellLibrary
Wire Load Model Mode: top

Cell               Design       Wire_model  Library       Selection_type
--------------------------------------------------------------------------------
                   MBM_multiplier
                                5K_hvratio_1_1
                                            NangateOpenCellLibrary
                                                          library default

Power-specific unit information :
    Voltage Units = 1 V
    Capacitance Units = 1 pf
    Time Units = 1 ns
    Dynamic Power Units = 1 W
    Leakage Power Units = 1 W



  Attributes
  ----------
      i  -  Including register clock pin internal power
      u  -  User defined power group

                        Internal  Switching  Leakage    Total
Power Group             Power     Power      Power      Power   (     %)  Attrs
--------------------------------------------------------------------------------
clock_network              0.0000    0.0000    0.0000    0.0000 ( 0.00%)  i
register                   0.0000    0.0000    0.0000    0.0000 ( 0.00%)  
combinational           3.750e-05 2.771e-05 7.048e-07 6.591e-05 (100.00%) 
sequential                 0.0000    0.0000    0.0000    0.0000 ( 0.00%)  
memory                     0.0000    0.0000    0.0000    0.0000 ( 0.00%)  
io_pad                     0.0000    0.0000    0.0000    0.0000 ( 0.00%)  
black_box                  0.0000    0.0000    0.0000    0.0000 ( 0.00%)  

  Net Switching Power  = 2.771e-05   (42.04%)
  Cell Internal Power  = 3.750e-05   (56.90%)
  Cell Leakage Power   = 7.048e-07   ( 1.07%)
                         ---------
Total Power            = 6.591e-05  (100.00%)

1
