****************************************
Report : Averaged Power
	-hierarchy
	-verbose
Design : MBM_multiplier
Version: S-2021.06-SP1
Date   : Thu Nov 16 10:54:04 2023
****************************************

Library(s) Used:

    NangateOpenCellLibrary (File: /home/balkon00/eda/libs/nangate45/db/nangate45.db)
    dw_foundation.sldb (File: /Software/synopsys/2021/syn/S-2021.06-SP1/libraries/syn/dw_foundation.sldb)


Operating Conditions: typical   Library: NangateOpenCellLibrary
Wire Load Model Mode: top

Cell               Design       Wire_model  Library       Selection_type
--------------------------------------------------------------------------------
                   MBM_multiplier
                                5K_hvratio_1_1
                                            NangateOpenCellLibrary
                                                          library default

Power-specific unit information :
    Voltage Units = 1 V
    Capacitance Units = 1 pf
    Time Units = 1 ns
    Dynamic Power Units = 1 W
    Leakage Power Units = 1 W



                                      Int      Switch   Leak     Total
Hierarchy                             Power    Power    Power    Power    %
----------------------------------------------------------------------------------
MBM_multiplier                        3.75e-05 2.77e-05 7.05e-07 6.59e-05 100.0
1
