 
****************************************
Report : area
Design : fp_multiplier
Version: S-2021.06-SP1
Date   : Thu Nov 16 11:26:50 2023
****************************************

Library(s) Used:

    NangateOpenCellLibrary (File: /home/balkon00/eda/libs/nangate45/db/nangate45.db)

Number of ports:                           99
Number of nets:                           435
Number of cells:                          381
Number of combinational cells:            380
Number of sequential cells:                 0
Number of macros/black boxes:               0
Number of buf/inv:                         58
Number of references:                      23

Combinational area:                375.592000
Buf/Inv area:                       33.516000
Noncombinational area:               0.000000
Macro/Black Box area:                0.000000
Net Interconnect area:      undefined  (Wire load has zero net area)

Total cell area:                   375.592000
Total area:                 undefined
1
