 
****************************************
Report : timing
        -path full
        -delay max
        -max_paths 1
Design : MBM_multiplier
Version: S-2021.06-SP1
Date   : Thu Nov 16 10:47:37 2023
****************************************

Operating Conditions: typical   Library: NangateOpenCellLibrary
Wire Load Model Mode: top

  Startpoint: operand_b[17]
              (input port clocked by clk)
  Endpoint: product[44]
            (output port clocked by clk)
  Path Group: clk
  Path Type: max

  Des/Clust/Port     Wire Load Model       Library
  ------------------------------------------------
  MBM_multiplier     5K_hvratio_1_1        NangateOpenCellLibrary

  Point                                    Incr       Path
  -----------------------------------------------------------
  clock clk (rise edge)                   0.000      0.000
  clock network delay (ideal)             0.000      0.000
  input external delay                    0.000      0.000 f
  operand_b[17] (in)                      0.000      0.000 f
  U102/ZN (OR2_X1)                        0.059      0.059 f
  U125/ZN (NAND2_X1)                      0.043      0.102 r
  U145/ZN (OAI211_X1)                     0.048      0.150 f
  U146/ZN (NAND2_X1)                      0.041      0.191 r
  U152/ZN (NAND4_X1)                      0.041      0.232 f
  U114/ZN (NAND2_X1)                      0.033      0.265 r
  U113/ZN (NAND2_X1)                      0.036      0.301 f
  U95/ZN (OR2_X2)                         0.072      0.374 f
  U190/ZN (INV_X1)                        0.042      0.415 r
  U197/ZN (OR2_X1)                        0.031      0.446 r
  product[44] (out)                       0.002      0.448 r
  data arrival time                                  0.448

  clock clk (rise edge)                   0.000      0.000
  clock network delay (ideal)             0.000      0.000
  output external delay                   0.000      0.000
  data required time                                 0.000
  -----------------------------------------------------------
  data required time                                 0.000
  data arrival time                                 -0.448
  -----------------------------------------------------------
  slack (VIOLATED)                                  -0.448


1
