Information: Updating design information... (UID-85)
 
****************************************
Report : qor
Design : mac_unit
Version: S-2021.06-SP1
Date   : Thu Nov 16 20:36:40 2023
****************************************


  Timing Path Group 'clk'
  -----------------------------------
  Levels of Logic:              32.00
  Critical Path Length:          1.75
  Critical Path Slack:          -1.75
  Critical Path Clk Period:      0.00
  Total Negative Slack:        -57.06
  No. of Violating Paths:       35.00
  Worst Hold Violation:          0.00
  Total Hold Violation:          0.00
  No. of Hold Violations:        0.00
  -----------------------------------


  Cell Count
  -----------------------------------
  Hierarchical Cell Count:          0
  Hierarchical Port Count:          0
  Leaf Cell Count:                991
  Buf/Inv Cell Count:             215
  Buf Cell Count:                  52
  Inv Cell Count:                 163
  CT Buf/Inv Cell Count:            0
  Combinational Cell Count:       991
  Sequential Cell Count:            0
  Macro Count:                      0
  -----------------------------------


  Area
  -----------------------------------
  Combinational Area:      975.421999
  Noncombinational Area:     0.000000
  Buf/Inv Area:            130.606000
  Total Buffer Area:            43.62
  Total Inverter Area:          86.98
  Macro/Black Box Area:      0.000000
  Net Area:                  0.000000
  -----------------------------------
  Cell Area:               975.421999
  Design Area:             975.421999


  Design Rules
  -----------------------------------
  Total Number of Nets:          1053
  Nets With Violations:             0
  Max Trans Violations:             0
  Max Cap Violations:               0
  -----------------------------------


  Hostname: i80r7node6

  Compile CPU Statistics
  -----------------------------------------
  Resource Sharing:                    0.28
  Logic Optimization:                 13.19
  Mapping Optimization:               29.62
  -----------------------------------------
  Overall Compile Time:               45.97
  Overall Compile Wall Clock Time:    46.31

  --------------------------------------------------------------------

  Design  WNS: 1.75  TNS: 57.06  Number of Violating Paths: 35


  Design (Hold)  WNS: 0.00  TNS: 0.00  Number of Violating Paths: 0

  --------------------------------------------------------------------


1
