 
****************************************
Report : area
Design : mac_unit
Version: S-2021.06-SP1
Date   : Thu Nov 16 20:30:44 2023
****************************************

Library(s) Used:

    NangateOpenCellLibrary (File: /home/balkon00/eda/libs/nangate45/db/nangate45.db)

Number of ports:                          131
Number of nets:                          1129
Number of cells:                         1061
Number of combinational cells:           1061
Number of sequential cells:                 0
Number of macros/black boxes:               0
Number of buf/inv:                        209
Number of references:                      33

Combinational area:               1036.601999
Buf/Inv area:                      123.690000
Noncombinational area:               0.000000
Macro/Black Box area:                0.000000
Net Interconnect area:      undefined  (Wire load has zero net area)

Total cell area:                  1036.601999
Total area:                 undefined
1
