Information: Updating design information... (UID-85)
 
****************************************
Report : qor
Design : mac_unit
Version: S-2021.06-SP1
Date   : Thu Nov 16 20:30:44 2023
****************************************


  Timing Path Group 'clk'
  -----------------------------------
  Levels of Logic:              34.00
  Critical Path Length:          1.77
  Critical Path Slack:          -1.77
  Critical Path Clk Period:      0.00
  Total Negative Slack:        -58.16
  No. of Violating Paths:       35.00
  Worst Hold Violation:          0.00
  Total Hold Violation:          0.00
  No. of Hold Violations:        0.00
  -----------------------------------


  Cell Count
  -----------------------------------
  Hierarchical Cell Count:          0
  Hierarchical Port Count:          0
  Leaf Cell Count:               1061
  Buf/Inv Cell Count:             209
  Buf Cell Count:                  37
  Inv Cell Count:                 172
  CT Buf/Inv Cell Count:            0
  Combinational Cell Count:      1061
  Sequential Cell Count:            0
  Macro Count:                      0
  -----------------------------------


  Area
  -----------------------------------
  Combinational Area:     1036.601999
  Noncombinational Area:     0.000000
  Buf/Inv Area:            123.690000
  Total Buffer Area:            31.92
  Total Inverter Area:          91.77
  Macro/Black Box Area:      0.000000
  Net Area:                  0.000000
  -----------------------------------
  Cell Area:              1036.601999
  Design Area:            1036.601999


  Design Rules
  -----------------------------------
  Total Number of Nets:          1129
  Nets With Violations:             0
  Max Trans Violations:             0
  Max Cap Violations:               0
  -----------------------------------


  Hostname: i80r7node6

  Compile CPU Statistics
  -----------------------------------------
  Resource Sharing:                    0.26
  Logic Optimization:                 13.88
  Mapping Optimization:               35.98
  -----------------------------------------
  Overall Compile Time:               53.19
  Overall Compile Wall Clock Time:    53.53

  --------------------------------------------------------------------

  Design  WNS: 1.77  TNS: 58.16  Number of Violating Paths: 35


  Design (Hold)  WNS: 0.00  TNS: 0.00  Number of Violating Paths: 0

  --------------------------------------------------------------------


1
