****************************************
Report : timing
	-path_type full
	-delay_type max
	-max_paths 1
	-sort_by slack
Design : MBM_multiplier
Version: S-2021.06-SP1
Date   : Thu Nov 16 10:57:13 2023
****************************************


  Startpoint: operand_b[2]
               (input port clocked by clk)
  Endpoint: product[11]
               (output port clocked by clk)
  Path Group: clk
  Path Type: max

  Point                                    Incr       Path
  ---------------------------------------------------------------
  clock clk (rise edge)                   0.000      0.000
  clock network delay (ideal)             0.000      0.000
  input external delay                    0.000      0.000 f
  operand_b[2] (in)                       0.000      0.000 f
  U65/ZN (AND2_X2)                        0.045      0.045 f
  U66/ZN (AOI21_X2)                       0.081      0.126 r
  U77/ZN (XNOR2_X1)                       0.084      0.210 r
  U87/ZN (AOI21_X1)                       0.040      0.251 f
  U51/ZN (OR2_X1)                         0.063      0.313 f
  U52/ZN (NOR2_X1)                        0.054      0.368 r
  U88/ZN (INV_X1)                         0.031      0.399 f
  U127/ZN (OR2_X1)                        0.052      0.451 f
  U131/ZN (AND4_X1)                       0.037      0.488 f
  product[11] (out)                       0.002      0.490 f
  data arrival time                                  0.490

  clock clk (rise edge)                   0.000      0.000
  clock network delay (ideal)             0.000      0.000
  clock reconvergence pessimism           0.000      0.000
  output external delay                   0.000      0.000
  data required time                                 0.000
  ---------------------------------------------------------------
  data required time                                 0.000
  data arrival time                                 -0.490
  ---------------------------------------------------------------
  slack (VIOLATED)                                  -0.490


1
