Information: Updating design information... (UID-85)
 
****************************************
Report : qor
Design : MBM_multiplier
Version: S-2021.06-SP1
Date   : Thu Nov 16 10:57:10 2023
****************************************


  Timing Path Group 'clk'
  -----------------------------------
  Levels of Logic:               9.00
  Critical Path Length:          0.49
  Critical Path Slack:          -0.49
  Critical Path Clk Period:      0.00
  Total Negative Slack:         -4.14
  No. of Violating Paths:        9.00
  Worst Hold Violation:          0.00
  Total Hold Violation:          0.00
  No. of Hold Violations:        0.00
  -----------------------------------


  Cell Count
  -----------------------------------
  Hierarchical Cell Count:          0
  Hierarchical Port Count:          0
  Leaf Cell Count:                101
  Buf/Inv Cell Count:              25
  Buf Cell Count:                   3
  Inv Cell Count:                  22
  CT Buf/Inv Cell Count:            0
  Combinational Cell Count:       101
  Sequential Cell Count:            0
  Macro Count:                      0
  -----------------------------------


  Area
  -----------------------------------
  Combinational Area:      103.208000
  Noncombinational Area:     0.000000
  Buf/Inv Area:             14.098000
  Total Buffer Area:             2.39
  Total Inverter Area:          11.70
  Macro/Black Box Area:      0.000000
  Net Area:                  0.000000
  -----------------------------------
  Cell Area:               103.208000
  Design Area:             103.208000


  Design Rules
  -----------------------------------
  Total Number of Nets:           114
  Nets With Violations:             0
  Max Trans Violations:             0
  Max Cap Violations:               0
  -----------------------------------


  Hostname: i80r7node7

  Compile CPU Statistics
  -----------------------------------------
  Resource Sharing:                    0.06
  Logic Optimization:                  0.84
  Mapping Optimization:                2.55
  -----------------------------------------
  Overall Compile Time:                5.12
  Overall Compile Wall Clock Time:     5.39

  --------------------------------------------------------------------

  Design  WNS: 0.49  TNS: 4.14  Number of Violating Paths: 9


  Design (Hold)  WNS: 0.00  TNS: 0.00  Number of Violating Paths: 0

  --------------------------------------------------------------------


1
