****************************************
Report : timing
	-path_type full
	-delay_type max
	-max_paths 1
	-sort_by slack
Design : mac_unit
Version: S-2021.06-SP1
Date   : Thu Nov 16 20:47:03 2023
****************************************


  Startpoint: in_b[7] (input port clocked by clk)
  Endpoint: mac_out[6] (output port clocked by clk)
  Path Group: clk
  Path Type: max

  Point                                    Incr       Path
  ---------------------------------------------------------------
  clock clk (rise edge)                   0.000      0.000
  clock network delay (ideal)             0.000      0.000
  input external delay                    0.000      0.000 f
  in_b[7] (in)                            0.000      0.000 f
  U454/ZN (OR2_X2)                        0.060      0.060 f
  U293/ZN (OAI21_X1)                      0.055      0.115 r
  U367/ZN (OAI211_X1)                     0.042      0.157 f
  U280/ZN (NAND3_X1)                      0.034      0.191 r
  U386/ZN (NAND2_X1)                      0.036      0.227 f
  U323/ZN (XNOR2_X1)                      0.076      0.303 r
  U492/ZN (OR2_X1)                        0.054      0.357 r
  U493/ZN (INV_X1)                        0.028      0.386 f
  U494/ZN (NOR2_X1)                       0.035      0.420 r
  U500/ZN (OR2_X1)                        0.037      0.458 r
  U509/ZN (OAI211_X1)                     0.055      0.512 f
  U362/ZN (OAI21_X1)                      0.062      0.574 r
  U361/ZN (AND2_X1)                       0.062      0.636 r
  U568/Z (MUX2_X1)                        0.090      0.727 f
  U260/ZN (OR2_X2)                        0.068      0.795 f
  U264/ZN (XNOR2_X2)                      0.080      0.875 r
  U424/ZN (INV_X1)                        0.044      0.919 f
  U423/ZN (OR2_X1)                        0.062      0.981 f
  U434/ZN (OAI22_X1)                      0.063      1.044 r
  U441/ZN (INV_X1)                        0.028      1.072 f
  U440/ZN (NAND4_X1)                      0.036      1.108 r
  U356/ZN (NAND2_X1)                      0.036      1.144 f
  U254/ZN (NAND3_X1)                      0.039      1.183 r
  U420/ZN (NAND2_X1)                      0.044      1.227 f
  U418/ZN (NAND2_X1)                      0.041      1.268 r
  U345/ZN (OR2_X1)                        0.038      1.306 r
  U252/ZN (NAND3_X1)                      0.039      1.345 f
  U405/ZN (OR2_X1)                        0.063      1.408 f
  U786/ZN (NAND2_X1)                      0.024      1.432 r
  mac_out[6] (out)                        0.002      1.434 r
  data arrival time                                  1.434

  clock clk (rise edge)                   0.000      0.000
  clock network delay (ideal)             0.000      0.000
  clock reconvergence pessimism           0.000      0.000
  output external delay                   0.000      0.000
  data required time                                 0.000
  ---------------------------------------------------------------
  data required time                                 0.000
  data arrival time                                 -1.434
  ---------------------------------------------------------------
  slack (VIOLATED)                                  -1.434


1
