 
****************************************
Report : area
Design : mac_unit
Version: S-2021.06-SP1
Date   : Thu Nov 16 20:49:38 2023
****************************************

Library(s) Used:

    NangateOpenCellLibrary (File: /home/balkon00/eda/libs/nangate45/db/nangate45.db)

Number of ports:                           67
Number of nets:                           576
Number of cells:                          538
Number of combinational cells:            538
Number of sequential cells:                 0
Number of macros/black boxes:               0
Number of buf/inv:                        111
Number of references:                      27

Combinational area:                551.684000
Buf/Inv area:                       64.106000
Noncombinational area:               0.000000
Macro/Black Box area:                0.000000
Net Interconnect area:      undefined  (Wire load has zero net area)

Total cell area:                   551.684000
Total area:                 undefined
1
