Information: Updating design information... (UID-85)
 
****************************************
Report : qor
Design : mac_unit
Version: S-2021.06-SP1
Date   : Thu Nov 16 20:45:31 2023
****************************************


  Timing Path Group 'clk'
  -----------------------------------
  Levels of Logic:              29.00
  Critical Path Length:          1.55
  Critical Path Slack:          -1.55
  Critical Path Clk Period:      0.00
  Total Negative Slack:        -26.15
  No. of Violating Paths:       19.00
  Worst Hold Violation:          0.00
  Total Hold Violation:          0.00
  No. of Hold Violations:        0.00
  -----------------------------------


  Cell Count
  -----------------------------------
  Hierarchical Cell Count:          0
  Hierarchical Port Count:          0
  Leaf Cell Count:                628
  Buf/Inv Cell Count:             135
  Buf Cell Count:                  24
  Inv Cell Count:                 111
  CT Buf/Inv Cell Count:            0
  Combinational Cell Count:       628
  Sequential Cell Count:            0
  Macro Count:                      0
  -----------------------------------


  Area
  -----------------------------------
  Combinational Area:      645.050000
  Noncombinational Area:     0.000000
  Buf/Inv Area:             79.002000
  Total Buffer Area:            19.95
  Total Inverter Area:          59.05
  Macro/Black Box Area:      0.000000
  Net Area:                  0.000000
  -----------------------------------
  Cell Area:               645.050000
  Design Area:             645.050000


  Design Rules
  -----------------------------------
  Total Number of Nets:           672
  Nets With Violations:             0
  Max Trans Violations:             0
  Max Cap Violations:               0
  -----------------------------------


  Hostname: i80r7node6

  Compile CPU Statistics
  -----------------------------------------
  Resource Sharing:                    0.15
  Logic Optimization:                 19.51
  Mapping Optimization:               14.17
  -----------------------------------------
  Overall Compile Time:               36.36
  Overall Compile Wall Clock Time:    36.69

  --------------------------------------------------------------------

  Design  WNS: 1.55  TNS: 26.15  Number of Violating Paths: 19


  Design (Hold)  WNS: 0.00  TNS: 0.00  Number of Violating Paths: 0

  --------------------------------------------------------------------


1
