 
****************************************
Report : area
Design : mac_unit
Version: S-2021.06-SP1
Date   : Thu Nov 16 20:45:31 2023
****************************************

Library(s) Used:

    NangateOpenCellLibrary (File: /home/balkon00/eda/libs/nangate45/db/nangate45.db)

Number of ports:                           67
Number of nets:                           672
Number of cells:                          628
Number of combinational cells:            628
Number of sequential cells:                 0
Number of macros/black boxes:               0
Number of buf/inv:                        135
Number of references:                      32

Combinational area:                645.050000
Buf/Inv area:                       79.002000
Noncombinational area:               0.000000
Macro/Black Box area:                0.000000
Net Interconnect area:      undefined  (Wire load has zero net area)

Total cell area:                   645.050000
Total area:                 undefined
1
