 
****************************************
Report : area
Design : mac_unit
Version: S-2021.06-SP1
Date   : Thu Nov 16 19:59:19 2023
****************************************

Library(s) Used:

    NangateOpenCellLibrary (File: /home/balkon00/eda/libs/nangate45/db/nangate45.db)

Number of ports:                          131
Number of nets:                          1515
Number of cells:                         1427
Number of combinational cells:           1427
Number of sequential cells:                 0
Number of macros/black boxes:               0
Number of buf/inv:                        313
Number of references:                      33

Combinational area:               1419.376000
Buf/Inv area:                      193.116000
Noncombinational area:               0.000000
Macro/Black Box area:                0.000000
Net Interconnect area:      undefined  (Wire load has zero net area)

Total cell area:                  1419.376000
Total area:                 undefined
1
