Information: Updating design information... (UID-85)
 
****************************************
Report : qor
Design : mac_unit
Version: S-2021.06-SP1
Date   : Thu Nov 16 19:59:19 2023
****************************************


  Timing Path Group 'clk'
  -----------------------------------
  Levels of Logic:              33.00
  Critical Path Length:          1.67
  Critical Path Slack:          -1.67
  Critical Path Clk Period:      0.00
  Total Negative Slack:        -55.11
  No. of Violating Paths:       35.00
  Worst Hold Violation:          0.00
  Total Hold Violation:          0.00
  No. of Hold Violations:        0.00
  -----------------------------------


  Cell Count
  -----------------------------------
  Hierarchical Cell Count:          0
  Hierarchical Port Count:          0
  Leaf Cell Count:               1427
  Buf/Inv Cell Count:             313
  Buf Cell Count:                  86
  Inv Cell Count:                 227
  CT Buf/Inv Cell Count:            0
  Combinational Cell Count:      1427
  Sequential Cell Count:            0
  Macro Count:                      0
  -----------------------------------


  Area
  -----------------------------------
  Combinational Area:     1419.376000
  Noncombinational Area:     0.000000
  Buf/Inv Area:            193.116000
  Total Buffer Area:            71.82
  Total Inverter Area:         121.30
  Macro/Black Box Area:      0.000000
  Net Area:                  0.000000
  -----------------------------------
  Cell Area:              1419.376000
  Design Area:            1419.376000


  Design Rules
  -----------------------------------
  Total Number of Nets:          1515
  Nets With Violations:             0
  Max Trans Violations:             0
  Max Cap Violations:               0
  -----------------------------------


  Hostname: i80r7node6

  Compile CPU Statistics
  -----------------------------------------
  Resource Sharing:                    0.28
  Logic Optimization:                 28.54
  Mapping Optimization:               33.30
  -----------------------------------------
  Overall Compile Time:               69.88
  Overall Compile Wall Clock Time:    70.24

  --------------------------------------------------------------------

  Design  WNS: 1.67  TNS: 55.11  Number of Violating Paths: 35


  Design (Hold)  WNS: 0.00  TNS: 0.00  Number of Violating Paths: 0

  --------------------------------------------------------------------


1
