****************************************
Report : timing
	-path_type full
	-delay_type max
	-max_paths 1
	-sort_by slack
Design : fp_multiplier
Version: S-2021.06-SP1
Date   : Thu Nov 16 11:23:49 2023
****************************************


  Startpoint: b_operand[3]
               (input port clocked by clk)
  Endpoint: result[19] (output port clocked by clk)
  Path Group: clk
  Path Type: max

  Point                                    Incr       Path
  ---------------------------------------------------------------
  clock clk (rise edge)                   0.000      0.000
  clock network delay (ideal)             0.000      0.000
  input external delay                    0.000      0.000 r
  b_operand[3] (in)                       0.000      0.000 r
  U172/ZN (NOR2_X2)                       0.039      0.039 f
  U242/ZN (NOR2_X1)                       0.041      0.079 r
  U249/ZN (AOI21_X1)                      0.038      0.117 f
  U259/ZN (OAI21_X1)                      0.080      0.197 r
  U295/ZN (AOI21_X2)                      0.061      0.258 f
  U318/ZN (OAI21_X1)                      0.073      0.330 r
  U319/Z (BUF_X2)                         0.058      0.389 r
  U424/ZN (NAND2_X1)                      0.045      0.434 f
  U425/ZN (NAND3_X1)                      0.043      0.477 r
  U201/ZN (AND3_X1)                       0.063      0.541 r
  U217/ZN (AND2_X1)                       0.048      0.589 r
  U466/ZN (XNOR2_X1)                      0.065      0.654 r
  U498/ZN (OAI22_X1)                      0.037      0.692 f
  result[19] (out)                        0.002      0.694 f
  data arrival time                                  0.694

  clock clk (rise edge)                   0.000      0.000
  clock network delay (ideal)             0.000      0.000
  clock reconvergence pessimism           0.000      0.000
  output external delay                   0.000      0.000
  data required time                                 0.000
  ---------------------------------------------------------------
  data required time                                 0.000
  data arrival time                                 -0.694
  ---------------------------------------------------------------
  slack (VIOLATED)                                  -0.694


1
