 
****************************************
Report : area
Design : fp_multiplier
Version: S-2021.06-SP1
Date   : Thu Nov 16 11:23:45 2023
****************************************

Library(s) Used:

    NangateOpenCellLibrary (File: /home/balkon00/eda/libs/nangate45/db/nangate45.db)

Number of ports:                           99
Number of nets:                           541
Number of cells:                          479
Number of combinational cells:            479
Number of sequential cells:                 0
Number of macros/black boxes:               0
Number of buf/inv:                         92
Number of references:                      28

Combinational area:                473.745998
Buf/Inv area:                       53.466000
Noncombinational area:               0.000000
Macro/Black Box area:                0.000000
Net Interconnect area:      undefined  (Wire load has zero net area)

Total cell area:                   473.745998
Total area:                 undefined
1
