 
****************************************
Report : timing
        -path full
        -delay max
        -max_paths 1
Design : fp_multiplier
Version: S-2021.06-SP1
Date   : Thu Nov 16 11:23:45 2023
****************************************

Operating Conditions: typical   Library: NangateOpenCellLibrary
Wire Load Model Mode: top

  Startpoint: b_operand[3]
              (input port clocked by clk)
  Endpoint: result[18] (output port clocked by clk)
  Path Group: clk
  Path Type: max

  Des/Clust/Port     Wire Load Model       Library
  ------------------------------------------------
  fp_multiplier      5K_hvratio_1_1        NangateOpenCellLibrary

  Point                                    Incr       Path
  -----------------------------------------------------------
  clock clk (rise edge)                   0.000      0.000
  clock network delay (ideal)             0.000      0.000
  input external delay                    0.000      0.000 f
  b_operand[3] (in)                       0.000      0.000 f
  U172/ZN (NOR2_X2)                       0.063      0.063 r
  U242/ZN (NOR2_X1)                       0.030      0.094 f
  U249/ZN (AOI21_X1)                      0.057      0.151 r
  U259/ZN (OAI21_X1)                      0.054      0.205 f
  U161/ZN (INV_X1)                        0.058      0.262 r
  U215/ZN (XNOR2_X1)                      0.082      0.344 r
  U118/ZN (AND2_X2)                       0.061      0.405 r
  U163/ZN (AND4_X2)                       0.071      0.476 r
  U201/ZN (AND3_X1)                       0.067      0.543 r
  U217/ZN (AND2_X1)                       0.049      0.592 r
  U466/ZN (XNOR2_X1)                      0.066      0.657 r
  U467/ZN (OAI22_X1)                      0.038      0.695 f
  result[18] (out)                        0.002      0.697 f
  data arrival time                                  0.697

  clock clk (rise edge)                   0.000      0.000
  clock network delay (ideal)             0.000      0.000
  output external delay                   0.000      0.000
  data required time                                 0.000
  -----------------------------------------------------------
  data required time                                 0.000
  data arrival time                                 -0.697
  -----------------------------------------------------------
  slack (VIOLATED)                                  -0.697


1
