 
****************************************
Report : area
Design : mitchell_multiplier
Version: T-2022.03-SP5
Date   : Wed Jun  5 16:02:14 2024
****************************************

Library(s) Used:

    NangateOpenCellLibrary (File: /home/balaskas/libs/nangate45/db/nangate45.db)

Number of ports:                           32
Number of nets:                           121
Number of cells:                          113
Number of combinational cells:            110
Number of sequential cells:                 0
Number of macros/black boxes:               0
Number of buf/inv:                         20
Number of references:                      21

Combinational area:                107.996001
Buf/Inv area:                       11.704000
Noncombinational area:               0.000000
Macro/Black Box area:                0.000000
Net Interconnect area:      undefined  (Wire load has zero net area)

Total cell area:                   107.996001
Total area:                 undefined

Hierarchical area distribution
------------------------------

                                  Global cell area          Local cell area
                                  ------------------  --------------------------- 
Hierarchical cell                 Absolute   Percent  Combi-    Noncombi-  Black-
                                  Total      Total    national  national   boxes   Design
--------------------------------  ---------  -------  --------  ---------  ------  ---------
mitchell_multiplier                107.9960    100.0  107.9960     0.0000  0.0000  mitchell_multiplier
--------------------------------  ---------  -------  --------  ---------  ------  ---------
Total                                                 107.9960     0.0000  0.0000

1
