Information: Updating design information... (UID-85)
 
****************************************
Report : qor
Design : mitchell_multiplier
Version: T-2022.03-SP5
Date   : Wed Jun  5 16:02:14 2024
****************************************


  Timing Path Group 'clk'
  -----------------------------------
  Levels of Logic:               7.00
  Critical Path Length:          0.35
  Critical Path Slack:          -0.35
  Critical Path Clk Period:      0.00
  Total Negative Slack:         -4.24
  No. of Violating Paths:       13.00
  Worst Hold Violation:          0.00
  Total Hold Violation:          0.00
  No. of Hold Violations:        0.00
  -----------------------------------


  Cell Count
  -----------------------------------
  Hierarchical Cell Count:          0
  Hierarchical Port Count:          0
  Leaf Cell Count:                110
  Buf/Inv Cell Count:              20
  Buf Cell Count:                   2
  Inv Cell Count:                  18
  CT Buf/Inv Cell Count:            0
  Combinational Cell Count:       110
  Sequential Cell Count:            0
  Macro Count:                      0
  -----------------------------------


  Area
  -----------------------------------
  Combinational Area:      107.996001
  Noncombinational Area:     0.000000
  Buf/Inv Area:             11.704000
  Total Buffer Area:             1.86
  Total Inverter Area:           9.84
  Macro/Black Box Area:      0.000000
  Net Area:                  0.000000
  -----------------------------------
  Cell Area:               107.996001
  Design Area:             107.996001


  Design Rules
  -----------------------------------
  Total Number of Nets:           121
  Nets With Violations:             0
  Max Trans Violations:             0
  Max Cap Violations:               0
  -----------------------------------


  Hostname: kamino.ceid.upatras.gr

  Compile CPU Statistics
  -----------------------------------------
  Resource Sharing:                    0.10
  Logic Optimization:                  1.24
  Mapping Optimization:                1.80
  -----------------------------------------
  Overall Compile Time:                4.87
  Overall Compile Wall Clock Time:     5.29

  --------------------------------------------------------------------

  Design  WNS: 0.35  TNS: 4.24  Number of Violating Paths: 13


  Design (Hold)  WNS: 0.00  TNS: 0.00  Number of Violating Paths: 0

  --------------------------------------------------------------------


1
