 
****************************************
Report : area
Design : fp_multiplier
Version: S-2021.06-SP1
Date   : Thu Nov 16 11:36:23 2023
****************************************

Library(s) Used:

    NangateOpenCellLibrary (File: /home/balkon00/eda/libs/nangate45/db/nangate45.db)

Number of ports:                           99
Number of nets:                           159
Number of cells:                          137
Number of combinational cells:            136
Number of sequential cells:                 0
Number of macros/black boxes:               0
Number of buf/inv:                         17
Number of references:                      21

Combinational area:                140.980000
Buf/Inv area:                        9.310000
Noncombinational area:               0.000000
Macro/Black Box area:                0.000000
Net Interconnect area:      undefined  (Wire load has zero net area)

Total cell area:                   140.980000
Total area:                 undefined
1
