 
****************************************
Report : timing
        -path full
        -delay max
        -max_paths 1
Design : fp_multiplier
Version: S-2021.06-SP1
Date   : Thu Nov 16 11:36:23 2023
****************************************

Operating Conditions: typical   Library: NangateOpenCellLibrary
Wire Load Model Mode: top

  Startpoint: a_operand[28]
              (input port clocked by clk)
  Endpoint: result[25] (output port clocked by clk)
  Path Group: clk
  Path Type: max

  Des/Clust/Port     Wire Load Model       Library
  ------------------------------------------------
  fp_multiplier      5K_hvratio_1_1        NangateOpenCellLibrary

  Point                                    Incr       Path
  -----------------------------------------------------------
  clock clk (rise edge)                   0.000      0.000
  clock network delay (ideal)             0.000      0.000
  input external delay                    0.000      0.000 f
  a_operand[28] (in)                      0.000      0.000 f
  U196/ZN (OR2_X2)                        0.067      0.067 f
  U158/ZN (AOI21_X1)                      0.048      0.115 r
  U169/ZN (OR3_X2)                        0.045      0.160 r
  U181/ZN (NAND3_X1)                      0.034      0.194 f
  U180/ZN (NAND2_X1)                      0.036      0.230 r
  U160/ZN (OAI211_X1)                     0.053      0.282 f
  U143/ZN (AND2_X1)                       0.056      0.338 f
  U239/ZN (NAND2_X1)                      0.036      0.374 r
  U173/ZN (NAND2_X1)                      0.023      0.397 f
  result[25] (out)                        0.002      0.399 f
  data arrival time                                  0.399

  clock clk (rise edge)                   0.000      0.000
  clock network delay (ideal)             0.000      0.000
  output external delay                   0.000      0.000
  data required time                                 0.000
  -----------------------------------------------------------
  data required time                                 0.000
  data arrival time                                 -0.399
  -----------------------------------------------------------
  slack (VIOLATED)                                  -0.399


1
