 
****************************************
Report : area
Design : mitchell_multiplier
Version: T-2022.03-SP5
Date   : Wed Jun  5 15:07:44 2024
****************************************

Library(s) Used:

    NangateOpenCellLibrary (File: /home/balaskas/libs/nangate45/db/nangate45.db)

Number of ports:                           96
Number of nets:                          1013
Number of cells:                          981
Number of combinational cells:            974
Number of sequential cells:                 0
Number of macros/black boxes:               0
Number of buf/inv:                        182
Number of references:                      37

Combinational area:                941.906003
Buf/Inv area:                      104.272000
Noncombinational area:               0.000000
Macro/Black Box area:                0.000000
Net Interconnect area:      undefined  (Wire load has zero net area)

Total cell area:                   941.906003
Total area:                 undefined

Hierarchical area distribution
------------------------------

                                  Global cell area          Local cell area
                                  ------------------  --------------------------- 
Hierarchical cell                 Absolute   Percent  Combi-    Noncombi-  Black-
                                  Total      Total    national  national   boxes   Design
--------------------------------  ---------  -------  --------  ---------  ------  ---------
mitchell_multiplier                941.9060    100.0  941.9060     0.0000  0.0000  mitchell_multiplier
--------------------------------  ---------  -------  --------  ---------  ------  ---------
Total                                                 941.9060     0.0000  0.0000

1
