 
****************************************
Report : area
Design : MBM_multiplier
Version: S-2021.06-SP1
Date   : Thu Nov 16 10:51:06 2023
****************************************

Library(s) Used:

    NangateOpenCellLibrary (File: /home/balkon00/eda/libs/nangate45/db/nangate45.db)

Number of ports:                           96
Number of nets:                           164
Number of cells:                          144
Number of combinational cells:            142
Number of sequential cells:                 0
Number of macros/black boxes:               0
Number of buf/inv:                         21
Number of references:                      16

Combinational area:                140.980000
Buf/Inv area:                       11.970000
Noncombinational area:               0.000000
Macro/Black Box area:                0.000000
Net Interconnect area:      undefined  (Wire load has zero net area)

Total cell area:                   140.980000
Total area:                 undefined
1
