Information: Updating design information... (UID-85)
 
****************************************
Report : qor
Design : MBM_multiplier
Version: S-2021.06-SP1
Date   : Thu Nov 16 10:51:06 2023
****************************************


  Timing Path Group 'clk'
  -----------------------------------
  Levels of Logic:               8.00
  Critical Path Length:          0.38
  Critical Path Slack:          -0.38
  Critical Path Clk Period:      0.00
  Total Negative Slack:         -4.45
  No. of Violating Paths:       12.00
  Worst Hold Violation:          0.00
  Total Hold Violation:          0.00
  No. of Hold Violations:        0.00
  -----------------------------------


  Cell Count
  -----------------------------------
  Hierarchical Cell Count:          0
  Hierarchical Port Count:          0
  Leaf Cell Count:                142
  Buf/Inv Cell Count:              21
  Buf Cell Count:                   3
  Inv Cell Count:                  18
  CT Buf/Inv Cell Count:            0
  Combinational Cell Count:       142
  Sequential Cell Count:            0
  Macro Count:                      0
  -----------------------------------


  Area
  -----------------------------------
  Combinational Area:      140.980000
  Noncombinational Area:     0.000000
  Buf/Inv Area:             11.970000
  Total Buffer Area:             2.39
  Total Inverter Area:           9.58
  Macro/Black Box Area:      0.000000
  Net Area:                  0.000000
  -----------------------------------
  Cell Area:               140.980000
  Design Area:             140.980000


  Design Rules
  -----------------------------------
  Total Number of Nets:           164
  Nets With Violations:             0
  Max Trans Violations:             0
  Max Cap Violations:               0
  -----------------------------------


  Hostname: i80r7node7

  Compile CPU Statistics
  -----------------------------------------
  Resource Sharing:                    0.07
  Logic Optimization:                  0.92
  Mapping Optimization:                3.03
  -----------------------------------------
  Overall Compile Time:                5.73
  Overall Compile Wall Clock Time:     6.00

  --------------------------------------------------------------------

  Design  WNS: 0.38  TNS: 4.45  Number of Violating Paths: 12


  Design (Hold)  WNS: 0.00  TNS: 0.00  Number of Violating Paths: 0

  --------------------------------------------------------------------


1
