****************************************
Report : timing
	-path_type full
	-delay_type max
	-max_paths 1
	-sort_by slack
Design : MBM_multiplier
Version: S-2021.06-SP1
Date   : Thu Nov 16 10:51:09 2023
****************************************


  Startpoint: operand_b[14]
               (input port clocked by clk)
  Endpoint: product[41]
               (output port clocked by clk)
  Path Group: clk
  Path Type: max

  Point                                    Incr       Path
  ---------------------------------------------------------------
  clock clk (rise edge)                   0.000      0.000
  clock network delay (ideal)             0.000      0.000
  input external delay                    0.000      0.000 f
  operand_b[14] (in)                      0.000      0.000 f
  U71/ZN (OR2_X1)                         0.058      0.058 f
  U105/ZN (NAND2_X1)                      0.029      0.087 r
  U107/ZN (NAND2_X1)                      0.031      0.118 f
  U79/ZN (AND2_X1)                        0.043      0.160 f
  U47/ZN (OR2_X2)                         0.063      0.224 f
  U129/ZN (AOI21_X1)                      0.047      0.271 r
  U130/ZN (XNOR2_X1)                      0.070      0.341 r
  U136/ZN (OAI22_X1)                      0.038      0.379 f
  product[41] (out)                       0.002      0.381 f
  data arrival time                                  0.381

  clock clk (rise edge)                   0.000      0.000
  clock network delay (ideal)             0.000      0.000
  clock reconvergence pessimism           0.000      0.000
  output external delay                   0.000      0.000
  data required time                                 0.000
  ---------------------------------------------------------------
  data required time                                 0.000
  data arrival time                                 -0.381
  ---------------------------------------------------------------
  slack (VIOLATED)                                  -0.381


1
