 
****************************************
Report : area
Design : mitchell_multiplier
Version: T-2022.03-SP5
Date   : Wed Jun  5 15:59:09 2024
****************************************

Library(s) Used:

    NangateOpenCellLibrary (File: /home/balaskas/libs/nangate45/db/nangate45.db)

Number of ports:                           32
Number of nets:                           423
Number of cells:                          407
Number of combinational cells:            407
Number of sequential cells:                 0
Number of macros/black boxes:               0
Number of buf/inv:                         78
Number of references:                      31

Combinational area:                397.670001
Buf/Inv area:                       45.220000
Noncombinational area:               0.000000
Macro/Black Box area:                0.000000
Net Interconnect area:      undefined  (Wire load has zero net area)

Total cell area:                   397.670001
Total area:                 undefined
1
