****************************************
Report : Averaged Power
Design : mitchell_multiplier
Version: T-2022.03-SP5
Date   : Wed Jun  5 15:59:56 2024
****************************************



  Attributes
  ----------
      i  -  Including register clock pin internal power
      u  -  User defined power group

                        Internal  Switching  Leakage    Total
Power Group             Power     Power      Power      Power   (     %)  Attrs
--------------------------------------------------------------------------------
clock_network              0.0000    0.0000    0.0000    0.0000 ( 0.00%)  i
register                   0.0000    0.0000    0.0000    0.0000 ( 0.00%)  
combinational           6.003e-04 6.988e-04 9.822e-06 1.309e-03 (100.00%) 
sequential                 0.0000    0.0000    0.0000    0.0000 ( 0.00%)  
memory                     0.0000    0.0000    0.0000    0.0000 ( 0.00%)  
io_pad                     0.0000    0.0000    0.0000    0.0000 ( 0.00%)  
black_box                  0.0000    0.0000    0.0000    0.0000 ( 0.00%)  

  Net Switching Power  = 6.988e-04   (53.39%)
  Cell Internal Power  = 6.003e-04   (45.86%)
  Cell Leakage Power   = 9.822e-06   ( 0.75%)
                         ---------
Total Power            = 1.309e-03  (100.00%)

1
