****************************************
Report : timing
	-path_type full
	-delay_type max
	-max_paths 1
	-sort_by slack
Design : mitchell_multiplier
Version: T-2022.03-SP5
Date   : Wed Jun  5 15:59:14 2024
****************************************


  Startpoint: operand_a[6]
               (input port clocked by clk)
  Endpoint: product[9] (output port clocked by clk)
  Path Group: clk
  Path Type: max

  Point                                    Incr       Path
  ---------------------------------------------------------------
  clock clk (rise edge)                    0.00       0.00
  clock network delay (ideal)              0.00       0.00
  input external delay                     0.00       0.00 r
  operand_a[6] (in)                        0.00       0.00 r
  U208/ZN (INV_X1)                         0.03       0.03 f
  U229/ZN (NAND2_X1)                       0.04       0.07 r
  U273/ZN (NAND2_X1)                       0.04       0.11 f
  U374/ZN (INV_X1)                         0.04       0.15 r
  U414/ZN (NAND2_X1)                       0.04       0.18 f
  U456/ZN (NAND3_X1)                       0.04       0.22 r
  U459/ZN (NAND4_X1)                       0.05       0.27 f
  U259/ZN (NAND2_X1)                       0.04       0.30 r
  U258/ZN (NOR2_X1)                        0.03       0.34 f
  U463/ZN (OR2_X1)                         0.07       0.40 f
  U464/ZN (NOR2_X1)                        0.05       0.45 r
  U465/ZN (INV_X1)                         0.03       0.49 f
  U268/ZN (OAI21_X1)                       0.06       0.54 r
  U508/ZN (NOR2_X1)                        0.03       0.57 f
  U541/Z (MUX2_X1)                         0.08       0.65 f
  U264/ZN (NAND2_X1)                       0.03       0.68 r
  U542/ZN (NAND3_X1)                       0.03       0.71 f
  product[9] (out)                         0.00       0.71 f
  data arrival time                                   0.71

  clock clk (rise edge)                    0.00       0.00
  clock network delay (ideal)              0.00       0.00
  clock reconvergence pessimism            0.00       0.00
  output external delay                    0.00       0.00
  data required time                                  0.00
  ---------------------------------------------------------------
  data required time                                  0.00
  data arrival time                                  -0.71
  ---------------------------------------------------------------
  slack (VIOLATED)                                   -0.71


1
