Information: Updating design information... (UID-85)
 
****************************************
Report : qor
Design : mitchell_multiplier
Version: T-2022.03-SP5
Date   : Wed Jun  5 15:59:09 2024
****************************************


  Timing Path Group 'clk'
  -----------------------------------
  Levels of Logic:              16.00
  Critical Path Length:          0.71
  Critical Path Slack:          -0.71
  Critical Path Clk Period:      0.00
  Total Negative Slack:        -10.83
  No. of Violating Paths:       16.00
  Worst Hold Violation:          0.00
  Total Hold Violation:          0.00
  No. of Hold Violations:        0.00
  -----------------------------------


  Cell Count
  -----------------------------------
  Hierarchical Cell Count:          0
  Hierarchical Port Count:          0
  Leaf Cell Count:                407
  Buf/Inv Cell Count:              78
  Buf Cell Count:                  12
  Inv Cell Count:                  66
  CT Buf/Inv Cell Count:            0
  Combinational Cell Count:       407
  Sequential Cell Count:            0
  Macro Count:                      0
  -----------------------------------


  Area
  -----------------------------------
  Combinational Area:      397.670001
  Noncombinational Area:     0.000000
  Buf/Inv Area:             45.220000
  Total Buffer Area:            10.11
  Total Inverter Area:          35.11
  Macro/Black Box Area:      0.000000
  Net Area:                  0.000000
  -----------------------------------
  Cell Area:               397.670001
  Design Area:             397.670001


  Design Rules
  -----------------------------------
  Total Number of Nets:           423
  Nets With Violations:             0
  Max Trans Violations:             0
  Max Cap Violations:               0
  -----------------------------------


  Hostname: kamino.ceid.upatras.gr

  Compile CPU Statistics
  -----------------------------------------
  Resource Sharing:                    0.10
  Logic Optimization:                  8.58
  Mapping Optimization:                7.68
  -----------------------------------------
  Overall Compile Time:               18.36
  Overall Compile Wall Clock Time:    19.04

  --------------------------------------------------------------------

  Design  WNS: 0.71  TNS: 10.83  Number of Violating Paths: 16


  Design (Hold)  WNS: 0.00  TNS: 0.00  Number of Violating Paths: 0

  --------------------------------------------------------------------


1
