 
****************************************
Report : area
Design : mac_unit
Version: S-2021.06-SP1
Date   : Thu Nov 16 20:09:16 2023
****************************************

Library(s) Used:

    NangateOpenCellLibrary (File: /home/balkon00/eda/libs/nangate45/db/nangate45.db)

Number of ports:                          131
Number of nets:                          1401
Number of cells:                         1315
Number of combinational cells:           1315
Number of sequential cells:                 0
Number of macros/black boxes:               0
Number of buf/inv:                        285
Number of references:                      38

Combinational area:               1301.271998
Buf/Inv area:                      171.570000
Noncombinational area:               0.000000
Macro/Black Box area:                0.000000
Net Interconnect area:      undefined  (Wire load has zero net area)

Total cell area:                  1301.271998
Total area:                 undefined
1
