 
****************************************
Report : area
Design : mac_unit
Version: S-2021.06-SP1
Date   : Thu Nov 16 20:42:24 2023
****************************************

Library(s) Used:

    NangateOpenCellLibrary (File: /home/balkon00/eda/libs/nangate45/db/nangate45.db)

Number of ports:                           67
Number of nets:                           764
Number of cells:                          716
Number of combinational cells:            716
Number of sequential cells:                 0
Number of macros/black boxes:               0
Number of buf/inv:                        159
Number of references:                      29

Combinational area:                726.712000
Buf/Inv area:                       90.174000
Noncombinational area:               0.000000
Macro/Black Box area:                0.000000
Net Interconnect area:      undefined  (Wire load has zero net area)

Total cell area:                   726.712000
Total area:                 undefined
1
