Information: Updating design information... (UID-85)
 
****************************************
Report : qor
Design : mac_unit
Version: S-2021.06-SP1
Date   : Thu Nov 16 20:42:24 2023
****************************************


  Timing Path Group 'clk'
  -----------------------------------
  Levels of Logic:              29.00
  Critical Path Length:          1.50
  Critical Path Slack:          -1.50
  Critical Path Clk Period:      0.00
  Total Negative Slack:        -25.75
  No. of Violating Paths:       19.00
  Worst Hold Violation:          0.00
  Total Hold Violation:          0.00
  No. of Hold Violations:        0.00
  -----------------------------------


  Cell Count
  -----------------------------------
  Hierarchical Cell Count:          0
  Hierarchical Port Count:          0
  Leaf Cell Count:                716
  Buf/Inv Cell Count:             159
  Buf Cell Count:                  18
  Inv Cell Count:                 141
  CT Buf/Inv Cell Count:            0
  Combinational Cell Count:       716
  Sequential Cell Count:            0
  Macro Count:                      0
  -----------------------------------


  Area
  -----------------------------------
  Combinational Area:      726.712000
  Noncombinational Area:     0.000000
  Buf/Inv Area:             90.174000
  Total Buffer Area:            15.16
  Total Inverter Area:          75.01
  Macro/Black Box Area:      0.000000
  Net Area:                  0.000000
  -----------------------------------
  Cell Area:               726.712000
  Design Area:             726.712000


  Design Rules
  -----------------------------------
  Total Number of Nets:           764
  Nets With Violations:             0
  Max Trans Violations:             0
  Max Cap Violations:               0
  -----------------------------------


  Hostname: i80r7node6

  Compile CPU Statistics
  -----------------------------------------
  Resource Sharing:                    0.16
  Logic Optimization:                 16.00
  Mapping Optimization:               14.38
  -----------------------------------------
  Overall Compile Time:               33.11
  Overall Compile Wall Clock Time:    33.46

  --------------------------------------------------------------------

  Design  WNS: 1.50  TNS: 25.75  Number of Violating Paths: 19


  Design (Hold)  WNS: 0.00  TNS: 0.00  Number of Violating Paths: 0

  --------------------------------------------------------------------


1
