 
****************************************
Report : area
Design : mac_unit
Version: S-2021.06-SP1
Date   : Thu Nov 16 20:42:24 2023
****************************************

Library(s) Used:

    NangateOpenCellLibrary (File: /home/balkon00/eda/libs/nangate45/db/nangate45.db)

Number of ports:                           67
Number of nets:                           764
Number of cells:                          716
Number of combinational cells:            716
Number of sequential cells:                 0
Number of macros/black boxes:               0
Number of buf/inv:                        159
Number of references:                      29

Combinational area:                726.712000
Buf/Inv area:                       90.174000
Noncombinational area:               0.000000
Macro/Black Box area:                0.000000
Net Interconnect area:      undefined  (Wire load has zero net area)

Total cell area:                   726.712000
Total area:                 undefined

Hierarchical area distribution
------------------------------

                                  Global cell area          Local cell area
                                  ------------------  --------------------------- 
Hierarchical cell                 Absolute   Percent  Combi-    Noncombi-  Black-
                                  Total      Total    national  national   boxes   Design
--------------------------------  ---------  -------  --------  ---------  ------  ---------
mac_unit                           726.7120    100.0  726.7120     0.0000  0.0000  mac_unit
--------------------------------  ---------  -------  --------  ---------  ------  ---------
Total                                                 726.7120     0.0000  0.0000

1
