 
****************************************
Report : timing
        -path full
        -delay max
        -max_paths 1
Design : MBM_multiplier
Version: S-2021.06-SP1
Date   : Thu Nov 16 10:47:03 2023
****************************************

Operating Conditions: typical   Library: NangateOpenCellLibrary
Wire Load Model Mode: top

  Startpoint: operand_a[17]
              (input port clocked by clk)
  Endpoint: product[31]
            (output port clocked by clk)
  Path Group: clk
  Path Type: max

  Des/Clust/Port     Wire Load Model       Library
  ------------------------------------------------
  MBM_multiplier     5K_hvratio_1_1        NangateOpenCellLibrary

  Point                                    Incr       Path
  -----------------------------------------------------------
  clock clk (rise edge)                   0.000      0.000
  clock network delay (ideal)             0.000      0.000
  input external delay                    0.000      0.000 r
  operand_a[17] (in)                      0.000      0.000 r
  U134/ZN (OR2_X2)                        0.050      0.050 r
  U135/ZN (NAND2_X1)                      0.043      0.093 f
  U145/ZN (NOR2_X1)                       0.048      0.141 r
  U147/ZN (NAND2_X1)                      0.030      0.171 f
  U56/ZN (OR2_X2)                         0.064      0.235 f
  U117/ZN (AOI21_X1)                      0.070      0.305 r
  U104/ZN (OR3_X2)                        0.073      0.378 r
  U221/Z (MUX2_X1)                        0.084      0.463 f
  product[31] (out)                       0.002      0.465 f
  data arrival time                                  0.465

  clock clk (rise edge)                   0.000      0.000
  clock network delay (ideal)             0.000      0.000
  output external delay                   0.000      0.000
  data required time                                 0.000
  -----------------------------------------------------------
  data required time                                 0.000
  data arrival time                                 -0.465
  -----------------------------------------------------------
  slack (VIOLATED)                                  -0.465


1
