 
****************************************
Report : area
Design : mitchell_multiplier
Version: T-2022.03-SP5
Date   : Wed Jun  5 15:05:37 2024
****************************************

Library(s) Used:

    NangateOpenCellLibrary (File: /home/balaskas/libs/nangate45/db/nangate45.db)

Number of ports:                           96
Number of nets:                          1035
Number of cells:                         1001
Number of combinational cells:            995
Number of sequential cells:                 0
Number of macros/black boxes:               0
Number of buf/inv:                        174
Number of references:                      37

Combinational area:                968.240004
Buf/Inv area:                       99.218000
Noncombinational area:               0.000000
Macro/Black Box area:                0.000000
Net Interconnect area:      undefined  (Wire load has zero net area)

Total cell area:                   968.240004
Total area:                 undefined
1
