Information: Updating design information... (UID-85)
 
****************************************
Report : qor
Design : mac_unit
Version: S-2021.06-SP1
Date   : Thu Nov 16 20:43:58 2023
****************************************


  Timing Path Group 'clk'
  -----------------------------------
  Levels of Logic:              31.00
  Critical Path Length:          1.56
  Critical Path Slack:          -1.56
  Critical Path Clk Period:      0.00
  Total Negative Slack:        -26.47
  No. of Violating Paths:       19.00
  Worst Hold Violation:          0.00
  Total Hold Violation:          0.00
  No. of Hold Violations:        0.00
  -----------------------------------


  Cell Count
  -----------------------------------
  Hierarchical Cell Count:          0
  Hierarchical Port Count:          0
  Leaf Cell Count:                710
  Buf/Inv Cell Count:             163
  Buf Cell Count:                  28
  Inv Cell Count:                 135
  CT Buf/Inv Cell Count:            0
  Combinational Cell Count:       710
  Sequential Cell Count:            0
  Macro Count:                      0
  -----------------------------------


  Area
  -----------------------------------
  Combinational Area:      721.658000
  Noncombinational Area:     0.000000
  Buf/Inv Area:             94.962000
  Total Buffer Area:            22.88
  Total Inverter Area:          72.09
  Macro/Black Box Area:      0.000000
  Net Area:                  0.000000
  -----------------------------------
  Cell Area:               721.658000
  Design Area:             721.658000


  Design Rules
  -----------------------------------
  Total Number of Nets:           756
  Nets With Violations:             0
  Max Trans Violations:             0
  Max Cap Violations:               0
  -----------------------------------


  Hostname: i80r7node6

  Compile CPU Statistics
  -----------------------------------------
  Resource Sharing:                    0.15
  Logic Optimization:                 18.01
  Mapping Optimization:               14.90
  -----------------------------------------
  Overall Compile Time:               35.73
  Overall Compile Wall Clock Time:    36.09

  --------------------------------------------------------------------

  Design  WNS: 1.56  TNS: 26.47  Number of Violating Paths: 19


  Design (Hold)  WNS: 0.00  TNS: 0.00  Number of Violating Paths: 0

  --------------------------------------------------------------------


1
