 
****************************************
Report : area
Design : mac_unit
Version: S-2021.06-SP1
Date   : Thu Nov 16 20:11:36 2023
****************************************

Library(s) Used:

    NangateOpenCellLibrary (File: /home/balkon00/eda/libs/nangate45/db/nangate45.db)

Number of ports:                          131
Number of nets:                          1314
Number of cells:                         1230
Number of combinational cells:           1230
Number of sequential cells:                 0
Number of macros/black boxes:               0
Number of buf/inv:                        282
Number of references:                      37

Combinational area:               1220.408000
Buf/Inv area:                      170.506000
Noncombinational area:               0.000000
Macro/Black Box area:                0.000000
Net Interconnect area:      undefined  (Wire load has zero net area)

Total cell area:                  1220.408000
Total area:                 undefined
1
