****************************************
Report : timing
	-path_type full
	-delay_type max
	-max_paths 1
	-sort_by slack
Design : fp_multiplier
Version: S-2021.06-SP1
Date   : Thu Nov 16 11:38:36 2023
****************************************


  Startpoint: a_operand[14]
               (input port clocked by clk)
  Endpoint: result[13] (output port clocked by clk)
  Path Group: clk
  Path Type: max

  Point                                    Incr       Path
  ---------------------------------------------------------------
  clock clk (rise edge)                   0.000      0.000
  clock network delay (ideal)             0.000      0.000
  input external delay                    0.000      0.000 r
  a_operand[14] (in)                      0.000      0.000 r
  U110/ZN (INV_X1)                        0.026      0.026 f
  U130/ZN (NOR2_X1)                       0.049      0.075 r
  U168/ZN (NOR2_X1)                       0.034      0.109 f
  U177/ZN (AOI21_X1)                      0.044      0.154 r
  U178/ZN (OAI21_X1)                      0.039      0.193 f
  U179/ZN (XNOR2_X1)                      0.061      0.254 f
  U132/ZN (OR2_X2)                        0.063      0.317 f
  U237/ZN (INV_X1)                        0.049      0.366 r
  U241/ZN (NAND2_X1)                      0.043      0.409 f
  U292/ZN (OR2_X1)                        0.063      0.472 f
  U293/ZN (NAND2_X1)                      0.026      0.498 r
  result[13] (out)                        0.002      0.500 r
  data arrival time                                  0.500

  clock clk (rise edge)                   0.000      0.000
  clock network delay (ideal)             0.000      0.000
  clock reconvergence pessimism           0.000      0.000
  output external delay                   0.000      0.000
  data required time                                 0.000
  ---------------------------------------------------------------
  data required time                                 0.000
  data arrival time                                 -0.500
  ---------------------------------------------------------------
  slack (VIOLATED)                                  -0.500


1
