Information: Updating design information... (UID-85)
 
****************************************
Report : qor
Design : MBM_multiplier
Version: S-2021.06-SP1
Date   : Thu Nov 16 10:45:52 2023
****************************************


  Timing Path Group 'clk'
  -----------------------------------
  Levels of Logic:              12.00
  Critical Path Length:          0.63
  Critical Path Slack:          -0.63
  Critical Path Clk Period:      0.00
  Total Negative Slack:        -13.07
  No. of Violating Paths:       22.00
  Worst Hold Violation:          0.00
  Total Hold Violation:          0.00
  No. of Hold Violations:        0.00
  -----------------------------------


  Cell Count
  -----------------------------------
  Hierarchical Cell Count:          0
  Hierarchical Port Count:          0
  Leaf Cell Count:                354
  Buf/Inv Cell Count:              67
  Buf Cell Count:                   8
  Inv Cell Count:                  59
  CT Buf/Inv Cell Count:            0
  Combinational Cell Count:       354
  Sequential Cell Count:            0
  Macro Count:                      0
  -----------------------------------


  Area
  -----------------------------------
  Combinational Area:      349.789998
  Noncombinational Area:     0.000000
  Buf/Inv Area:             37.772000
  Total Buffer Area:             6.38
  Total Inverter Area:          31.39
  Macro/Black Box Area:      0.000000
  Net Area:                  0.000000
  -----------------------------------
  Cell Area:               349.789998
  Design Area:             349.789998


  Design Rules
  -----------------------------------
  Total Number of Nets:           397
  Nets With Violations:             0
  Max Trans Violations:             0
  Max Cap Violations:               0
  -----------------------------------


  Hostname: i80r7node7

  Compile CPU Statistics
  -----------------------------------------
  Resource Sharing:                    0.08
  Logic Optimization:                  2.54
  Mapping Optimization:               10.97
  -----------------------------------------
  Overall Compile Time:               15.40
  Overall Compile Wall Clock Time:    15.69

  --------------------------------------------------------------------

  Design  WNS: 0.63  TNS: 13.07  Number of Violating Paths: 22


  Design (Hold)  WNS: 0.00  TNS: 0.00  Number of Violating Paths: 0

  --------------------------------------------------------------------


1
