 
****************************************
Report : timing
        -path full
        -delay max
        -max_paths 1
Design : MBM_multiplier
Version: S-2021.06-SP1
Date   : Thu Nov 16 10:45:52 2023
****************************************

Operating Conditions: typical   Library: NangateOpenCellLibrary
Wire Load Model Mode: top

  Startpoint: operand_b[8]
              (input port clocked by clk)
  Endpoint: product[42]
            (output port clocked by clk)
  Path Group: clk
  Path Type: max

  Des/Clust/Port     Wire Load Model       Library
  ------------------------------------------------
  MBM_multiplier     5K_hvratio_1_1        NangateOpenCellLibrary

  Point                                    Incr       Path
  -----------------------------------------------------------
  clock clk (rise edge)                   0.000      0.000
  clock network delay (ideal)             0.000      0.000
  input external delay                    0.000      0.000 r
  operand_b[8] (in)                       0.000      0.000 r
  U103/ZN (NOR2_X1)                       0.029      0.029 f
  U141/ZN (NOR2_X2)                       0.063      0.092 r
  U142/ZN (NAND2_X1)                      0.035      0.126 f
  U210/ZN (OAI21_X1)                      0.058      0.184 r
  U98/ZN (INV_X1)                         0.045      0.230 f
  U285/ZN (OAI21_X1)                      0.072      0.301 r
  U118/ZN (XNOR2_X1)                      0.072      0.373 r
  U122/ZN (AND3_X1)                       0.064      0.437 r
  U133/ZN (AND4_X2)                       0.080      0.517 r
  U147/ZN (AND2_X1)                       0.052      0.569 r
  U304/ZN (NAND2_X1)                      0.027      0.596 f
  U305/ZN (OAI211_X1)                     0.030      0.627 r
  product[42] (out)                       0.002      0.629 r
  data arrival time                                  0.629

  clock clk (rise edge)                   0.000      0.000
  clock network delay (ideal)             0.000      0.000
  output external delay                   0.000      0.000
  data required time                                 0.000
  -----------------------------------------------------------
  data required time                                 0.000
  data arrival time                                 -0.629
  -----------------------------------------------------------
  slack (VIOLATED)                                  -0.629


1
