 
****************************************
Report : area
Design : MBM_multiplier
Version: S-2021.06-SP1
Date   : Thu Nov 16 10:45:52 2023
****************************************

Library(s) Used:

    NangateOpenCellLibrary (File: /home/balkon00/eda/libs/nangate45/db/nangate45.db)

Number of ports:                           96
Number of nets:                           397
Number of cells:                          357
Number of combinational cells:            354
Number of sequential cells:                 0
Number of macros/black boxes:               0
Number of buf/inv:                         67
Number of references:                      25

Combinational area:                349.789998
Buf/Inv area:                       37.772000
Noncombinational area:               0.000000
Macro/Black Box area:                0.000000
Net Interconnect area:      undefined  (Wire load has zero net area)

Total cell area:                   349.789998
Total area:                 undefined
1
