****************************************
Report : timing
	-path_type full
	-delay_type max
	-max_paths 1
	-sort_by slack
Design : MBM_multiplier
Version: S-2021.06-SP1
Date   : Thu Nov 16 10:45:55 2023
****************************************


  Startpoint: operand_b[8]
               (input port clocked by clk)
  Endpoint: product[42]
               (output port clocked by clk)
  Path Group: clk
  Path Type: max

  Point                                    Incr       Path
  ---------------------------------------------------------------
  clock clk (rise edge)                   0.000      0.000
  clock network delay (ideal)             0.000      0.000
  input external delay                    0.000      0.000 r
  operand_b[8] (in)                       0.000      0.000 r
  U103/ZN (NOR2_X1)                       0.029      0.029 f
  U141/ZN (NOR2_X2)                       0.062      0.091 r
  U142/ZN (NAND2_X1)                      0.035      0.126 f
  U210/ZN (OAI21_X1)                      0.057      0.183 r
  U98/ZN (INV_X1)                         0.045      0.228 f
  U285/ZN (OAI21_X1)                      0.072      0.300 r
  U118/ZN (XNOR2_X1)                      0.071      0.371 r
  U122/ZN (AND3_X1)                       0.063      0.434 r
  U133/ZN (AND4_X2)                       0.079      0.514 r
  U147/ZN (AND2_X1)                       0.051      0.565 r
  U304/ZN (NAND2_X1)                      0.027      0.592 f
  U305/ZN (OAI211_X1)                     0.030      0.623 r
  product[42] (out)                       0.002      0.625 r
  data arrival time                                  0.625

  clock clk (rise edge)                   0.000      0.000
  clock network delay (ideal)             0.000      0.000
  clock reconvergence pessimism           0.000      0.000
  output external delay                   0.000      0.000
  data required time                                 0.000
  ---------------------------------------------------------------
  data required time                                 0.000
  data arrival time                                 -0.625
  ---------------------------------------------------------------
  slack (VIOLATED)                                  -0.625


1
