****************************************
Report : timing
	-path_type full
	-delay_type max
	-max_paths 1
	-sort_by slack
Design : MBM_multiplier
Version: S-2021.06-SP1
Date   : Thu Nov 16 10:52:03 2023
****************************************


  Startpoint: operand_b[17]
               (input port clocked by clk)
  Endpoint: product[43]
               (output port clocked by clk)
  Path Group: clk
  Path Type: max

  Point                                    Incr       Path
  ---------------------------------------------------------------
  clock clk (rise edge)                   0.000      0.000
  clock network delay (ideal)             0.000      0.000
  input external delay                    0.000      0.000 f
  operand_b[17] (in)                      0.000      0.000 f
  U64/ZN (OR2_X2)                         0.062      0.062 f
  U84/ZN (NAND3_X1)                       0.040      0.102 r
  U62/ZN (OAI211_X1)                      0.039      0.141 f
  U110/ZN (NAND3_X1)                      0.034      0.175 r
  U114/ZN (NAND2_X1)                      0.030      0.205 f
  U116/ZN (XNOR2_X1)                      0.057      0.262 f
  U117/Z (MUX2_X1)                        0.070      0.332 f
  U118/ZN (INV_X1)                        0.023      0.354 r
  product[43] (out)                       0.002      0.356 r
  data arrival time                                  0.356

  clock clk (rise edge)                   0.000      0.000
  clock network delay (ideal)             0.000      0.000
  clock reconvergence pessimism           0.000      0.000
  output external delay                   0.000      0.000
  data required time                                 0.000
  ---------------------------------------------------------------
  data required time                                 0.000
  data arrival time                                 -0.356
  ---------------------------------------------------------------
  slack (VIOLATED)                                  -0.356


1
