 
****************************************
Report : timing
        -path full
        -delay max
        -max_paths 1
Design : MBM_multiplier
Version: S-2021.06-SP1
Date   : Thu Nov 16 10:51:59 2023
****************************************

Operating Conditions: typical   Library: NangateOpenCellLibrary
Wire Load Model Mode: top

  Startpoint: operand_a[17]
              (input port clocked by clk)
  Endpoint: product[42]
            (output port clocked by clk)
  Path Group: clk
  Path Type: max

  Des/Clust/Port     Wire Load Model       Library
  ------------------------------------------------
  MBM_multiplier     5K_hvratio_1_1        NangateOpenCellLibrary

  Point                                    Incr       Path
  -----------------------------------------------------------
  clock clk (rise edge)                   0.000      0.000
  clock network delay (ideal)             0.000      0.000
  input external delay                    0.000      0.000 r
  operand_a[17] (in)                      0.000      0.000 r
  U65/ZN (AND2_X2)                        0.055      0.055 r
  U86/ZN (NAND2_X1)                       0.041      0.097 f
  U81/ZN (OAI211_X1)                      0.040      0.137 r
  U79/ZN (AND2_X1)                        0.056      0.193 r
  U78/ZN (OR2_X2)                         0.055      0.247 r
  U108/Z (MUX2_X1)                        0.086      0.333 f
  U109/ZN (INV_X1)                        0.023      0.356 r
  product[42] (out)                       0.002      0.358 r
  data arrival time                                  0.358

  clock clk (rise edge)                   0.000      0.000
  clock network delay (ideal)             0.000      0.000
  output external delay                   0.000      0.000
  data required time                                 0.000
  -----------------------------------------------------------
  data required time                                 0.000
  data arrival time                                 -0.358
  -----------------------------------------------------------
  slack (VIOLATED)                                  -0.358


1
