 
****************************************
Report : area
Design : MBM_multiplier
Version: S-2021.06-SP1
Date   : Thu Nov 16 10:51:59 2023
****************************************

Library(s) Used:

    NangateOpenCellLibrary (File: /home/balkon00/eda/libs/nangate45/db/nangate45.db)

Number of ports:                           96
Number of nets:                           114
Number of cells:                           98
Number of combinational cells:             96
Number of sequential cells:                 0
Number of macros/black boxes:               0
Number of buf/inv:                         15
Number of references:                      16

Combinational area:                100.814000
Buf/Inv area:                        8.512000
Noncombinational area:               0.000000
Macro/Black Box area:                0.000000
Net Interconnect area:      undefined  (Wire load has zero net area)

Total cell area:                   100.814000
Total area:                 undefined

Hierarchical area distribution
------------------------------

                                  Global cell area          Local cell area
                                  ------------------  --------------------------- 
Hierarchical cell                 Absolute   Percent  Combi-    Noncombi-  Black-
                                  Total      Total    national  national   boxes   Design
--------------------------------  ---------  -------  --------  ---------  ------  ---------
MBM_multiplier                     100.8140    100.0  100.8140     0.0000  0.0000  MBM_multiplier
--------------------------------  ---------  -------  --------  ---------  ------  ---------
Total                                                 100.8140     0.0000  0.0000

1
