 
****************************************
Report : area
Design : fp_multiplier
Version: S-2021.06-SP1
Date   : Thu Nov 16 11:28:10 2023
****************************************

Library(s) Used:

    NangateOpenCellLibrary (File: /home/balkon00/eda/libs/nangate45/db/nangate45.db)

Number of ports:                           99
Number of nets:                           425
Number of cells:                          375
Number of combinational cells:            374
Number of sequential cells:                 0
Number of macros/black boxes:               0
Number of buf/inv:                         82
Number of references:                      23

Combinational area:                356.174000
Buf/Inv area:                       47.880000
Noncombinational area:               0.000000
Macro/Black Box area:                0.000000
Net Interconnect area:      undefined  (Wire load has zero net area)

Total cell area:                   356.174000
Total area:                 undefined
1
