 
****************************************
Report : area
Design : fp_multiplier
Version: S-2021.06-SP1
Date   : Thu Nov 16 11:28:10 2023
****************************************

Library(s) Used:

    NangateOpenCellLibrary (File: /home/balkon00/eda/libs/nangate45/db/nangate45.db)

Number of ports:                           99
Number of nets:                           425
Number of cells:                          375
Number of combinational cells:            374
Number of sequential cells:                 0
Number of macros/black boxes:               0
Number of buf/inv:                         82
Number of references:                      23

Combinational area:                356.174000
Buf/Inv area:                       47.880000
Noncombinational area:               0.000000
Macro/Black Box area:                0.000000
Net Interconnect area:      undefined  (Wire load has zero net area)

Total cell area:                   356.174000
Total area:                 undefined

Hierarchical area distribution
------------------------------

                                  Global cell area          Local cell area
                                  ------------------  --------------------------- 
Hierarchical cell                 Absolute   Percent  Combi-    Noncombi-  Black-
                                  Total      Total    national  national   boxes   Design
--------------------------------  ---------  -------  --------  ---------  ------  ---------
fp_multiplier                      356.1740    100.0  356.1740     0.0000  0.0000  fp_multiplier
--------------------------------  ---------  -------  --------  ---------  ------  ---------
Total                                                 356.1740     0.0000  0.0000

1
