Information: Updating design information... (UID-85)
 
****************************************
Report : qor
Design : MBM_multiplier
Version: S-2021.06-SP1
Date   : Thu Nov 16 10:52:46 2023
****************************************


  Timing Path Group 'clk'
  -----------------------------------
  Levels of Logic:               7.00
  Critical Path Length:          0.31
  Critical Path Slack:          -0.31
  Critical Path Clk Period:      0.00
  Total Negative Slack:         -2.40
  No. of Violating Paths:        8.00
  Worst Hold Violation:          0.00
  Total Hold Violation:          0.00
  No. of Hold Violations:        0.00
  -----------------------------------


  Cell Count
  -----------------------------------
  Hierarchical Cell Count:          0
  Hierarchical Port Count:          0
  Leaf Cell Count:                 72
  Buf/Inv Cell Count:              13
  Buf Cell Count:                   2
  Inv Cell Count:                  11
  CT Buf/Inv Cell Count:            0
  Combinational Cell Count:        72
  Sequential Cell Count:            0
  Macro Count:                      0
  -----------------------------------


  Area
  -----------------------------------
  Combinational Area:       73.948000
  Noncombinational Area:     0.000000
  Buf/Inv Area:              7.448000
  Total Buffer Area:             1.60
  Total Inverter Area:           5.85
  Macro/Black Box Area:      0.000000
  Net Area:                  0.000000
  -----------------------------------
  Cell Area:                73.948000
  Design Area:              73.948000


  Design Rules
  -----------------------------------
  Total Number of Nets:            86
  Nets With Violations:             0
  Max Trans Violations:             0
  Max Cap Violations:               0
  -----------------------------------


  Hostname: i80r7node7

  Compile CPU Statistics
  -----------------------------------------
  Resource Sharing:                    0.13
  Logic Optimization:                  0.51
  Mapping Optimization:                1.59
  -----------------------------------------
  Overall Compile Time:                3.88
  Overall Compile Wall Clock Time:     4.16

  --------------------------------------------------------------------

  Design  WNS: 0.31  TNS: 2.40  Number of Violating Paths: 8


  Design (Hold)  WNS: 0.00  TNS: 0.00  Number of Violating Paths: 0

  --------------------------------------------------------------------


1
