****************************************
Report : timing
	-path_type full
	-delay_type max
	-max_paths 1
	-sort_by slack
Design : MBM_multiplier
Version: S-2021.06-SP1
Date   : Thu Nov 16 10:52:49 2023
****************************************


  Startpoint: operand_b[20]
               (input port clocked by clk)
  Endpoint: product[42]
               (output port clocked by clk)
  Path Group: clk
  Path Type: max

  Point                                    Incr       Path
  ---------------------------------------------------------------
  clock clk (rise edge)                   0.000      0.000
  clock network delay (ideal)             0.000      0.000
  input external delay                    0.000      0.000 f
  operand_b[20] (in)                      0.000      0.000 f
  U50/ZN (OR2_X1)                         0.059      0.059 f
  U64/ZN (NAND2_X1)                       0.027      0.086 r
  U89/ZN (AND2_X1)                        0.041      0.127 r
  U90/ZN (OAI21_X1)                       0.035      0.162 f
  U93/ZN (XNOR2_X1)                       0.060      0.223 f
  U94/ZN (OR2_X1)                         0.056      0.279 f
  U95/ZN (OAI21_X1)                       0.030      0.309 r
  product[42] (out)                       0.002      0.311 r
  data arrival time                                  0.311

  clock clk (rise edge)                   0.000      0.000
  clock network delay (ideal)             0.000      0.000
  clock reconvergence pessimism           0.000      0.000
  output external delay                   0.000      0.000
  data required time                                 0.000
  ---------------------------------------------------------------
  data required time                                 0.000
  data arrival time                                 -0.311
  ---------------------------------------------------------------
  slack (VIOLATED)                                  -0.311


1
