 
****************************************
Report : timing
        -path full
        -delay max
        -max_paths 1
Design : MBM_multiplier
Version: S-2021.06-SP1
Date   : Thu Nov 16 10:46:29 2023
****************************************

Operating Conditions: typical   Library: NangateOpenCellLibrary
Wire Load Model Mode: top

  Startpoint: operand_b[15]
              (input port clocked by clk)
  Endpoint: product[43]
            (output port clocked by clk)
  Path Group: clk
  Path Type: max

  Des/Clust/Port     Wire Load Model       Library
  ------------------------------------------------
  MBM_multiplier     5K_hvratio_1_1        NangateOpenCellLibrary

  Point                                    Incr       Path
  -----------------------------------------------------------
  clock clk (rise edge)                   0.000      0.000
  clock network delay (ideal)             0.000      0.000
  input external delay                    0.000      0.000 f
  operand_b[15] (in)                      0.000      0.000 f
  U70/ZN (NOR2_X1)                        0.046      0.046 r
  U120/ZN (OAI21_X1)                      0.032      0.079 f
  U121/ZN (AOI21_X1)                      0.066      0.144 r
  U129/ZN (OAI21_X1)                      0.043      0.187 f
  U74/ZN (AOI21_X1)                       0.083      0.270 r
  U152/ZN (OAI21_X1)                      0.042      0.312 f
  U153/ZN (XNOR2_X1)                      0.062      0.375 f
  U249/ZN (OR2_X1)                        0.056      0.431 f
  U251/ZN (NAND2_X1)                      0.024      0.455 r
  product[43] (out)                       0.002      0.457 r
  data arrival time                                  0.457

  clock clk (rise edge)                   0.000      0.000
  clock network delay (ideal)             0.000      0.000
  output external delay                   0.000      0.000
  data required time                                 0.000
  -----------------------------------------------------------
  data required time                                 0.000
  data arrival time                                 -0.457
  -----------------------------------------------------------
  slack (VIOLATED)                                  -0.457


1
