 
****************************************
Report : area
Design : MBM_multiplier
Version: S-2021.06-SP1
Date   : Thu Nov 16 10:46:29 2023
****************************************

Library(s) Used:

    NangateOpenCellLibrary (File: /home/balkon00/eda/libs/nangate45/db/nangate45.db)

Number of ports:                           96
Number of nets:                           259
Number of cells:                          221
Number of combinational cells:            219
Number of sequential cells:                 0
Number of macros/black boxes:               0
Number of buf/inv:                         46
Number of references:                      14

Combinational area:                213.863998
Buf/Inv area:                       27.930000
Noncombinational area:               0.000000
Macro/Black Box area:                0.000000
Net Interconnect area:      undefined  (Wire load has zero net area)

Total cell area:                   213.863998
Total area:                 undefined
1
