Information: Updating design information... (UID-85)
 
****************************************
Report : qor
Design : mac_unit
Version: S-2021.06-SP1
Date   : Thu Nov 16 20:28:35 2023
****************************************


  Timing Path Group 'clk'
  -----------------------------------
  Levels of Logic:              35.00
  Critical Path Length:          1.80
  Critical Path Slack:          -1.80
  Critical Path Clk Period:      0.00
  Total Negative Slack:        -58.98
  No. of Violating Paths:       35.00
  Worst Hold Violation:          0.00
  Total Hold Violation:          0.00
  No. of Hold Violations:        0.00
  -----------------------------------


  Cell Count
  -----------------------------------
  Hierarchical Cell Count:          0
  Hierarchical Port Count:          0
  Leaf Cell Count:               1077
  Buf/Inv Cell Count:             248
  Buf Cell Count:                  57
  Inv Cell Count:                 191
  CT Buf/Inv Cell Count:            0
  Combinational Cell Count:      1077
  Sequential Cell Count:            0
  Macro Count:                      0
  -----------------------------------


  Area
  -----------------------------------
  Combinational Area:     1038.463998
  Noncombinational Area:     0.000000
  Buf/Inv Area:            151.088000
  Total Buffer Area:            49.21
  Total Inverter Area:         101.88
  Macro/Black Box Area:      0.000000
  Net Area:                  0.000000
  -----------------------------------
  Cell Area:              1038.463998
  Design Area:            1038.463998


  Design Rules
  -----------------------------------
  Total Number of Nets:          1147
  Nets With Violations:             0
  Max Trans Violations:             0
  Max Cap Violations:               0
  -----------------------------------


  Hostname: i80r7node6

  Compile CPU Statistics
  -----------------------------------------
  Resource Sharing:                    0.26
  Logic Optimization:                 22.47
  Mapping Optimization:               35.90
  -----------------------------------------
  Overall Compile Time:               61.65
  Overall Compile Wall Clock Time:    62.01

  --------------------------------------------------------------------

  Design  WNS: 1.80  TNS: 58.98  Number of Violating Paths: 35


  Design (Hold)  WNS: 0.00  TNS: 0.00  Number of Violating Paths: 0

  --------------------------------------------------------------------


1
