Information: Updating design information... (UID-85)
 
****************************************
Report : qor
Design : fp_multiplier
Version: S-2021.06-SP1
Date   : Thu Nov 16 11:26:08 2023
****************************************


  Timing Path Group 'clk'
  -----------------------------------
  Levels of Logic:              11.00
  Critical Path Length:          0.47
  Critical Path Slack:          -0.47
  Critical Path Clk Period:      0.00
  Total Negative Slack:        -14.97
  No. of Violating Paths:       34.00
  Worst Hold Violation:          0.00
  Total Hold Violation:          0.00
  No. of Hold Violations:        0.00
  -----------------------------------


  Cell Count
  -----------------------------------
  Hierarchical Cell Count:          0
  Hierarchical Port Count:          0
  Leaf Cell Count:                387
  Buf/Inv Cell Count:              59
  Buf Cell Count:                   9
  Inv Cell Count:                  50
  CT Buf/Inv Cell Count:            0
  Combinational Cell Count:       387
  Sequential Cell Count:            0
  Macro Count:                      0
  -----------------------------------


  Area
  -----------------------------------
  Combinational Area:      361.493997
  Noncombinational Area:     0.000000
  Buf/Inv Area:             34.314000
  Total Buffer Area:             7.71
  Total Inverter Area:          26.60
  Macro/Black Box Area:      0.000000
  Net Area:                  0.000000
  -----------------------------------
  Cell Area:               361.493997
  Design Area:             361.493997


  Design Rules
  -----------------------------------
  Total Number of Nets:           444
  Nets With Violations:             0
  Max Trans Violations:             0
  Max Cap Violations:               0
  -----------------------------------


  Hostname: i80r7node7

  Compile CPU Statistics
  -----------------------------------------
  Resource Sharing:                    0.13
  Logic Optimization:                  0.88
  Mapping Optimization:               11.53
  -----------------------------------------
  Overall Compile Time:               14.56
  Overall Compile Wall Clock Time:    14.87

  --------------------------------------------------------------------

  Design  WNS: 0.47  TNS: 14.97  Number of Violating Paths: 34


  Design (Hold)  WNS: 0.00  TNS: 0.00  Number of Violating Paths: 0

  --------------------------------------------------------------------


1
