 
****************************************
Report : area
Design : fp_multiplier
Version: S-2021.06-SP1
Date   : Thu Nov 16 11:26:08 2023
****************************************

Library(s) Used:

    NangateOpenCellLibrary (File: /home/balkon00/eda/libs/nangate45/db/nangate45.db)

Number of ports:                           99
Number of nets:                           444
Number of cells:                          388
Number of combinational cells:            387
Number of sequential cells:                 0
Number of macros/black boxes:               0
Number of buf/inv:                         59
Number of references:                      22

Combinational area:                361.493997
Buf/Inv area:                       34.314000
Noncombinational area:               0.000000
Macro/Black Box area:                0.000000
Net Interconnect area:      undefined  (Wire load has zero net area)

Total cell area:                   361.493997
Total area:                 undefined
1
