 
****************************************
Report : timing
        -path full
        -delay max
        -max_paths 1
Design : fp_multiplier
Version: S-2021.06-SP1
Date   : Thu Nov 16 11:30:07 2023
****************************************

Operating Conditions: typical   Library: NangateOpenCellLibrary
Wire Load Model Mode: top

  Startpoint: a_operand[23]
              (input port clocked by clk)
  Endpoint: result[15] (output port clocked by clk)
  Path Group: clk
  Path Type: max

  Des/Clust/Port     Wire Load Model       Library
  ------------------------------------------------
  fp_multiplier      5K_hvratio_1_1        NangateOpenCellLibrary

  Point                                    Incr       Path
  -----------------------------------------------------------
  clock clk (rise edge)                   0.000      0.000
  clock network delay (ideal)             0.000      0.000
  input external delay                    0.000      0.000 f
  a_operand[23] (in)                      0.000      0.000 f
  U256/ZN (OR2_X2)                        0.064      0.064 f
  U255/ZN (OAI21_X1)                      0.045      0.110 r
  U306/ZN (OAI211_X1)                     0.048      0.158 f
  U307/ZN (NAND2_X1)                      0.045      0.203 r
  U315/ZN (NAND4_X1)                      0.053      0.256 f
  U212/ZN (AND3_X1)                       0.058      0.314 f
  U138/ZN (AND2_X2)                       0.051      0.366 f
  U348/ZN (NAND2_X1)                      0.037      0.403 r
  U349/ZN (OAI21_X1)                      0.030      0.433 f
  result[15] (out)                        0.002      0.435 f
  data arrival time                                  0.435

  clock clk (rise edge)                   0.000      0.000
  clock network delay (ideal)             0.000      0.000
  output external delay                   0.000      0.000
  data required time                                 0.000
  -----------------------------------------------------------
  data required time                                 0.000
  data arrival time                                 -0.435
  -----------------------------------------------------------
  slack (VIOLATED)                                  -0.435


1
