****************************************
Report : timing
	-path_type full
	-delay_type max
	-max_paths 1
	-sort_by slack
Design : fp_multiplier
Version: S-2021.06-SP1
Date   : Thu Nov 16 11:30:11 2023
****************************************


  Startpoint: a_operand[23]
               (input port clocked by clk)
  Endpoint: result[19] (output port clocked by clk)
  Path Group: clk
  Path Type: max

  Point                                    Incr       Path
  ---------------------------------------------------------------
  clock clk (rise edge)                   0.000      0.000
  clock network delay (ideal)             0.000      0.000
  input external delay                    0.000      0.000 f
  a_operand[23] (in)                      0.000      0.000 f
  U256/ZN (OR2_X2)                        0.064      0.064 f
  U255/ZN (OAI21_X1)                      0.045      0.110 r
  U306/ZN (OAI211_X1)                     0.048      0.158 f
  U307/ZN (NAND2_X1)                      0.045      0.203 r
  U315/ZN (NAND4_X1)                      0.053      0.256 f
  U212/ZN (AND3_X1)                       0.058      0.313 f
  U138/ZN (AND2_X2)                       0.051      0.364 f
  U391/ZN (NAND2_X1)                      0.037      0.401 r
  U392/ZN (OAI21_X1)                      0.030      0.431 f
  result[19] (out)                        0.002      0.433 f
  data arrival time                                  0.433

  clock clk (rise edge)                   0.000      0.000
  clock network delay (ideal)             0.000      0.000
  clock reconvergence pessimism           0.000      0.000
  output external delay                   0.000      0.000
  data required time                                 0.000
  ---------------------------------------------------------------
  data required time                                 0.000
  data arrival time                                 -0.433
  ---------------------------------------------------------------
  slack (VIOLATED)                                  -0.433


1
