 
****************************************
Report : area
Design : mitchell_multiplier
Version: T-2022.03-SP5
Date   : Wed Jun  5 15:01:05 2024
****************************************

Library(s) Used:

    NangateOpenCellLibrary (File: /home/balaskas/libs/nangate45/db/nangate45.db)

Number of ports:                           96
Number of nets:                          1138
Number of cells:                         1100
Number of combinational cells:           1096
Number of sequential cells:                 0
Number of macros/black boxes:               0
Number of buf/inv:                        181
Number of references:                      40

Combinational area:               1067.724000
Buf/Inv area:                      104.538000
Noncombinational area:               0.000000
Macro/Black Box area:                0.000000
Net Interconnect area:      undefined  (Wire load has zero net area)

Total cell area:                  1067.724000
Total area:                 undefined

Hierarchical area distribution
------------------------------

                                  Global cell area          Local cell area
                                  ------------------  ---------------------------- 
Hierarchical cell                 Absolute   Percent  Combi-     Noncombi-  Black-
                                  Total      Total    national   national   boxes   Design
--------------------------------  ---------  -------  ---------  ---------  ------  ---------
mitchell_multiplier               1067.7240    100.0  1067.7240     0.0000  0.0000  mitchell_multiplier
--------------------------------  ---------  -------  ---------  ---------  ------  ---------
Total                                                 1067.7240     0.0000  0.0000

1
