 
****************************************
Report : timing
        -path full
        -delay max
        -max_paths 1
Design : fp_multiplier
Version: S-2021.06-SP1
Date   : Thu Nov 16 11:31:18 2023
****************************************

Operating Conditions: typical   Library: NangateOpenCellLibrary
Wire Load Model Mode: top

  Startpoint: b_operand[17]
              (input port clocked by clk)
  Endpoint: result[20] (output port clocked by clk)
  Path Group: clk
  Path Type: max

  Des/Clust/Port     Wire Load Model       Library
  ------------------------------------------------
  fp_multiplier      5K_hvratio_1_1        NangateOpenCellLibrary

  Point                                    Incr       Path
  -----------------------------------------------------------
  clock clk (rise edge)                   0.000      0.000
  clock network delay (ideal)             0.000      0.000
  input external delay                    0.000      0.000 f
  b_operand[17] (in)                      0.000      0.000 f
  U209/ZN (AND2_X1)                       0.043      0.043 f
  U167/ZN (OAI21_X1)                      0.058      0.101 r
  U213/ZN (OAI211_X1)                     0.054      0.155 f
  U270/ZN (OR3_X2)                        0.097      0.252 f
  U185/ZN (AOI21_X1)                      0.046      0.298 r
  U273/ZN (XNOR2_X1)                      0.067      0.365 r
  U338/ZN (OR2_X1)                        0.040      0.405 r
  U339/ZN (OAI21_X1)                      0.029      0.434 f
  result[20] (out)                        0.002      0.436 f
  data arrival time                                  0.436

  clock clk (rise edge)                   0.000      0.000
  clock network delay (ideal)             0.000      0.000
  output external delay                   0.000      0.000
  data required time                                 0.000
  -----------------------------------------------------------
  data required time                                 0.000
  data arrival time                                 -0.436
  -----------------------------------------------------------
  slack (VIOLATED)                                  -0.436


1
