Information: Updating design information... (UID-85)
 
****************************************
Report : qor
Design : fp_multiplier
Version: S-2021.06-SP1
Date   : Thu Nov 16 11:31:18 2023
****************************************


  Timing Path Group 'clk'
  -----------------------------------
  Levels of Logic:               8.00
  Critical Path Length:          0.44
  Critical Path Slack:          -0.44
  Critical Path Clk Period:      0.00
  Total Negative Slack:        -10.32
  No. of Violating Paths:       26.00
  Worst Hold Violation:          0.00
  Total Hold Violation:          0.00
  No. of Hold Violations:        0.00
  -----------------------------------


  Cell Count
  -----------------------------------
  Hierarchical Cell Count:          0
  Hierarchical Port Count:          0
  Leaf Cell Count:                266
  Buf/Inv Cell Count:              45
  Buf Cell Count:                   9
  Inv Cell Count:                  36
  CT Buf/Inv Cell Count:            0
  Combinational Cell Count:       266
  Sequential Cell Count:            0
  Macro Count:                      0
  -----------------------------------


  Area
  -----------------------------------
  Combinational Area:      260.945999
  Noncombinational Area:     0.000000
  Buf/Inv Area:             26.600000
  Total Buffer Area:             7.45
  Total Inverter Area:          19.15
  Macro/Black Box Area:      0.000000
  Net Area:                  0.000000
  -----------------------------------
  Cell Area:               260.945999
  Design Area:             260.945999


  Design Rules
  -----------------------------------
  Total Number of Nets:           307
  Nets With Violations:             0
  Max Trans Violations:             0
  Max Cap Violations:               0
  -----------------------------------


  Hostname: i80r7node7

  Compile CPU Statistics
  -----------------------------------------
  Resource Sharing:                    0.13
  Logic Optimization:                  1.64
  Mapping Optimization:                3.75
  -----------------------------------------
  Overall Compile Time:                7.48
  Overall Compile Wall Clock Time:     7.75

  --------------------------------------------------------------------

  Design  WNS: 0.44  TNS: 10.32  Number of Violating Paths: 26


  Design (Hold)  WNS: 0.00  TNS: 0.00  Number of Violating Paths: 0

  --------------------------------------------------------------------


1
