****************************************
Report : timing
	-path_type full
	-delay_type max
	-max_paths 1
	-sort_by slack
Design : fp_multiplier
Version: S-2021.06-SP1
Date   : Thu Nov 16 11:31:22 2023
****************************************


  Startpoint: a_operand[17]
               (input port clocked by clk)
  Endpoint: result[20] (output port clocked by clk)
  Path Group: clk
  Path Type: max

  Point                                    Incr       Path
  ---------------------------------------------------------------
  clock clk (rise edge)                   0.000      0.000
  clock network delay (ideal)             0.000      0.000
  input external delay                    0.000      0.000 f
  a_operand[17] (in)                      0.000      0.000 f
  U135/ZN (OR2_X2)                        0.063      0.063 f
  U194/ZN (NAND2_X1)                      0.035      0.099 r
  U195/ZN (NOR2_X1)                       0.029      0.128 f
  U201/ZN (AND2_X1)                       0.040      0.168 f
  U270/ZN (OR3_X2)                        0.083      0.251 f
  U185/ZN (AOI21_X1)                      0.047      0.298 r
  U273/ZN (XNOR2_X1)                      0.066      0.364 r
  U338/ZN (OR2_X1)                        0.040      0.404 r
  U339/ZN (OAI21_X1)                      0.029      0.433 f
  result[20] (out)                        0.002      0.435 f
  data arrival time                                  0.435

  clock clk (rise edge)                   0.000      0.000
  clock network delay (ideal)             0.000      0.000
  clock reconvergence pessimism           0.000      0.000
  output external delay                   0.000      0.000
  data required time                                 0.000
  ---------------------------------------------------------------
  data required time                                 0.000
  data arrival time                                 -0.435
  ---------------------------------------------------------------
  slack (VIOLATED)                                  -0.435


1
