Information: Updating design information... (UID-85)
 
****************************************
Report : qor
Design : mac_unit
Version: S-2021.06-SP1
Date   : Thu Nov 16 20:40:43 2023
****************************************


  Timing Path Group 'clk'
  -----------------------------------
  Levels of Logic:              35.00
  Critical Path Length:          1.76
  Critical Path Slack:          -1.76
  Critical Path Clk Period:      0.00
  Total Negative Slack:        -57.28
  No. of Violating Paths:       35.00
  Worst Hold Violation:          0.00
  Total Hold Violation:          0.00
  No. of Hold Violations:        0.00
  -----------------------------------


  Cell Count
  -----------------------------------
  Hierarchical Cell Count:          0
  Hierarchical Port Count:          0
  Leaf Cell Count:                952
  Buf/Inv Cell Count:             189
  Buf Cell Count:                  46
  Inv Cell Count:                 143
  CT Buf/Inv Cell Count:            0
  Combinational Cell Count:       952
  Sequential Cell Count:            0
  Macro Count:                      0
  -----------------------------------


  Area
  -----------------------------------
  Combinational Area:      928.605998
  Noncombinational Area:     0.000000
  Buf/Inv Area:            115.976000
  Total Buffer Area:            39.90
  Total Inverter Area:          76.08
  Macro/Black Box Area:      0.000000
  Net Area:                  0.000000
  -----------------------------------
  Cell Area:               928.605998
  Design Area:             928.605998


  Design Rules
  -----------------------------------
  Total Number of Nets:          1010
  Nets With Violations:             0
  Max Trans Violations:             0
  Max Cap Violations:               0
  -----------------------------------


  Hostname: i80r7node6

  Compile CPU Statistics
  -----------------------------------------
  Resource Sharing:                    0.30
  Logic Optimization:                 11.72
  Mapping Optimization:               34.86
  -----------------------------------------
  Overall Compile Time:               49.85
  Overall Compile Wall Clock Time:    50.39

  --------------------------------------------------------------------

  Design  WNS: 1.76  TNS: 57.28  Number of Violating Paths: 35


  Design (Hold)  WNS: 0.00  TNS: 0.00  Number of Violating Paths: 0

  --------------------------------------------------------------------


1
