 
****************************************
Report : area
Design : mac_unit
Version: S-2021.06-SP1
Date   : Thu Nov 16 20:50:52 2023
****************************************

Library(s) Used:

    NangateOpenCellLibrary (File: /home/balkon00/eda/libs/nangate45/db/nangate45.db)

Number of ports:                           67
Number of nets:                           635
Number of cells:                          599
Number of combinational cells:            599
Number of sequential cells:                 0
Number of macros/black boxes:               0
Number of buf/inv:                        123
Number of references:                      30

Combinational area:                610.736000
Buf/Inv area:                       69.692000
Noncombinational area:               0.000000
Macro/Black Box area:                0.000000
Net Interconnect area:      undefined  (Wire load has zero net area)

Total cell area:                   610.736000
Total area:                 undefined

Hierarchical area distribution
------------------------------

                                  Global cell area          Local cell area
                                  ------------------  --------------------------- 
Hierarchical cell                 Absolute   Percent  Combi-    Noncombi-  Black-
                                  Total      Total    national  national   boxes   Design
--------------------------------  ---------  -------  --------  ---------  ------  ---------
mac_unit                           610.7360    100.0  610.7360     0.0000  0.0000  mac_unit
--------------------------------  ---------  -------  --------  ---------  ------  ---------
Total                                                 610.7360     0.0000  0.0000

1
