 
****************************************
Report : area
Design : mitchell_multiplier
Version: T-2022.03-SP5
Date   : Wed Jun  5 15:13:05 2024
****************************************

Library(s) Used:

    NangateOpenCellLibrary (File: /home/balaskas/libs/nangate45/db/nangate45.db)

Number of ports:                           96
Number of nets:                           721
Number of cells:                          695
Number of combinational cells:            688
Number of sequential cells:                 0
Number of macros/black boxes:               0
Number of buf/inv:                        133
Number of references:                      36

Combinational area:                671.384002
Buf/Inv area:                       78.736000
Noncombinational area:               0.000000
Macro/Black Box area:                0.000000
Net Interconnect area:      undefined  (Wire load has zero net area)

Total cell area:                   671.384002
Total area:                 undefined
1
