Information: Updating design information... (UID-85)
 
****************************************
Report : qor
Design : mac_unit
Version: S-2021.06-SP1
Date   : Thu Nov 16 13:12:43 2023
****************************************


  Timing Path Group 'clk'
  -----------------------------------
  Levels of Logic:              34.00
  Critical Path Length:          1.84
  Critical Path Slack:          -1.84
  Critical Path Clk Period:      0.00
  Total Negative Slack:        -60.13
  No. of Violating Paths:       35.00
  Worst Hold Violation:          0.00
  Total Hold Violation:          0.00
  No. of Hold Violations:        0.00
  -----------------------------------


  Cell Count
  -----------------------------------
  Hierarchical Cell Count:          0
  Hierarchical Port Count:          0
  Leaf Cell Count:                883
  Buf/Inv Cell Count:             196
  Buf Cell Count:                  42
  Inv Cell Count:                 154
  CT Buf/Inv Cell Count:            0
  Combinational Cell Count:       883
  Sequential Cell Count:            0
  Macro Count:                      0
  -----------------------------------


  Area
  -----------------------------------
  Combinational Area:      855.987999
  Noncombinational Area:     0.000000
  Buf/Inv Area:            118.636000
  Total Buffer Area:            36.71
  Total Inverter Area:          81.93
  Macro/Black Box Area:      0.000000
  Net Area:                  0.000000
  -----------------------------------
  Cell Area:               855.987999
  Design Area:             855.987999


  Design Rules
  -----------------------------------
  Total Number of Nets:           939
  Nets With Violations:             0
  Max Trans Violations:             0
  Max Cap Violations:               0
  -----------------------------------


  Hostname: i80r7node7

  Compile CPU Statistics
  -----------------------------------------
  Resource Sharing:                    0.31
  Logic Optimization:                  8.29
  Mapping Optimization:               26.19
  -----------------------------------------
  Overall Compile Time:               37.63
  Overall Compile Wall Clock Time:    37.98

  --------------------------------------------------------------------

  Design  WNS: 1.84  TNS: 60.13  Number of Violating Paths: 35


  Design (Hold)  WNS: 0.00  TNS: 0.00  Number of Violating Paths: 0

  --------------------------------------------------------------------


1
