 
****************************************
Report : area
Design : mitchell_multiplier
Version: T-2022.03-SP5
Date   : Wed Jun  5 15:14:30 2024
****************************************

Library(s) Used:

    NangateOpenCellLibrary (File: /home/balaskas/libs/nangate45/db/nangate45.db)

Number of ports:                           96
Number of nets:                           523
Number of cells:                          499
Number of combinational cells:            494
Number of sequential cells:                 0
Number of macros/black boxes:               0
Number of buf/inv:                        109
Number of references:                      32

Combinational area:                503.804003
Buf/Inv area:                       65.170000
Noncombinational area:               0.000000
Macro/Black Box area:                0.000000
Net Interconnect area:      undefined  (Wire load has zero net area)

Total cell area:                   503.804003
Total area:                 undefined
1
