Information: Updating design information... (UID-85)
 
****************************************
Report : qor
Design : mitchell_multiplier
Version: T-2022.03-SP5
Date   : Wed Jun  5 15:22:25 2024
****************************************


  Timing Path Group 'clk'
  -----------------------------------
  Levels of Logic:               1.00
  Critical Path Length:          0.07
  Critical Path Slack:          -0.07
  Critical Path Clk Period:      0.00
  Total Negative Slack:         -0.17
  No. of Violating Paths:        3.00
  Worst Hold Violation:          0.00
  Total Hold Violation:          0.00
  No. of Hold Violations:        0.00
  -----------------------------------


  Cell Count
  -----------------------------------
  Hierarchical Cell Count:          0
  Hierarchical Port Count:          0
  Leaf Cell Count:                  5
  Buf/Inv Cell Count:               2
  Buf Cell Count:                   0
  Inv Cell Count:                   2
  CT Buf/Inv Cell Count:            0
  Combinational Cell Count:         5
  Sequential Cell Count:            0
  Macro Count:                      0
  -----------------------------------


  Area
  -----------------------------------
  Combinational Area:        4.788000
  Noncombinational Area:     0.000000
  Buf/Inv Area:              1.064000
  Total Buffer Area:             0.00
  Total Inverter Area:           1.06
  Macro/Black Box Area:      0.000000
  Net Area:                  0.000000
  -----------------------------------
  Cell Area:                 4.788000
  Design Area:               4.788000


  Design Rules
  -----------------------------------
  Total Number of Nets:             8
  Nets With Violations:             0
  Max Trans Violations:             0
  Max Cap Violations:               0
  -----------------------------------


  Hostname: kamino.ceid.upatras.gr

  Compile CPU Statistics
  -----------------------------------------
  Resource Sharing:                    0.28
  Logic Optimization:                  0.04
  Mapping Optimization:                0.42
  -----------------------------------------
  Overall Compile Time:                2.47
  Overall Compile Wall Clock Time:     2.81

  --------------------------------------------------------------------

  Design  WNS: 0.07  TNS: 0.17  Number of Violating Paths: 3


  Design (Hold)  WNS: 0.00  TNS: 0.00  Number of Violating Paths: 0

  --------------------------------------------------------------------


1
