Information: Updating design information... (UID-85)
 
****************************************
Report : qor
Design : MBM_multiplier
Version: S-2021.06-SP1
Date   : Thu Nov 16 10:48:43 2023
****************************************


  Timing Path Group 'clk'
  -----------------------------------
  Levels of Logic:               9.00
  Critical Path Length:          0.45
  Critical Path Slack:          -0.45
  Critical Path Clk Period:      0.00
  Total Negative Slack:         -7.39
  No. of Violating Paths:       17.00
  Worst Hold Violation:          0.00
  Total Hold Violation:          0.00
  No. of Hold Violations:        0.00
  -----------------------------------


  Cell Count
  -----------------------------------
  Hierarchical Cell Count:          0
  Hierarchical Port Count:          0
  Leaf Cell Count:                193
  Buf/Inv Cell Count:              39
  Buf Cell Count:                   6
  Inv Cell Count:                  33
  CT Buf/Inv Cell Count:            0
  Combinational Cell Count:       193
  Sequential Cell Count:            0
  Macro Count:                      0
  -----------------------------------


  Area
  -----------------------------------
  Combinational Area:      199.766000
  Noncombinational Area:     0.000000
  Buf/Inv Area:             22.610000
  Total Buffer Area:             5.05
  Total Inverter Area:          17.56
  Macro/Black Box Area:      0.000000
  Net Area:                  0.000000
  -----------------------------------
  Cell Area:               199.766000
  Design Area:             199.766000


  Design Rules
  -----------------------------------
  Total Number of Nets:           225
  Nets With Violations:             0
  Max Trans Violations:             0
  Max Cap Violations:               0
  -----------------------------------


  Hostname: i80r7node7

  Compile CPU Statistics
  -----------------------------------------
  Resource Sharing:                    0.08
  Logic Optimization:                  0.93
  Mapping Optimization:                4.91
  -----------------------------------------
  Overall Compile Time:                7.64
  Overall Compile Wall Clock Time:     7.91

  --------------------------------------------------------------------

  Design  WNS: 0.45  TNS: 7.39  Number of Violating Paths: 17


  Design (Hold)  WNS: 0.00  TNS: 0.00  Number of Violating Paths: 0

  --------------------------------------------------------------------


1
