 
****************************************
Report : area
Design : MBM_multiplier
Version: S-2021.06-SP1
Date   : Thu Nov 16 10:48:43 2023
****************************************

Library(s) Used:

    NangateOpenCellLibrary (File: /home/balkon00/eda/libs/nangate45/db/nangate45.db)

Number of ports:                           96
Number of nets:                           225
Number of cells:                          195
Number of combinational cells:            193
Number of sequential cells:                 0
Number of macros/black boxes:               0
Number of buf/inv:                         39
Number of references:                      23

Combinational area:                199.766000
Buf/Inv area:                       22.610000
Noncombinational area:               0.000000
Macro/Black Box area:                0.000000
Net Interconnect area:      undefined  (Wire load has zero net area)

Total cell area:                   199.766000
Total area:                 undefined
1
