 
****************************************
Report : timing
        -path full
        -delay max
        -max_paths 1
Design : MBM_multiplier
Version: S-2021.06-SP1
Date   : Thu Nov 16 10:48:43 2023
****************************************

Operating Conditions: typical   Library: NangateOpenCellLibrary
Wire Load Model Mode: top

  Startpoint: operand_b[13]
              (input port clocked by clk)
  Endpoint: product[40]
            (output port clocked by clk)
  Path Group: clk
  Path Type: max

  Des/Clust/Port     Wire Load Model       Library
  ------------------------------------------------
  MBM_multiplier     5K_hvratio_1_1        NangateOpenCellLibrary

  Point                                    Incr       Path
  -----------------------------------------------------------
  clock clk (rise edge)                   0.000      0.000
  clock network delay (ideal)             0.000      0.000
  input external delay                    0.000      0.000 f
  operand_b[13] (in)                      0.000      0.000 f
  U90/ZN (OR2_X2)                         0.066      0.066 f
  U96/ZN (NAND2_X1)                       0.037      0.103 r
  U97/ZN (NOR2_X1)                        0.028      0.132 f
  U105/ZN (NAND2_X1)                      0.032      0.163 r
  U148/ZN (NAND2_X1)                      0.035      0.198 f
  U61/ZN (OR2_X2)                         0.059      0.258 f
  U225/ZN (AOI211_X1)                     0.070      0.328 r
  U227/ZN (XNOR2_X1)                      0.071      0.399 r
  U228/Z (MUX2_X1)                        0.046      0.445 r
  product[40] (out)                       0.002      0.447 r
  data arrival time                                  0.447

  clock clk (rise edge)                   0.000      0.000
  clock network delay (ideal)             0.000      0.000
  output external delay                   0.000      0.000
  data required time                                 0.000
  -----------------------------------------------------------
  data required time                                 0.000
  data arrival time                                 -0.447
  -----------------------------------------------------------
  slack (VIOLATED)                                  -0.447


1
