Information: Updating design information... (UID-85)
 
****************************************
Report : qor
Design : mac_unit
Version: S-2021.06-SP1
Date   : Thu Nov 16 20:38:40 2023
****************************************


  Timing Path Group 'clk'
  -----------------------------------
  Levels of Logic:              37.00
  Critical Path Length:          1.82
  Critical Path Slack:          -1.82
  Critical Path Clk Period:      0.00
  Total Negative Slack:        -59.53
  No. of Violating Paths:       35.00
  Worst Hold Violation:          0.00
  Total Hold Violation:          0.00
  No. of Hold Violations:        0.00
  -----------------------------------


  Cell Count
  -----------------------------------
  Hierarchical Cell Count:          0
  Hierarchical Port Count:          0
  Leaf Cell Count:                980
  Buf/Inv Cell Count:             218
  Buf Cell Count:                  46
  Inv Cell Count:                 172
  CT Buf/Inv Cell Count:            0
  Combinational Cell Count:       980
  Sequential Cell Count:            0
  Macro Count:                      0
  -----------------------------------


  Area
  -----------------------------------
  Combinational Area:      944.299998
  Noncombinational Area:     0.000000
  Buf/Inv Area:            131.670000
  Total Buffer Area:            39.90
  Total Inverter Area:          91.77
  Macro/Black Box Area:      0.000000
  Net Area:                  0.000000
  -----------------------------------
  Cell Area:               944.299998
  Design Area:             944.299998


  Design Rules
  -----------------------------------
  Total Number of Nets:          1040
  Nets With Violations:             0
  Max Trans Violations:             0
  Max Cap Violations:               0
  -----------------------------------


  Hostname: i80r7node6

  Compile CPU Statistics
  -----------------------------------------
  Resource Sharing:                    0.27
  Logic Optimization:                 13.25
  Mapping Optimization:               31.31
  -----------------------------------------
  Overall Compile Time:               47.63
  Overall Compile Wall Clock Time:    47.99

  --------------------------------------------------------------------

  Design  WNS: 1.82  TNS: 59.53  Number of Violating Paths: 35


  Design (Hold)  WNS: 0.00  TNS: 0.00  Number of Violating Paths: 0

  --------------------------------------------------------------------


1
