 
****************************************
Report : area
Design : mac_unit
Version: S-2021.06-SP1
Date   : Thu Nov 16 20:38:40 2023
****************************************

Library(s) Used:

    NangateOpenCellLibrary (File: /home/balkon00/eda/libs/nangate45/db/nangate45.db)

Number of ports:                          131
Number of nets:                          1040
Number of cells:                          980
Number of combinational cells:            980
Number of sequential cells:                 0
Number of macros/black boxes:               0
Number of buf/inv:                        218
Number of references:                      34

Combinational area:                944.299998
Buf/Inv area:                      131.670000
Noncombinational area:               0.000000
Macro/Black Box area:                0.000000
Net Interconnect area:      undefined  (Wire load has zero net area)

Total cell area:                   944.299998
Total area:                 undefined
1
