 
****************************************
Report : timing
        -path full
        -delay max
        -max_paths 1
Design : fp_multiplier
Version: S-2021.06-SP1
Date   : Thu Nov 16 11:33:42 2023
****************************************

Operating Conditions: typical   Library: NangateOpenCellLibrary
Wire Load Model Mode: top

  Startpoint: a_operand[24]
              (input port clocked by clk)
  Endpoint: result[28] (output port clocked by clk)
  Path Group: clk
  Path Type: max

  Des/Clust/Port     Wire Load Model       Library
  ------------------------------------------------
  fp_multiplier      5K_hvratio_1_1        NangateOpenCellLibrary

  Point                                    Incr       Path
  -----------------------------------------------------------
  clock clk (rise edge)                   0.000      0.000
  clock network delay (ideal)             0.000      0.000
  input external delay                    0.000      0.000 r
  a_operand[24] (in)                      0.000      0.000 r
  U146/ZN (AND2_X1)                       0.042      0.042 r
  U195/ZN (OAI21_X1)                      0.030      0.071 f
  U198/ZN (OAI211_X1)                     0.053      0.125 r
  U175/Z (BUF_X1)                         0.062      0.187 r
  U304/Z (BUF_X1)                         0.048      0.235 r
  U307/ZN (NAND2_X1)                      0.031      0.266 f
  U157/ZN (NAND2_X1)                      0.031      0.297 r
  U156/ZN (XNOR2_X1)                      0.060      0.356 r
  U308/ZN (NAND2_X1)                      0.031      0.387 f
  U309/ZN (NAND2_X1)                      0.024      0.411 r
  result[28] (out)                        0.002      0.413 r
  data arrival time                                  0.413

  clock clk (rise edge)                   0.000      0.000
  clock network delay (ideal)             0.000      0.000
  output external delay                   0.000      0.000
  data required time                                 0.000
  -----------------------------------------------------------
  data required time                                 0.000
  data arrival time                                 -0.413
  -----------------------------------------------------------
  slack (VIOLATED)                                  -0.413


1
