****************************************
Report : timing
	-path_type full
	-delay_type max
	-max_paths 1
	-sort_by slack
Design : fp_multiplier
Version: S-2021.06-SP1
Date   : Thu Nov 16 11:33:45 2023
****************************************


  Startpoint: a_operand[24]
               (input port clocked by clk)
  Endpoint: result[28] (output port clocked by clk)
  Path Group: clk
  Path Type: max

  Point                                    Incr       Path
  ---------------------------------------------------------------
  clock clk (rise edge)                   0.000      0.000
  clock network delay (ideal)             0.000      0.000
  input external delay                    0.000      0.000 r
  a_operand[24] (in)                      0.000      0.000 r
  U146/ZN (AND2_X1)                       0.041      0.041 r
  U195/ZN (OAI21_X1)                      0.030      0.071 f
  U198/ZN (OAI211_X1)                     0.053      0.124 r
  U175/Z (BUF_X1)                         0.062      0.186 r
  U304/Z (BUF_X1)                         0.048      0.233 r
  U307/ZN (NAND2_X1)                      0.030      0.264 f
  U157/ZN (NAND2_X1)                      0.031      0.295 r
  U156/ZN (XNOR2_X1)                      0.059      0.354 r
  U308/ZN (NAND2_X1)                      0.030      0.384 f
  U309/ZN (NAND2_X1)                      0.024      0.409 r
  result[28] (out)                        0.002      0.410 r
  data arrival time                                  0.410

  clock clk (rise edge)                   0.000      0.000
  clock network delay (ideal)             0.000      0.000
  clock reconvergence pessimism           0.000      0.000
  output external delay                   0.000      0.000
  data required time                                 0.000
  ---------------------------------------------------------------
  data required time                                 0.000
  data arrival time                                 -0.410
  ---------------------------------------------------------------
  slack (VIOLATED)                                  -0.410


1
