Information: Updating design information... (UID-85)
 
****************************************
Report : qor
Design : fp_multiplier
Version: S-2021.06-SP1
Date   : Thu Nov 16 11:33:42 2023
****************************************


  Timing Path Group 'clk'
  -----------------------------------
  Levels of Logic:              10.00
  Critical Path Length:          0.41
  Critical Path Slack:          -0.41
  Critical Path Clk Period:      0.00
  Total Negative Slack:         -8.46
  No. of Violating Paths:       22.00
  Worst Hold Violation:          0.00
  Total Hold Violation:          0.00
  No. of Hold Violations:        0.00
  -----------------------------------


  Cell Count
  -----------------------------------
  Hierarchical Cell Count:          0
  Hierarchical Port Count:          0
  Leaf Cell Count:                202
  Buf/Inv Cell Count:              31
  Buf Cell Count:                   5
  Inv Cell Count:                  26
  CT Buf/Inv Cell Count:            0
  Combinational Cell Count:       202
  Sequential Cell Count:            0
  Macro Count:                      0
  -----------------------------------


  Area
  -----------------------------------
  Combinational Area:      193.381999
  Noncombinational Area:     0.000000
  Buf/Inv Area:             17.822000
  Total Buffer Area:             3.99
  Total Inverter Area:          13.83
  Macro/Black Box Area:      0.000000
  Net Area:                  0.000000
  -----------------------------------
  Cell Area:               193.381999
  Design Area:             193.381999


  Design Rules
  -----------------------------------
  Total Number of Nets:           235
  Nets With Violations:             0
  Max Trans Violations:             0
  Max Cap Violations:               0
  -----------------------------------


  Hostname: i80r7node7

  Compile CPU Statistics
  -----------------------------------------
  Resource Sharing:                    0.14
  Logic Optimization:                  1.10
  Mapping Optimization:                4.06
  -----------------------------------------
  Overall Compile Time:                7.15
  Overall Compile Wall Clock Time:     7.43

  --------------------------------------------------------------------

  Design  WNS: 0.41  TNS: 8.46  Number of Violating Paths: 22


  Design (Hold)  WNS: 0.00  TNS: 0.00  Number of Violating Paths: 0

  --------------------------------------------------------------------


1
