 
****************************************
Report : area
Design : mac_unit
Version: S-2021.06-SP1
Date   : Thu Nov 16 19:56:31 2023
****************************************

Library(s) Used:

    NangateOpenCellLibrary (File: /home/balkon00/eda/libs/nangate45/db/nangate45.db)

Number of ports:                          131
Number of nets:                          1813
Number of cells:                         1717
Number of combinational cells:           1717
Number of sequential cells:                 0
Number of macros/black boxes:               0
Number of buf/inv:                        390
Number of references:                      40

Combinational area:               1675.002001
Buf/Inv area:                      227.696001
Noncombinational area:               0.000000
Macro/Black Box area:                0.000000
Net Interconnect area:      undefined  (Wire load has zero net area)

Total cell area:                  1675.002001
Total area:                 undefined
1
