Information: Updating design information... (UID-85)
 
****************************************
Report : qor
Design : mac_unit
Version: S-2021.06-SP1
Date   : Thu Nov 16 19:56:31 2023
****************************************


  Timing Path Group 'clk'
  -----------------------------------
  Levels of Logic:              34.00
  Critical Path Length:          1.80
  Critical Path Slack:          -1.80
  Critical Path Clk Period:      0.00
  Total Negative Slack:        -59.51
  No. of Violating Paths:       35.00
  Worst Hold Violation:          0.00
  Total Hold Violation:          0.00
  No. of Hold Violations:        0.00
  -----------------------------------


  Cell Count
  -----------------------------------
  Hierarchical Cell Count:          0
  Hierarchical Port Count:          0
  Leaf Cell Count:               1717
  Buf/Inv Cell Count:             390
  Buf Cell Count:                  61
  Inv Cell Count:                 329
  CT Buf/Inv Cell Count:            0
  Combinational Cell Count:      1717
  Sequential Cell Count:            0
  Macro Count:                      0
  -----------------------------------


  Area
  -----------------------------------
  Combinational Area:     1675.002001
  Noncombinational Area:     0.000000
  Buf/Inv Area:            227.696001
  Total Buffer Area:            50.81
  Total Inverter Area:         176.89
  Macro/Black Box Area:      0.000000
  Net Area:                  0.000000
  -----------------------------------
  Cell Area:              1675.002001
  Design Area:            1675.002001


  Design Rules
  -----------------------------------
  Total Number of Nets:          1813
  Nets With Violations:             0
  Max Trans Violations:             0
  Max Cap Violations:               0
  -----------------------------------


  Hostname: i80r7node6

  Compile CPU Statistics
  -----------------------------------------
  Resource Sharing:                    0.26
  Logic Optimization:                 65.78
  Mapping Optimization:               31.56
  -----------------------------------------
  Overall Compile Time:              101.58
  Overall Compile Wall Clock Time:   102.02

  --------------------------------------------------------------------

  Design  WNS: 1.80  TNS: 59.51  Number of Violating Paths: 35


  Design (Hold)  WNS: 0.00  TNS: 0.00  Number of Violating Paths: 0

  --------------------------------------------------------------------


1
