Information: Updating design information... (UID-85)
 
****************************************
Report : qor
Design : MBM_multiplier
Version: S-2021.06-SP1
Date   : Thu Nov 16 10:51:33 2023
****************************************


  Timing Path Group 'clk'
  -----------------------------------
  Levels of Logic:               7.00
  Critical Path Length:          0.36
  Critical Path Slack:          -0.36
  Critical Path Clk Period:      0.00
  Total Negative Slack:         -3.87
  No. of Violating Paths:       11.00
  Worst Hold Violation:          0.00
  Total Hold Violation:          0.00
  No. of Hold Violations:        0.00
  -----------------------------------


  Cell Count
  -----------------------------------
  Hierarchical Cell Count:          0
  Hierarchical Port Count:          0
  Leaf Cell Count:                104
  Buf/Inv Cell Count:              15
  Buf Cell Count:                   4
  Inv Cell Count:                  11
  CT Buf/Inv Cell Count:            0
  Combinational Cell Count:       104
  Sequential Cell Count:            0
  Macro Count:                      0
  -----------------------------------


  Area
  -----------------------------------
  Combinational Area:      109.060000
  Noncombinational Area:     0.000000
  Buf/Inv Area:              9.044000
  Total Buffer Area:             3.19
  Total Inverter Area:           5.85
  Macro/Black Box Area:      0.000000
  Net Area:                  0.000000
  -----------------------------------
  Cell Area:               109.060000
  Design Area:             109.060000


  Design Rules
  -----------------------------------
  Total Number of Nets:           124
  Nets With Violations:             0
  Max Trans Violations:             0
  Max Cap Violations:               0
  -----------------------------------


  Hostname: i80r7node7

  Compile CPU Statistics
  -----------------------------------------
  Resource Sharing:                    0.13
  Logic Optimization:                  0.70
  Mapping Optimization:                3.25
  -----------------------------------------
  Overall Compile Time:                5.78
  Overall Compile Wall Clock Time:     6.06

  --------------------------------------------------------------------

  Design  WNS: 0.36  TNS: 3.87  Number of Violating Paths: 11


  Design (Hold)  WNS: 0.00  TNS: 0.00  Number of Violating Paths: 0

  --------------------------------------------------------------------


1
