 
****************************************
Report : timing
        -path full
        -delay max
        -max_paths 1
Design : MBM_multiplier
Version: S-2021.06-SP1
Date   : Thu Nov 16 10:51:33 2023
****************************************

Operating Conditions: typical   Library: NangateOpenCellLibrary
Wire Load Model Mode: top

  Startpoint: operand_b[15]
              (input port clocked by clk)
  Endpoint: product[40]
            (output port clocked by clk)
  Path Group: clk
  Path Type: max

  Des/Clust/Port     Wire Load Model       Library
  ------------------------------------------------
  MBM_multiplier     5K_hvratio_1_1        NangateOpenCellLibrary

  Point                                    Incr       Path
  -----------------------------------------------------------
  clock clk (rise edge)                   0.000      0.000
  clock network delay (ideal)             0.000      0.000
  input external delay                    0.000      0.000 r
  operand_b[15] (in)                      0.000      0.000 r
  U86/ZN (AND2_X2)                        0.049      0.049 r
  U74/ZN (AOI21_X1)                       0.030      0.079 f
  U111/ZN (OR2_X1)                        0.050      0.130 f
  U71/ZN (AND2_X1)                        0.040      0.170 f
  U94/ZN (NAND3_X1)                       0.039      0.209 r
  U70/ZN (AND3_X1)                        0.075      0.284 r
  U79/Z (MUX2_X1)                         0.079      0.362 f
  product[40] (out)                       0.002      0.364 f
  data arrival time                                  0.364

  clock clk (rise edge)                   0.000      0.000
  clock network delay (ideal)             0.000      0.000
  output external delay                   0.000      0.000
  data required time                                 0.000
  -----------------------------------------------------------
  data required time                                 0.000
  data arrival time                                 -0.364
  -----------------------------------------------------------
  slack (VIOLATED)                                  -0.364


1
