****************************************
Report : timing
	-path_type full
	-delay_type max
	-max_paths 1
	-sort_by slack
Design : fp_multiplier
Version: S-2021.06-SP1
Date   : Thu Nov 16 11:39:09 2023
****************************************


  Startpoint: b_operand[3]
               (input port clocked by clk)
  Endpoint: result[6] (output port clocked by clk)
  Path Group: clk
  Path Type: max

  Point                                    Incr       Path
  ---------------------------------------------------------------
  clock clk (rise edge)                   0.000      0.000
  clock network delay (ideal)             0.000      0.000
  input external delay                    0.000      0.000 f
  b_operand[3] (in)                       0.000      0.000 f
  U92/ZN (OR2_X2)                         0.063      0.063 f
  U215/ZN (AOI21_X1)                      0.057      0.120 r
  U99/ZN (OR3_X2)                         0.048      0.168 r
  U220/ZN (NAND2_X1)                      0.031      0.199 f
  U85/ZN (NAND3_X1)                       0.039      0.238 r
  U103/ZN (AND2_X1)                       0.063      0.301 r
  U162/ZN (NAND4_X1)                      0.049      0.350 f
  U287/ZN (OR2_X1)                        0.059      0.409 f
  U288/ZN (NAND2_X1)                      0.024      0.433 r
  result[6] (out)                         0.002      0.435 r
  data arrival time                                  0.435

  clock clk (rise edge)                   0.000      0.000
  clock network delay (ideal)             0.000      0.000
  clock reconvergence pessimism           0.000      0.000
  output external delay                   0.000      0.000
  data required time                                 0.000
  ---------------------------------------------------------------
  data required time                                 0.000
  data arrival time                                 -0.435
  ---------------------------------------------------------------
  slack (VIOLATED)                                  -0.435


1
