Information: Updating design information... (UID-85)
 
****************************************
Report : qor
Design : fp_multiplier
Version: S-2021.06-SP1
Date   : Thu Nov 16 11:39:06 2023
****************************************


  Timing Path Group 'clk'
  -----------------------------------
  Levels of Logic:               9.00
  Critical Path Length:          0.44
  Critical Path Slack:          -0.44
  Critical Path Clk Period:      0.00
  Total Negative Slack:         -7.57
  No. of Violating Paths:       19.00
  Worst Hold Violation:          0.00
  Total Hold Violation:          0.00
  No. of Hold Violations:        0.00
  -----------------------------------


  Cell Count
  -----------------------------------
  Hierarchical Cell Count:          0
  Hierarchical Port Count:          0
  Leaf Cell Count:                220
  Buf/Inv Cell Count:              37
  Buf Cell Count:                   8
  Inv Cell Count:                  29
  CT Buf/Inv Cell Count:            0
  Combinational Cell Count:       220
  Sequential Cell Count:            0
  Macro Count:                      0
  -----------------------------------


  Area
  -----------------------------------
  Combinational Area:      218.918000
  Noncombinational Area:     0.000000
  Buf/Inv Area:             21.812000
  Total Buffer Area:             6.38
  Total Inverter Area:          15.43
  Macro/Black Box Area:      0.000000
  Net Area:                  0.000000
  -----------------------------------
  Cell Area:               218.918000
  Design Area:             218.918000


  Design Rules
  -----------------------------------
  Total Number of Nets:           248
  Nets With Violations:             0
  Max Trans Violations:             0
  Max Cap Violations:               0
  -----------------------------------


  Hostname: i80r7node7

  Compile CPU Statistics
  -----------------------------------------
  Resource Sharing:                    0.11
  Logic Optimization:                  0.81
  Mapping Optimization:                4.32
  -----------------------------------------
  Overall Compile Time:                7.08
  Overall Compile Wall Clock Time:     7.37

  --------------------------------------------------------------------

  Design  WNS: 0.44  TNS: 7.57  Number of Violating Paths: 19


  Design (Hold)  WNS: 0.00  TNS: 0.00  Number of Violating Paths: 0

  --------------------------------------------------------------------


1
