 
****************************************
Report : timing
        -path full
        -delay max
        -max_paths 1
Design : fp_multiplier
Version: S-2021.06-SP1
Date   : Thu Nov 16 11:36:53 2023
****************************************

Operating Conditions: typical   Library: NangateOpenCellLibrary
Wire Load Model Mode: top

  Startpoint: a_operand[23]
              (input port clocked by clk)
  Endpoint: result[23] (output port clocked by clk)
  Path Group: clk
  Path Type: max

  Des/Clust/Port     Wire Load Model       Library
  ------------------------------------------------
  fp_multiplier      5K_hvratio_1_1        NangateOpenCellLibrary

  Point                                    Incr       Path
  -----------------------------------------------------------
  clock clk (rise edge)                   0.000      0.000
  clock network delay (ideal)             0.000      0.000
  input external delay                    0.000      0.000 f
  a_operand[23] (in)                      0.000      0.000 f
  U134/ZN (OR2_X1)                        0.056      0.056 f
  U136/ZN (OAI21_X1)                      0.042      0.098 r
  U173/ZN (OAI211_X1)                     0.042      0.140 f
  U187/ZN (NAND3_X1)                      0.042      0.182 r
  U190/ZN (NAND4_X1)                      0.045      0.226 f
  U196/ZN (XNOR2_X1)                      0.059      0.286 r
  U128/ZN (AND2_X1)                       0.069      0.355 r
  U203/ZN (NAND2_X1)                      0.037      0.392 f
  U205/ZN (NAND2_X1)                      0.025      0.417 r
  result[23] (out)                        0.002      0.419 r
  data arrival time                                  0.419

  clock clk (rise edge)                   0.000      0.000
  clock network delay (ideal)             0.000      0.000
  output external delay                   0.000      0.000
  data required time                                 0.000
  -----------------------------------------------------------
  data required time                                 0.000
  data arrival time                                 -0.419
  -----------------------------------------------------------
  slack (VIOLATED)                                  -0.419


1
