****************************************
Report : timing
	-path_type full
	-delay_type max
	-max_paths 1
	-sort_by slack
Design : fp_multiplier
Version: S-2021.06-SP1
Date   : Thu Nov 16 11:36:56 2023
****************************************


  Startpoint: a_operand[23]
               (input port clocked by clk)
  Endpoint: result[25] (output port clocked by clk)
  Path Group: clk
  Path Type: max

  Point                                    Incr       Path
  ---------------------------------------------------------------
  clock clk (rise edge)                   0.000      0.000
  clock network delay (ideal)             0.000      0.000
  input external delay                    0.000      0.000 f
  a_operand[23] (in)                      0.000      0.000 f
  U134/ZN (OR2_X1)                        0.056      0.056 f
  U136/ZN (OAI21_X1)                      0.042      0.098 r
  U173/ZN (OAI211_X1)                     0.042      0.140 f
  U187/ZN (NAND3_X1)                      0.042      0.182 r
  U190/ZN (NAND4_X1)                      0.045      0.226 f
  U196/ZN (XNOR2_X1)                      0.059      0.285 r
  U128/ZN (AND2_X1)                       0.068      0.354 r
  U213/ZN (NAND2_X1)                      0.037      0.391 f
  U214/ZN (NAND2_X1)                      0.025      0.416 r
  result[25] (out)                        0.002      0.417 r
  data arrival time                                  0.417

  clock clk (rise edge)                   0.000      0.000
  clock network delay (ideal)             0.000      0.000
  clock reconvergence pessimism           0.000      0.000
  output external delay                   0.000      0.000
  data required time                                 0.000
  ---------------------------------------------------------------
  data required time                                 0.000
  data arrival time                                 -0.417
  ---------------------------------------------------------------
  slack (VIOLATED)                                  -0.417


1
