Information: Updating design information... (UID-85)
 
****************************************
Report : qor
Design : MBM_multiplier
Version: S-2021.06-SP1
Date   : Thu Nov 16 10:45:06 2023
****************************************


  Timing Path Group 'clk'
  -----------------------------------
  Levels of Logic:              14.00
  Critical Path Length:          0.70
  Critical Path Slack:          -0.70
  Critical Path Clk Period:      0.00
  Total Negative Slack:        -15.32
  No. of Violating Paths:       23.00
  Worst Hold Violation:          0.00
  Total Hold Violation:          0.00
  No. of Hold Violations:        0.00
  -----------------------------------


  Cell Count
  -----------------------------------
  Hierarchical Cell Count:          0
  Hierarchical Port Count:          0
  Leaf Cell Count:                323
  Buf/Inv Cell Count:              67
  Buf Cell Count:                  20
  Inv Cell Count:                  47
  CT Buf/Inv Cell Count:            0
  Combinational Cell Count:       323
  Sequential Cell Count:            0
  Macro Count:                      0
  -----------------------------------


  Area
  -----------------------------------
  Combinational Area:      331.169997
  Noncombinational Area:     0.000000
  Buf/Inv Area:             41.230000
  Total Buffer Area:            16.23
  Total Inverter Area:          25.00
  Macro/Black Box Area:      0.000000
  Net Area:                  0.000000
  -----------------------------------
  Cell Area:               331.169997
  Design Area:             331.169997


  Design Rules
  -----------------------------------
  Total Number of Nets:           368
  Nets With Violations:             0
  Max Trans Violations:             0
  Max Cap Violations:               0
  -----------------------------------


  Hostname: i80r7node7

  Compile CPU Statistics
  -----------------------------------------
  Resource Sharing:                    0.08
  Logic Optimization:                  1.25
  Mapping Optimization:                5.31
  -----------------------------------------
  Overall Compile Time:                8.48
  Overall Compile Wall Clock Time:     8.75

  --------------------------------------------------------------------

  Design  WNS: 0.70  TNS: 15.32  Number of Violating Paths: 23


  Design (Hold)  WNS: 0.00  TNS: 0.00  Number of Violating Paths: 0

  --------------------------------------------------------------------


1
