 
****************************************
Report : area
Design : MBM_multiplier
Version: S-2021.06-SP1
Date   : Thu Nov 16 10:45:06 2023
****************************************

Library(s) Used:

    NangateOpenCellLibrary (File: /home/balkon00/eda/libs/nangate45/db/nangate45.db)

Number of ports:                           96
Number of nets:                           368
Number of cells:                          326
Number of combinational cells:            323
Number of sequential cells:                 0
Number of macros/black boxes:               0
Number of buf/inv:                         67
Number of references:                      22

Combinational area:                331.169997
Buf/Inv area:                       41.230000
Noncombinational area:               0.000000
Macro/Black Box area:                0.000000
Net Interconnect area:      undefined  (Wire load has zero net area)

Total cell area:                   331.169997
Total area:                 undefined
1
