****************************************
Report : timing
	-path_type full
	-delay_type max
	-max_paths 1
	-sort_by slack
Design : MBM_multiplier
Version: S-2021.06-SP1
Date   : Thu Nov 16 10:45:10 2023
****************************************


  Startpoint: operand_b[2]
               (input port clocked by clk)
  Endpoint: product[43]
               (output port clocked by clk)
  Path Group: clk
  Path Type: max

  Point                                    Incr       Path
  ---------------------------------------------------------------
  clock clk (rise edge)                   0.000      0.000
  clock network delay (ideal)             0.000      0.000
  input external delay                    0.000      0.000 r
  operand_b[2] (in)                       0.000      0.000 r
  U129/ZN (NAND2_X1)                      0.035      0.035 f
  U132/ZN (OAI21_X1)                      0.045      0.080 r
  U136/ZN (AOI21_X1)                      0.037      0.118 f
  U146/ZN (OAI21_X1)                      0.054      0.172 r
  U147/ZN (INV_X1)                        0.040      0.211 f
  U229/ZN (OAI21_X1)                      0.065      0.276 r
  U62/ZN (XNOR2_X2)                       0.086      0.362 r
  U61/ZN (AND4_X2)                        0.078      0.440 r
  U69/ZN (AND4_X1)                        0.067      0.508 r
  U57/ZN (NAND3_X1)                       0.041      0.549 f
  U354/ZN (XNOR2_X1)                      0.056      0.605 r
  U355/ZN (INV_X1)                        0.025      0.630 f
  U101/Z (MUX2_X1)                        0.061      0.691 f
  product[43] (out)                       0.002      0.693 f
  data arrival time                                  0.693

  clock clk (rise edge)                   0.000      0.000
  clock network delay (ideal)             0.000      0.000
  clock reconvergence pessimism           0.000      0.000
  output external delay                   0.000      0.000
  data required time                                 0.000
  ---------------------------------------------------------------
  data required time                                 0.000
  data arrival time                                 -0.693
  ---------------------------------------------------------------
  slack (VIOLATED)                                  -0.693


1
