 
****************************************
Report : timing
        -path full
        -delay max
        -max_paths 1
Design : MBM_multiplier
Version: S-2021.06-SP1
Date   : Thu Nov 16 10:45:06 2023
****************************************

Operating Conditions: typical   Library: NangateOpenCellLibrary
Wire Load Model Mode: top

  Startpoint: operand_b[5]
              (input port clocked by clk)
  Endpoint: product[43]
            (output port clocked by clk)
  Path Group: clk
  Path Type: max

  Des/Clust/Port     Wire Load Model       Library
  ------------------------------------------------
  MBM_multiplier     5K_hvratio_1_1        NangateOpenCellLibrary

  Point                                    Incr       Path
  -----------------------------------------------------------
  clock clk (rise edge)                   0.000      0.000
  clock network delay (ideal)             0.000      0.000
  input external delay                    0.000      0.000 f
  operand_b[5] (in)                       0.000      0.000 f
  U100/ZN (NOR2_X1)                       0.045      0.045 r
  U135/ZN (OAI21_X1)                      0.032      0.077 f
  U136/ZN (AOI21_X1)                      0.070      0.147 r
  U146/ZN (OAI21_X1)                      0.042      0.189 f
  U185/Z (BUF_X1)                         0.045      0.234 f
  U105/ZN (AOI21_X1)                      0.056      0.289 r
  U192/Z (BUF_X2)                         0.058      0.348 r
  U195/ZN (OAI21_X1)                      0.046      0.394 f
  U78/ZN (XNOR2_X1)                       0.064      0.458 f
  U60/ZN (AND3_X2)                        0.049      0.507 f
  U57/ZN (NAND3_X1)                       0.036      0.543 r
  U354/ZN (XNOR2_X1)                      0.064      0.608 r
  U355/ZN (INV_X1)                        0.025      0.633 f
  U101/Z (MUX2_X1)                        0.061      0.694 f
  product[43] (out)                       0.002      0.696 f
  data arrival time                                  0.696

  clock clk (rise edge)                   0.000      0.000
  clock network delay (ideal)             0.000      0.000
  output external delay                   0.000      0.000
  data required time                                 0.000
  -----------------------------------------------------------
  data required time                                 0.000
  data arrival time                                 -0.696
  -----------------------------------------------------------
  slack (VIOLATED)                                  -0.696


1
