****************************************
Report : Averaged Power
Design : mitchell_multiplier
Version: T-2022.03-SP5
Date   : Wed Jun  5 15:18:21 2024
****************************************



  Attributes
  ----------
      i  -  Including register clock pin internal power
      u  -  User defined power group

                        Internal  Switching  Leakage    Total
Power Group             Power     Power      Power      Power   (     %)  Attrs
--------------------------------------------------------------------------------
clock_network              0.0000    0.0000    0.0000    0.0000 ( 0.00%)  i
register                   0.0000    0.0000    0.0000    0.0000 ( 0.00%)  
combinational           1.419e-04 1.649e-04 7.239e-06 3.140e-04 (100.00%) 
sequential                 0.0000    0.0000    0.0000    0.0000 ( 0.00%)  
memory                     0.0000    0.0000    0.0000    0.0000 ( 0.00%)  
io_pad                     0.0000    0.0000    0.0000    0.0000 ( 0.00%)  
black_box                  0.0000    0.0000    0.0000    0.0000 ( 0.00%)  

  Net Switching Power  = 1.649e-04   (52.51%)
  Cell Internal Power  = 1.419e-04   (45.19%)
  Cell Leakage Power   = 7.239e-06   ( 2.31%)
                         ---------
Total Power            = 3.140e-04  (100.00%)

1
