 
****************************************
Report : timing
        -path full
        -delay max
        -max_paths 1
Design : mitchell_multiplier
Version: T-2022.03-SP5
Date   : Wed Jun  5 15:17:51 2024
****************************************

Operating Conditions: typical   Library: NangateOpenCellLibrary
Wire Load Model Mode: top

  Startpoint: operand_a[15]
              (input port clocked by clk)
  Endpoint: product[39]
            (output port clocked by clk)
  Path Group: clk
  Path Type: max

  Des/Clust/Port     Wire Load Model       Library
  ------------------------------------------------
  mitchell_multiplier
                     5K_hvratio_1_1        NangateOpenCellLibrary

  Point                                    Incr       Path
  -----------------------------------------------------------
  clock clk (rise edge)                    0.00       0.00
  clock network delay (ideal)              0.00       0.00
  input external delay                     0.00       0.00 r
  operand_a[15] (in)                       0.00       0.00 r
  U433/ZN (INV_X1)                         0.02       0.02 f
  U426/ZN (OR3_X2)                         0.07       0.09 f
  U446/ZN (OAI22_X1)                       0.05       0.14 r
  U397/ZN (OR2_X1)                         0.06       0.20 r
  U381/ZN (XNOR2_X1)                       0.08       0.27 r
  U417/ZN (XNOR2_X1)                       0.08       0.36 r
  U414/ZN (AND2_X2)                        0.07       0.42 r
  U507/ZN (NAND2_X1)                       0.03       0.45 f
  U519/ZN (AND2_X1)                        0.04       0.49 f
  U521/ZN (OAI21_X1)                       0.04       0.53 r
  product[39] (out)                        0.00       0.53 r
  data arrival time                                   0.53

  clock clk (rise edge)                    0.00       0.00
  clock network delay (ideal)              0.00       0.00
  output external delay                    0.00       0.00
  data required time                                  0.00
  -----------------------------------------------------------
  data required time                                  0.00
  data arrival time                                  -0.53
  -----------------------------------------------------------
  slack (VIOLATED)                                   -0.53


1
