****************************************
Report : timing
	-path_type full
	-delay_type max
	-max_paths 1
	-sort_by slack
Design : mitchell_multiplier
Version: T-2022.03-SP5
Date   : Wed Jun  5 15:17:56 2024
****************************************


  Startpoint: operand_a[16]
               (input port clocked by clk)
  Endpoint: product[35]
               (output port clocked by clk)
  Path Group: clk
  Path Type: max

  Point                                    Incr       Path
  ---------------------------------------------------------------
  clock clk (rise edge)                    0.00       0.00
  clock network delay (ideal)              0.00       0.00
  input external delay                     0.00       0.00 r
  operand_a[16] (in)                       0.00       0.00 r
  U454/ZN (INV_X1)                         0.02       0.02 f
  U455/ZN (AND2_X1)                        0.04       0.06 f
  U368/ZN (OAI211_X1)                      0.04       0.11 r
  U432/ZN (NAND4_X1)                       0.04       0.15 f
  U430/ZN (AND2_X1)                        0.05       0.20 f
  U459/ZN (INV_X1)                         0.03       0.23 r
  U332/ZN (NAND3_X1)                       0.04       0.27 f
  U463/ZN (OAI211_X1)                      0.04       0.31 r
  U407/ZN (OR2_X1)                         0.05       0.36 r
  U598/ZN (INV_X1)                         0.03       0.39 f
  U599/ZN (NOR2_X1)                        0.05       0.44 r
  U354/ZN (AND2_X1)                        0.05       0.49 r
  U365/ZN (AND2_X1)                        0.04       0.53 r
  product[35] (out)                        0.00       0.53 r
  data arrival time                                   0.53

  clock clk (rise edge)                    0.00       0.00
  clock network delay (ideal)              0.00       0.00
  clock reconvergence pessimism            0.00       0.00
  output external delay                    0.00       0.00
  data required time                                  0.00
  ---------------------------------------------------------------
  data required time                                  0.00
  data arrival time                                  -0.53
  ---------------------------------------------------------------
  slack (VIOLATED)                                   -0.53


1
