 
****************************************
Report : area
Design : mitchell_multiplier
Version: T-2022.03-SP5
Date   : Wed Jun  5 15:17:51 2024
****************************************

Library(s) Used:

    NangateOpenCellLibrary (File: /home/balaskas/libs/nangate45/db/nangate45.db)

Number of ports:                           96
Number of nets:                           330
Number of cells:                          312
Number of combinational cells:            309
Number of sequential cells:                 0
Number of macros/black boxes:               0
Number of buf/inv:                         79
Number of references:                      28

Combinational area:                300.314000
Buf/Inv area:                       47.082000
Noncombinational area:               0.000000
Macro/Black Box area:                0.000000
Net Interconnect area:      undefined  (Wire load has zero net area)

Total cell area:                   300.314000
Total area:                 undefined

Hierarchical area distribution
------------------------------

                                  Global cell area          Local cell area
                                  ------------------  --------------------------- 
Hierarchical cell                 Absolute   Percent  Combi-    Noncombi-  Black-
                                  Total      Total    national  national   boxes   Design
--------------------------------  ---------  -------  --------  ---------  ------  ---------
mitchell_multiplier                300.3140    100.0  300.3140     0.0000  0.0000  mitchell_multiplier
--------------------------------  ---------  -------  --------  ---------  ------  ---------
Total                                                 300.3140     0.0000  0.0000

1
