****************************************
Report : Averaged Power
Design : mitchell_multiplier
Version: T-2022.03-SP5
Date   : Wed Jun  5 15:22:18 2024
****************************************



  Attributes
  ----------
      i  -  Including register clock pin internal power
      u  -  User defined power group

                        Internal  Switching  Leakage    Total
Power Group             Power     Power      Power      Power   (     %)  Attrs
--------------------------------------------------------------------------------
clock_network              0.0000    0.0000    0.0000    0.0000 ( 0.00%)  i
register                   0.0000    0.0000    0.0000    0.0000 ( 0.00%)  
combinational           9.104e-06 5.180e-06 4.131e-07 1.470e-05 (100.00%) 
sequential                 0.0000    0.0000    0.0000    0.0000 ( 0.00%)  
memory                     0.0000    0.0000    0.0000    0.0000 ( 0.00%)  
io_pad                     0.0000    0.0000    0.0000    0.0000 ( 0.00%)  
black_box                  0.0000    0.0000    0.0000    0.0000 ( 0.00%)  

  Net Switching Power  = 5.180e-06   (35.24%)
  Cell Internal Power  = 9.104e-06   (61.95%)
  Cell Leakage Power   = 4.131e-07   ( 2.81%)
                         ---------
Total Power            = 1.470e-05  (100.00%)

1
