****************************************
Report : timing
	-path_type full
	-delay_type max
	-max_paths 1
	-sort_by slack
Design : mitchell_multiplier
Version: T-2022.03-SP5
Date   : Wed Jun  5 15:22:08 2024
****************************************


  Startpoint: operand_a[22]
               (input port clocked by clk)
  Endpoint: product[23]
               (output port clocked by clk)
  Path Group: clk
  Path Type: max

  Point                                    Incr       Path
  ---------------------------------------------------------------
  clock clk (rise edge)                    0.00       0.00
  clock network delay (ideal)              0.00       0.00
  input external delay                     0.00       0.00 f
  operand_a[22] (in)                       0.00       0.00 f
  U157/ZN (INV_X1)                         0.03       0.03 r
  U158/ZN (NAND2_X1)                       0.03       0.06 f
  U160/ZN (AOI22_X1)                       0.05       0.10 r
  product[23] (out)                        0.00       0.10 r
  data arrival time                                   0.10

  clock clk (rise edge)                    0.00       0.00
  clock network delay (ideal)              0.00       0.00
  clock reconvergence pessimism            0.00       0.00
  output external delay                    0.00       0.00
  data required time                                  0.00
  ---------------------------------------------------------------
  data required time                                  0.00
  data arrival time                                  -0.10
  ---------------------------------------------------------------
  slack (VIOLATED)                                   -0.10


1
