 
****************************************
Report : area
Design : mitchell_multiplier
Version: T-2022.03-SP5
Date   : Wed Jun  5 15:22:04 2024
****************************************

Library(s) Used:

    NangateOpenCellLibrary (File: /home/balaskas/libs/nangate45/db/nangate45.db)

Number of ports:                           96
Number of nets:                            23
Number of cells:                           19
Number of combinational cells:             18
Number of sequential cells:                 0
Number of macros/black boxes:               0
Number of buf/inv:                          3
Number of references:                       7

Combinational area:                 17.024000
Buf/Inv area:                        1.596000
Noncombinational area:               0.000000
Macro/Black Box area:                0.000000
Net Interconnect area:      undefined  (Wire load has zero net area)

Total cell area:                    17.024000
Total area:                 undefined
1
