****************************************
Report : timing
	-path_type full
	-delay_type max
	-max_paths 1
	-sort_by slack
Design : mitchell_multiplier
Version: T-2022.03-SP5
Date   : Wed Jun  5 16:02:47 2024
****************************************


  Startpoint: operand_b[7]
               (input port clocked by clk)
  Endpoint: product[7] (output port clocked by clk)
  Path Group: clk
  Path Type: max

  Point                                    Incr       Path
  ---------------------------------------------------------------
  clock clk (rise edge)                    0.00       0.00
  clock network delay (ideal)              0.00       0.00
  input external delay                     0.00       0.00 f
  operand_b[7] (in)                        0.00       0.00 f
  U105/ZN (INV_X1)                         0.03       0.03 r
  U106/ZN (OAI21_X1)                       0.04       0.07 f
  U83/ZN (AND2_X2)                         0.05       0.12 f
  U133/ZN (INV_X1)                         0.04       0.16 r
  U87/ZN (INV_X1)                          0.03       0.19 f
  U89/ZN (NOR2_X1)                         0.03       0.22 r
  U127/ZN (AND3_X1)                        0.05       0.27 r
  product[7] (out)                         0.00       0.27 r
  data arrival time                                   0.27

  clock clk (rise edge)                    0.00       0.00
  clock network delay (ideal)              0.00       0.00
  clock reconvergence pessimism            0.00       0.00
  output external delay                    0.00       0.00
  data required time                                  0.00
  ---------------------------------------------------------------
  data required time                                  0.00
  data arrival time                                  -0.27
  ---------------------------------------------------------------
  slack (VIOLATED)                                   -0.27


1
