 
****************************************
Report : timing
        -path full
        -delay max
        -max_paths 1
Design : mitchell_multiplier
Version: T-2022.03-SP5
Date   : Wed Jun  5 16:00:14 2024
****************************************

Operating Conditions: typical   Library: NangateOpenCellLibrary
Wire Load Model Mode: top

  Startpoint: operand_b[4]
              (input port clocked by clk)
  Endpoint: product[15]
            (output port clocked by clk)
  Path Group: clk
  Path Type: max

  Des/Clust/Port     Wire Load Model       Library
  ------------------------------------------------
  mitchell_multiplier
                     5K_hvratio_1_1        NangateOpenCellLibrary

  Point                                    Incr       Path
  -----------------------------------------------------------
  clock clk (rise edge)                    0.00       0.00
  clock network delay (ideal)              0.00       0.00
  input external delay                     0.00       0.00 f
  operand_b[4] (in)                        0.00       0.00 f
  U231/ZN (NOR2_X1)                        0.06       0.06 r
  U303/ZN (NAND3_X1)                       0.04       0.10 f
  U160/ZN (AND2_X1)                        0.05       0.16 f
  U180/ZN (OR2_X2)                         0.07       0.23 f
  U261/ZN (XNOR2_X1)                       0.07       0.30 f
  U380/ZN (NOR4_X1)                        0.11       0.41 r
  U430/ZN (NOR2_X1)                        0.03       0.44 f
  U431/ZN (AND3_X1)                        0.04       0.49 f
  U438/ZN (AOI211_X1)                      0.06       0.55 r
  product[15] (out)                        0.00       0.55 r
  data arrival time                                   0.55

  clock clk (rise edge)                    0.00       0.00
  clock network delay (ideal)              0.00       0.00
  output external delay                    0.00       0.00
  data required time                                  0.00
  -----------------------------------------------------------
  data required time                                  0.00
  data arrival time                                  -0.55
  -----------------------------------------------------------
  slack (VIOLATED)                                   -0.55


1
