Information: Updating design information... (UID-85)
 
****************************************
Report : qor
Design : mitchell_multiplier
Version: T-2022.03-SP5
Date   : Wed Jun  5 16:00:13 2024
****************************************


  Timing Path Group 'clk'
  -----------------------------------
  Levels of Logic:               9.00
  Critical Path Length:          0.55
  Critical Path Slack:          -0.55
  Critical Path Clk Period:      0.00
  Total Negative Slack:         -8.52
  No. of Violating Paths:       16.00
  Worst Hold Violation:          0.00
  Total Hold Violation:          0.00
  No. of Hold Violations:        0.00
  -----------------------------------


  Cell Count
  -----------------------------------
  Hierarchical Cell Count:          0
  Hierarchical Port Count:          0
  Leaf Cell Count:                319
  Buf/Inv Cell Count:              56
  Buf Cell Count:                  15
  Inv Cell Count:                  41
  CT Buf/Inv Cell Count:            0
  Combinational Cell Count:       319
  Sequential Cell Count:            0
  Macro Count:                      0
  -----------------------------------


  Area
  -----------------------------------
  Combinational Area:      314.944001
  Noncombinational Area:     0.000000
  Buf/Inv Area:             34.048000
  Total Buffer Area:            12.24
  Total Inverter Area:          21.81
  Macro/Black Box Area:      0.000000
  Net Area:                  0.000000
  -----------------------------------
  Cell Area:               314.944001
  Design Area:             314.944001


  Design Rules
  -----------------------------------
  Total Number of Nets:           333
  Nets With Violations:             0
  Max Trans Violations:             0
  Max Cap Violations:               0
  -----------------------------------


  Hostname: kamino.ceid.upatras.gr

  Compile CPU Statistics
  -----------------------------------------
  Resource Sharing:                    0.10
  Logic Optimization:                  4.34
  Mapping Optimization:                6.11
  -----------------------------------------
  Overall Compile Time:               12.49
  Overall Compile Wall Clock Time:    13.13

  --------------------------------------------------------------------

  Design  WNS: 0.55  TNS: 8.52  Number of Violating Paths: 16


  Design (Hold)  WNS: 0.00  TNS: 0.00  Number of Violating Paths: 0

  --------------------------------------------------------------------


1
