 
****************************************
Report : area
Design : fp_multiplier
Version: S-2021.06-SP1
Date   : Thu Nov 16 11:31:55 2023
****************************************

Library(s) Used:

    NangateOpenCellLibrary (File: /home/balkon00/eda/libs/nangate45/db/nangate45.db)

Number of ports:                           99
Number of nets:                           298
Number of cells:                          260
Number of combinational cells:            259
Number of sequential cells:                 0
Number of macros/black boxes:               0
Number of buf/inv:                         47
Number of references:                      21

Combinational area:                248.177999
Buf/Inv area:                       26.866000
Noncombinational area:               0.000000
Macro/Black Box area:                0.000000
Net Interconnect area:      undefined  (Wire load has zero net area)

Total cell area:                   248.177999
Total area:                 undefined

Hierarchical area distribution
------------------------------

                                  Global cell area          Local cell area
                                  ------------------  --------------------------- 
Hierarchical cell                 Absolute   Percent  Combi-    Noncombi-  Black-
                                  Total      Total    national  national   boxes   Design
--------------------------------  ---------  -------  --------  ---------  ------  ---------
fp_multiplier                      248.1780    100.0  248.1780     0.0000  0.0000  fp_multiplier
--------------------------------  ---------  -------  --------  ---------  ------  ---------
Total                                                 248.1780     0.0000  0.0000

1
