 
****************************************
Report : timing
        -path full
        -delay max
        -max_paths 1
Design : fp_multiplier
Version: S-2021.06-SP1
Date   : Thu Nov 16 11:31:55 2023
****************************************

Operating Conditions: typical   Library: NangateOpenCellLibrary
Wire Load Model Mode: top

  Startpoint: a_operand[26]
              (input port clocked by clk)
  Endpoint: result[13] (output port clocked by clk)
  Path Group: clk
  Path Type: max

  Des/Clust/Port     Wire Load Model       Library
  ------------------------------------------------
  fp_multiplier      5K_hvratio_1_1        NangateOpenCellLibrary

  Point                                    Incr       Path
  -----------------------------------------------------------
  clock clk (rise edge)                   0.000      0.000
  clock network delay (ideal)             0.000      0.000
  input external delay                    0.000      0.000 f
  a_operand[26] (in)                      0.000      0.000 f
  U200/ZN (AND2_X1)                       0.038      0.038 f
  U201/ZN (NAND4_X1)                      0.042      0.080 r
  U152/ZN (OAI21_X1)                      0.041      0.121 f
  U230/ZN (INV_X1)                        0.031      0.152 r
  U231/ZN (NAND3_X1)                      0.036      0.188 f
  U232/ZN (AOI21_X1)                      0.066      0.254 r
  U191/ZN (AND2_X2)                       0.063      0.317 r
  U180/ZN (AND2_X1)                       0.072      0.389 r
  U272/ZN (NAND2_X1)                      0.038      0.427 f
  U275/ZN (NAND2_X1)                      0.027      0.454 r
  result[13] (out)                        0.002      0.456 r
  data arrival time                                  0.456

  clock clk (rise edge)                   0.000      0.000
  clock network delay (ideal)             0.000      0.000
  output external delay                   0.000      0.000
  data required time                                 0.000
  -----------------------------------------------------------
  data required time                                 0.000
  data arrival time                                 -0.456
  -----------------------------------------------------------
  slack (VIOLATED)                                  -0.456


1
