 
****************************************
Report : area
Design : mac_unit
Version: S-2021.06-SP1
Date   : Thu Nov 16 19:49:48 2023
****************************************

Library(s) Used:

    NangateOpenCellLibrary (File: /home/balkon00/eda/libs/nangate45/db/nangate45.db)

Number of ports:                          131
Number of nets:                          1584
Number of cells:                         1484
Number of combinational cells:           1484
Number of sequential cells:                 0
Number of macros/black boxes:               0
Number of buf/inv:                        341
Number of references:                      36

Combinational area:               1464.862000
Buf/Inv area:                      204.022000
Noncombinational area:               0.000000
Macro/Black Box area:                0.000000
Net Interconnect area:      undefined  (Wire load has zero net area)

Total cell area:                  1464.862000
Total area:                 undefined
1
