****************************************
Report : timing
	-path_type full
	-delay_type max
	-max_paths 1
	-sort_by slack
Design : mac_unit
Version: S-2021.06-SP1
Date   : Thu Nov 16 19:49:52 2023
****************************************


  Startpoint: in_a[2] (input port clocked by clk)
  Endpoint: mac_out[23]
               (output port clocked by clk)
  Path Group: clk
  Path Type: max

  Point                                    Incr       Path
  ---------------------------------------------------------------
  clock clk (rise edge)                   0.000      0.000
  clock network delay (ideal)             0.000      0.000
  input external delay                    0.000      0.000 f
  in_a[2] (in)                            0.000      0.000 f
  U856/ZN (OR2_X2)                        0.061      0.061 f
  U987/ZN (AOI21_X2)                      0.057      0.118 r
  U991/ZN (OAI211_X1)                     0.049      0.166 f
  U1122/Z (BUF_X1)                        0.047      0.213 f
  U556/ZN (INV_X1)                        0.041      0.254 r
  U1133/ZN (OAI21_X1)                     0.037      0.292 f
  U1136/ZN (XNOR2_X1)                     0.064      0.356 r
  U604/ZN (AND4_X1)                       0.082      0.438 r
  U734/ZN (AND2_X1)                       0.051      0.488 r
  U1165/ZN (AND2_X2)                      0.058      0.547 r
  U792/ZN (AND2_X1)                       0.049      0.596 r
  U788/ZN (AND3_X2)                       0.063      0.659 r
  U1198/ZN (NOR2_X1)                      0.037      0.696 f
  U1199/ZN (OAI21_X1)                     0.063      0.759 r
  U738/ZN (NAND3_X1)                      0.045      0.804 f
  U776/ZN (NAND4_X1)                      0.039      0.842 r
  U1205/ZN (AOI21_X1)                     0.031      0.874 f
  U1241/ZN (OAI21_X1)                     0.060      0.933 r
  U699/ZN (AND2_X1)                       0.057      0.990 r
  U796/ZN (AND2_X1)                       0.062      1.052 r
  U1451/Z (MUX2_X1)                       0.089      1.141 f
  U585/ZN (INV_X1)                        0.037      1.178 r
  U678/ZN (NAND2_X1)                      0.030      1.209 f
  U579/ZN (AND2_X1)                       0.038      1.246 f
  U677/ZN (XNOR2_X1)                      0.055      1.301 f
  U809/ZN (OR2_X1)                        0.055      1.356 f
  U1589/ZN (NOR3_X1)                      0.076      1.433 r
  U1590/Z (BUF_X1)                        0.080      1.512 r
  U1745/ZN (NAND4_X1)                     0.058      1.571 f
  U1746/ZN (OAI211_X1)                    0.048      1.619 r
  U1748/ZN (NOR2_X1)                      0.039      1.658 f
  U1749/ZN (NOR2_X1)                      0.062      1.720 r
  U1750/ZN (NAND2_X1)                     0.035      1.755 f
  U1759/ZN (OAI21_X1)                     0.061      1.817 r
  U1824/ZN (AOI21_X1)                     0.043      1.859 f
  U1861/ZN (OAI21_X1)                     0.074      1.933 r
  U1969/ZN (NAND2_X1)                     0.047      1.980 f
  U726/Z (BUF_X1)                         0.046      2.025 f
  U1997/ZN (OR2_X1)                       0.054      2.079 f
  U1998/ZN (NAND2_X1)                     0.026      2.105 r
  mac_out[23] (out)                       0.002      2.107 r
  data arrival time                                  2.107

  clock clk (rise edge)                   0.000      0.000
  clock network delay (ideal)             0.000      0.000
  clock reconvergence pessimism           0.000      0.000
  output external delay                   0.000      0.000
  data required time                                 0.000
  ---------------------------------------------------------------
  data required time                                 0.000
  data arrival time                                 -2.107
  ---------------------------------------------------------------
  slack (VIOLATED)                                  -2.107


1
