Information: Updating design information... (UID-85)
 
****************************************
Report : qor
Design : mac_unit
Version: S-2021.06-SP1
Date   : Thu Nov 16 19:49:48 2023
****************************************


  Timing Path Group 'clk'
  -----------------------------------
  Levels of Logic:              39.00
  Critical Path Length:          2.12
  Critical Path Slack:          -2.12
  Critical Path Clk Period:      0.00
  Total Negative Slack:        -70.36
  No. of Violating Paths:       35.00
  Worst Hold Violation:          0.00
  Total Hold Violation:          0.00
  No. of Hold Violations:        0.00
  -----------------------------------


  Cell Count
  -----------------------------------
  Hierarchical Cell Count:          0
  Hierarchical Port Count:          0
  Leaf Cell Count:               1484
  Buf/Inv Cell Count:             341
  Buf Cell Count:                  68
  Inv Cell Count:                 273
  CT Buf/Inv Cell Count:            0
  Combinational Cell Count:      1484
  Sequential Cell Count:            0
  Macro Count:                      0
  -----------------------------------


  Area
  -----------------------------------
  Combinational Area:     1464.862000
  Noncombinational Area:     0.000000
  Buf/Inv Area:            204.022000
  Total Buffer Area:            58.79
  Total Inverter Area:         145.24
  Macro/Black Box Area:      0.000000
  Net Area:                  0.000000
  -----------------------------------
  Cell Area:              1464.862000
  Design Area:            1464.862000


  Design Rules
  -----------------------------------
  Total Number of Nets:          1584
  Nets With Violations:             0
  Max Trans Violations:             0
  Max Cap Violations:               0
  -----------------------------------


  Hostname: i80r7node6

  Compile CPU Statistics
  -----------------------------------------
  Resource Sharing:                    0.26
  Logic Optimization:                 16.23
  Mapping Optimization:               24.48
  -----------------------------------------
  Overall Compile Time:               44.60
  Overall Compile Wall Clock Time:    44.95

  --------------------------------------------------------------------

  Design  WNS: 2.12  TNS: 70.36  Number of Violating Paths: 35


  Design (Hold)  WNS: 0.00  TNS: 0.00  Number of Violating Paths: 0

  --------------------------------------------------------------------


1
