Information: Updating design information... (UID-85)
 
****************************************
Report : qor
Design : MBM_multiplier
Version: S-2021.06-SP1
Date   : Thu Nov 16 10:49:42 2023
****************************************


  Timing Path Group 'clk'
  -----------------------------------
  Levels of Logic:               9.00
  Critical Path Length:          0.46
  Critical Path Slack:          -0.46
  Critical Path Clk Period:      0.00
  Total Negative Slack:         -6.72
  No. of Violating Paths:       15.00
  Worst Hold Violation:          0.00
  Total Hold Violation:          0.00
  No. of Hold Violations:        0.00
  -----------------------------------


  Cell Count
  -----------------------------------
  Hierarchical Cell Count:          0
  Hierarchical Port Count:          0
  Leaf Cell Count:                157
  Buf/Inv Cell Count:              34
  Buf Cell Count:                   6
  Inv Cell Count:                  28
  CT Buf/Inv Cell Count:            0
  Combinational Cell Count:       157
  Sequential Cell Count:            0
  Macro Count:                      0
  -----------------------------------


  Area
  -----------------------------------
  Combinational Area:      159.599999
  Noncombinational Area:     0.000000
  Buf/Inv Area:             19.950000
  Total Buffer Area:             5.05
  Total Inverter Area:          14.90
  Macro/Black Box Area:      0.000000
  Net Area:                  0.000000
  -----------------------------------
  Cell Area:               159.599999
  Design Area:             159.599999


  Design Rules
  -----------------------------------
  Total Number of Nets:           185
  Nets With Violations:             0
  Max Trans Violations:             0
  Max Cap Violations:               0
  -----------------------------------


  Hostname: i80r7node7

  Compile CPU Statistics
  -----------------------------------------
  Resource Sharing:                    0.08
  Logic Optimization:                  0.71
  Mapping Optimization:                3.38
  -----------------------------------------
  Overall Compile Time:                5.81
  Overall Compile Wall Clock Time:     6.08

  --------------------------------------------------------------------

  Design  WNS: 0.46  TNS: 6.72  Number of Violating Paths: 15


  Design (Hold)  WNS: 0.00  TNS: 0.00  Number of Violating Paths: 0

  --------------------------------------------------------------------


1
