****************************************
Report : timing
	-path_type full
	-delay_type max
	-max_paths 1
	-sort_by slack
Design : MBM_multiplier
Version: S-2021.06-SP1
Date   : Thu Nov 16 10:49:45 2023
****************************************


  Startpoint: operand_b[17]
               (input port clocked by clk)
  Endpoint: product[40]
               (output port clocked by clk)
  Path Group: clk
  Path Type: max

  Point                                    Incr       Path
  ---------------------------------------------------------------
  clock clk (rise edge)                   0.000      0.000
  clock network delay (ideal)             0.000      0.000
  input external delay                    0.000      0.000 f
  operand_b[17] (in)                      0.000      0.000 f
  U76/ZN (INV_X1)                         0.025      0.025 r
  U77/ZN (NAND2_X1)                       0.031      0.057 f
  U91/Z (BUF_X1)                          0.040      0.097 f
  U92/ZN (NAND2_X1)                       0.030      0.127 r
  U94/ZN (NAND2_X1)                       0.032      0.159 f
  U99/ZN (OR4_X2)                         0.122      0.281 f
  U139/Z (BUF_X2)                         0.053      0.334 f
  U58/ZN (XNOR2_X1)                       0.061      0.395 f
  U192/Z (MUX2_X1)                        0.063      0.458 f
  product[40] (out)                       0.002      0.460 f
  data arrival time                                  0.460

  clock clk (rise edge)                   0.000      0.000
  clock network delay (ideal)             0.000      0.000
  clock reconvergence pessimism           0.000      0.000
  output external delay                   0.000      0.000
  data required time                                 0.000
  ---------------------------------------------------------------
  data required time                                 0.000
  data arrival time                                 -0.460
  ---------------------------------------------------------------
  slack (VIOLATED)                                  -0.460


1
