 
****************************************
Report : area
Design : mitchell_multiplier
Version: T-2022.03-SP5
Date   : Wed Jun  5 14:53:59 2024
****************************************

Library(s) Used:

    NangateOpenCellLibrary (File: /home/balaskas/libs/nangate45/db/nangate45.db)

Number of ports:                           96
Number of nets:                          1341
Number of cells:                         1297
Number of combinational cells:           1296
Number of sequential cells:                 0
Number of macros/black boxes:               0
Number of buf/inv:                        217
Number of references:                      38

Combinational area:               1257.382000
Buf/Inv area:                      126.616000
Noncombinational area:               0.000000
Macro/Black Box area:                0.000000
Net Interconnect area:      undefined  (Wire load has zero net area)

Total cell area:                  1257.382000
Total area:                 undefined
1
