 
****************************************
Report : timing
        -path full
        -delay max
        -max_paths 1
Design : MBM_multiplier
Version: S-2021.06-SP1
Date   : Thu Nov 16 10:53:31 2023
****************************************

Operating Conditions: typical   Library: NangateOpenCellLibrary
Wire Load Model Mode: top

  Startpoint: operand_b[20]
              (input port clocked by clk)
  Endpoint: product[41]
            (output port clocked by clk)
  Path Group: clk
  Path Type: max

  Des/Clust/Port     Wire Load Model       Library
  ------------------------------------------------
  MBM_multiplier     5K_hvratio_1_1        NangateOpenCellLibrary

  Point                                    Incr       Path
  -----------------------------------------------------------
  clock clk (rise edge)                   0.000      0.000
  clock network delay (ideal)             0.000      0.000
  input external delay                    0.000      0.000 r
  operand_b[20] (in)                      0.000      0.000 r
  U56/ZN (AND2_X2)                        0.055      0.055 r
  U57/ZN (OAI21_X1)                       0.036      0.090 f
  U60/ZN (OAI21_X1)                       0.088      0.179 r
  U74/Z (MUX2_X1)                         0.084      0.263 f
  product[41] (out)                       0.002      0.264 f
  data arrival time                                  0.264

  clock clk (rise edge)                   0.000      0.000
  clock network delay (ideal)             0.000      0.000
  output external delay                   0.000      0.000
  data required time                                 0.000
  -----------------------------------------------------------
  data required time                                 0.000
  data arrival time                                 -0.264
  -----------------------------------------------------------
  slack (VIOLATED)                                  -0.264


1
