Information: Updating design information... (UID-85)
 
****************************************
Report : qor
Design : mac_unit
Version: S-2021.06-SP1
Date   : Thu Nov 16 20:19:19 2023
****************************************


  Timing Path Group 'clk'
  -----------------------------------
  Levels of Logic:              33.00
  Critical Path Length:          1.77
  Critical Path Slack:          -1.77
  Critical Path Clk Period:      0.00
  Total Negative Slack:        -57.95
  No. of Violating Paths:       35.00
  Worst Hold Violation:          0.00
  Total Hold Violation:          0.00
  No. of Hold Violations:        0.00
  -----------------------------------


  Cell Count
  -----------------------------------
  Hierarchical Cell Count:          0
  Hierarchical Port Count:          0
  Leaf Cell Count:               1293
  Buf/Inv Cell Count:             261
  Buf Cell Count:                  52
  Inv Cell Count:                 209
  CT Buf/Inv Cell Count:            0
  Combinational Cell Count:      1293
  Sequential Cell Count:            0
  Macro Count:                      0
  -----------------------------------


  Area
  -----------------------------------
  Combinational Area:     1242.485997
  Noncombinational Area:     0.000000
  Buf/Inv Area:            154.280000
  Total Buffer Area:            43.09
  Total Inverter Area:         111.19
  Macro/Black Box Area:      0.000000
  Net Area:                  0.000000
  -----------------------------------
  Cell Area:              1242.485997
  Design Area:            1242.485997


  Design Rules
  -----------------------------------
  Total Number of Nets:          1365
  Nets With Violations:             0
  Max Trans Violations:             0
  Max Cap Violations:               0
  -----------------------------------


  Hostname: i80r7node6

  Compile CPU Statistics
  -----------------------------------------
  Resource Sharing:                    0.27
  Logic Optimization:                 32.69
  Mapping Optimization:               26.31
  -----------------------------------------
  Overall Compile Time:               62.42
  Overall Compile Wall Clock Time:    62.81

  --------------------------------------------------------------------

  Design  WNS: 1.77  TNS: 57.95  Number of Violating Paths: 35


  Design (Hold)  WNS: 0.00  TNS: 0.00  Number of Violating Paths: 0

  --------------------------------------------------------------------


1
