Information: Updating design information... (UID-85)
 
****************************************
Report : qor
Design : mac_unit
Version: S-2021.06-SP1
Date   : Thu Nov 16 20:04:37 2023
****************************************


  Timing Path Group 'clk'
  -----------------------------------
  Levels of Logic:              34.00
  Critical Path Length:          1.74
  Critical Path Slack:          -1.74
  Critical Path Clk Period:      0.00
  Total Negative Slack:        -57.18
  No. of Violating Paths:       35.00
  Worst Hold Violation:          0.00
  Total Hold Violation:          0.00
  No. of Hold Violations:        0.00
  -----------------------------------


  Cell Count
  -----------------------------------
  Hierarchical Cell Count:          0
  Hierarchical Port Count:          0
  Leaf Cell Count:               1381
  Buf/Inv Cell Count:             294
  Buf Cell Count:                  69
  Inv Cell Count:                 225
  CT Buf/Inv Cell Count:            0
  Combinational Cell Count:      1381
  Sequential Cell Count:            0
  Macro Count:                      0
  -----------------------------------


  Area
  -----------------------------------
  Combinational Area:     1344.097997
  Noncombinational Area:     0.000000
  Buf/Inv Area:            180.082000
  Total Buffer Area:            59.58
  Total Inverter Area:         120.50
  Macro/Black Box Area:      0.000000
  Net Area:                  0.000000
  -----------------------------------
  Cell Area:              1344.097997
  Design Area:            1344.097997


  Design Rules
  -----------------------------------
  Total Number of Nets:          1465
  Nets With Violations:             0
  Max Trans Violations:             0
  Max Cap Violations:               0
  -----------------------------------


  Hostname: i80r7node6

  Compile CPU Statistics
  -----------------------------------------
  Resource Sharing:                    0.26
  Logic Optimization:                 24.83
  Mapping Optimization:               26.77
  -----------------------------------------
  Overall Compile Time:               55.15
  Overall Compile Wall Clock Time:    55.51

  --------------------------------------------------------------------

  Design  WNS: 1.74  TNS: 57.18  Number of Violating Paths: 35


  Design (Hold)  WNS: 0.00  TNS: 0.00  Number of Violating Paths: 0

  --------------------------------------------------------------------


1
