****************************************
Report : timing
	-path_type full
	-delay_type max
	-max_paths 1
	-sort_by slack
Design : mac_unit
Version: S-2021.06-SP1
Date   : Thu Nov 16 20:04:41 2023
****************************************


  Startpoint: in_b[21] (input port clocked by clk)
  Endpoint: mac_out[20]
               (output port clocked by clk)
  Path Group: clk
  Path Type: max

  Point                                    Incr       Path
  ---------------------------------------------------------------
  clock clk (rise edge)                   0.000      0.000
  clock network delay (ideal)             0.000      0.000
  input external delay                    0.000      0.000 f
  in_b[21] (in)                           0.000      0.000 f
  U454/ZN (OR2_X2)                        0.061      0.061 f
  U777/ZN (NAND2_X1)                      0.049      0.110 r
  U654/ZN (NOR2_X1)                       0.034      0.144 f
  U703/ZN (AND2_X1)                       0.043      0.187 f
  U819/ZN (NAND2_X1)                      0.034      0.221 r
  U651/ZN (AND4_X1)                       0.125      0.347 r
  U1030/ZN (NOR2_X1)                      0.034      0.380 f
  U1032/ZN (OR4_X2)                       0.110      0.490 f
  U1033/ZN (OAI21_X1)                     0.039      0.529 r
  U1034/ZN (OR2_X1)                       0.036      0.566 r
  U1052/ZN (OAI211_X1)                    0.031      0.596 f
  U675/ZN (AND2_X1)                       0.041      0.637 f
  U674/ZN (OAI211_X1)                     0.044      0.681 r
  U1141/ZN (AND4_X1)                      0.063      0.745 r
  U705/ZN (OAI21_X1)                      0.040      0.785 f
  U1143/ZN (NOR2_X1)                      0.059      0.844 r
  U1185/Z (BUF_X2)                        0.071      0.915 r
  U1244/ZN (NAND2_X1)                     0.039      0.954 f
  U444/ZN (AND4_X2)                       0.050      1.004 f
  U1415/ZN (OAI22_X1)                     0.060      1.064 r
  U622/ZN (OR2_X1)                        0.047      1.111 r
  U1434/ZN (NAND2_X1)                     0.031      1.142 f
  U1435/ZN (OAI21_X1)                     0.037      1.179 r
  U594/ZN (OR2_X1)                        0.051      1.230 r
  U1437/ZN (NAND2_X1)                     0.044      1.273 f
  U673/ZN (NOR2_X1)                       0.052      1.325 r
  U1462/ZN (NAND2_X1)                     0.044      1.369 f
  U1484/ZN (NOR2_X1)                      0.045      1.415 r
  U1502/ZN (AOI21_X1)                     0.041      1.456 f
  U592/Z (BUF_X2)                         0.051      1.507 f
  U1747/ZN (OAI21_X1)                     0.051      1.557 r
  U1750/ZN (XNOR2_X1)                     0.067      1.624 r
  U1751/ZN (INV_X1)                       0.025      1.649 f
  U1752/ZN (OR2_X1)                       0.052      1.701 f
  U1753/ZN (NAND2_X1)                     0.026      1.727 r
  mac_out[20] (out)                       0.002      1.729 r
  data arrival time                                  1.729

  clock clk (rise edge)                   0.000      0.000
  clock network delay (ideal)             0.000      0.000
  clock reconvergence pessimism           0.000      0.000
  output external delay                   0.000      0.000
  data required time                                 0.000
  ---------------------------------------------------------------
  data required time                                 0.000
  data arrival time                                 -1.729
  ---------------------------------------------------------------
  slack (VIOLATED)                                  -1.729


1
