 
****************************************
Report : timing
        -path full
        -delay max
        -max_paths 1
Design : fp_multiplier
Version: S-2021.06-SP1
Date   : Thu Nov 16 11:30:44 2023
****************************************

Operating Conditions: typical   Library: NangateOpenCellLibrary
Wire Load Model Mode: top

  Startpoint: b_operand[16]
              (input port clocked by clk)
  Endpoint: result[20] (output port clocked by clk)
  Path Group: clk
  Path Type: max

  Des/Clust/Port     Wire Load Model       Library
  ------------------------------------------------
  fp_multiplier      5K_hvratio_1_1        NangateOpenCellLibrary

  Point                                    Incr       Path
  -----------------------------------------------------------
  clock clk (rise edge)                   0.000      0.000
  clock network delay (ideal)             0.000      0.000
  input external delay                    0.000      0.000 f
  b_operand[16] (in)                      0.000      0.000 f
  U169/ZN (OR2_X1)                        0.059      0.059 f
  U236/ZN (OAI21_X1)                      0.039      0.098 r
  U237/ZN (NOR2_X1)                       0.029      0.127 f
  U238/ZN (NOR2_X1)                       0.038      0.164 r
  U239/ZN (OAI211_X1)                     0.054      0.218 f
  U259/Z (BUF_X1)                         0.049      0.267 f
  U332/ZN (AOI21_X1)                      0.047      0.314 r
  U333/ZN (XNOR2_X1)                      0.067      0.381 r
  U334/ZN (OR2_X1)                        0.040      0.421 r
  U335/ZN (OAI21_X1)                      0.029      0.450 f
  result[20] (out)                        0.002      0.452 f
  data arrival time                                  0.452

  clock clk (rise edge)                   0.000      0.000
  clock network delay (ideal)             0.000      0.000
  output external delay                   0.000      0.000
  data required time                                 0.000
  -----------------------------------------------------------
  data required time                                 0.000
  data arrival time                                 -0.452
  -----------------------------------------------------------
  slack (VIOLATED)                                  -0.452


1
