****************************************
Report : timing
	-path_type full
	-delay_type max
	-max_paths 1
	-sort_by slack
Design : fp_multiplier
Version: S-2021.06-SP1
Date   : Thu Nov 16 11:41:11 2023
****************************************


  Startpoint: a_operand[7]
               (input port clocked by clk)
  Endpoint: result[9] (output port clocked by clk)
  Path Group: clk
  Path Type: max

  Point                                    Incr       Path
  ---------------------------------------------------------------
  clock clk (rise edge)                   0.000      0.000
  clock network delay (ideal)             0.000      0.000
  input external delay                    0.000      0.000 f
  a_operand[7] (in)                       0.000      0.000 f
  U56/ZN (OR2_X1)                         0.056      0.056 f
  U58/ZN (OAI21_X1)                       0.042      0.098 r
  U95/ZN (OAI211_X1)                      0.042      0.140 f
  U109/ZN (NAND3_X1)                      0.042      0.182 r
  U112/ZN (NAND4_X1)                      0.045      0.226 f
  U118/ZN (XNOR2_X1)                      0.059      0.285 r
  U50/ZN (AND2_X1)                        0.068      0.354 r
  U135/ZN (NAND2_X1)                      0.037      0.391 f
  U136/ZN (NAND2_X1)                      0.025      0.416 r
  result[9] (out)                         0.002      0.417 r
  data arrival time                                  0.417

  clock clk (rise edge)                   0.000      0.000
  clock network delay (ideal)             0.000      0.000
  clock reconvergence pessimism           0.000      0.000
  output external delay                   0.000      0.000
  data required time                                 0.000
  ---------------------------------------------------------------
  data required time                                 0.000
  data arrival time                                 -0.417
  ---------------------------------------------------------------
  slack (VIOLATED)                                  -0.417


1
