****************************************
Report : Averaged Power
Design : mitchell_multiplier
Version: T-2022.03-SP5
Date   : Wed Jun  5 15:12:31 2024
****************************************



  Attributes
  ----------
      i  -  Including register clock pin internal power
      u  -  User defined power group

                        Internal  Switching  Leakage    Total
Power Group             Power     Power      Power      Power   (     %)  Attrs
--------------------------------------------------------------------------------
clock_network              0.0000    0.0000    0.0000    0.0000 ( 0.00%)  i
register                   0.0000    0.0000    0.0000    0.0000 ( 0.00%)  
combinational           5.406e-04 6.336e-04 1.856e-05 1.193e-03 (100.00%) 
sequential                 0.0000    0.0000    0.0000    0.0000 ( 0.00%)  
memory                     0.0000    0.0000    0.0000    0.0000 ( 0.00%)  
io_pad                     0.0000    0.0000    0.0000    0.0000 ( 0.00%)  
black_box                  0.0000    0.0000    0.0000    0.0000 ( 0.00%)  

  Net Switching Power  = 6.336e-04   (53.12%)
  Cell Internal Power  = 5.406e-04   (45.33%)
  Cell Leakage Power   = 1.856e-05   ( 1.56%)
                         ---------
Total Power            = 1.193e-03  (100.00%)

1
