Information: Updating design information... (UID-85)
 
****************************************
Report : qor
Design : mitchell_multiplier
Version: T-2022.03-SP5
Date   : Wed Jun  5 15:11:28 2024
****************************************


  Timing Path Group 'clk'
  -----------------------------------
  Levels of Logic:              21.00
  Critical Path Length:          1.00
  Critical Path Slack:          -1.00
  Critical Path Clk Period:      0.00
  Total Negative Slack:        -36.29
  No. of Violating Paths:       39.00
  Worst Hold Violation:          0.00
  Total Hold Violation:          0.00
  No. of Hold Violations:        0.00
  -----------------------------------


  Cell Count
  -----------------------------------
  Hierarchical Cell Count:          0
  Hierarchical Port Count:          0
  Leaf Cell Count:                774
  Buf/Inv Cell Count:             131
  Buf Cell Count:                  18
  Inv Cell Count:                 113
  CT Buf/Inv Cell Count:            0
  Combinational Cell Count:       774
  Sequential Cell Count:            0
  Macro Count:                      0
  -----------------------------------


  Area
  -----------------------------------
  Combinational Area:      759.164002
  Noncombinational Area:     0.000000
  Buf/Inv Area:             75.810000
  Total Buffer Area:            14.90
  Total Inverter Area:          60.91
  Macro/Black Box Area:      0.000000
  Net Area:                  0.000000
  -----------------------------------
  Cell Area:               759.164002
  Design Area:             759.164002


  Design Rules
  -----------------------------------
  Total Number of Nets:           807
  Nets With Violations:             0
  Max Trans Violations:             0
  Max Cap Violations:               0
  -----------------------------------


  Hostname: kamino.ceid.upatras.gr

  Compile CPU Statistics
  -----------------------------------------
  Resource Sharing:                    0.34
  Logic Optimization:                 12.29
  Mapping Optimization:               18.58
  -----------------------------------------
  Overall Compile Time:               34.26
  Overall Compile Wall Clock Time:    35.37

  --------------------------------------------------------------------

  Design  WNS: 1.00  TNS: 36.29  Number of Violating Paths: 39


  Design (Hold)  WNS: 0.00  TNS: 0.00  Number of Violating Paths: 0

  --------------------------------------------------------------------


1
